{"/home/runner/work/fundraising-event/fundraising-event/apps/web/src/core/components/AppHeader.tsx": {"path":"/home/runner/work/fundraising-event/fundraising-event/apps/web/src/core/components/AppHeader.tsx","statementMap":{"0":{"start":{"line":16,"column":25},"end":{"line":148,"column":null}},"1":{"start":{"line":22,"column":19},"end":{"line":22,"column":null}},"2":{"start":{"line":23,"column":14},"end":{"line":23,"column":null}},"3":{"start":{"line":24,"column":10},"end":{"line":24,"column":null}},"4":{"start":{"line":25,"column":10},"end":{"line":25,"column":null}},"5":{"start":{"line":26,"column":17},"end":{"line":26,"column":null}},"6":{"start":{"line":28,"column":25},"end":{"line":40,"column":null}},"7":{"start":{"line":29,"column":24},"end":{"line":29,"column":null}},"8":{"start":{"line":30,"column":8},"end":{"line":30,"column":null}},"9":{"start":{"line":31,"column":8},"end":{"line":31,"column":null}},"10":{"start":{"line":32,"column":8},"end":{"line":32,"column":null}},"11":{"start":{"line":33,"column":8},"end":{"line":33,"column":null}},"12":{"start":{"line":35,"column":8},"end":{"line":39,"column":null}},"13":{"start":{"line":36,"column":12},"end":{"line":36,"column":null}},"14":{"start":{"line":38,"column":12},"end":{"line":38,"column":null}},"15":{"start":{"line":42,"column":20},"end":{"line":53,"column":null}},"16":{"start":{"line":44,"column":12},"end":{"line":44,"column":null}},"17":{"start":{"line":45,"column":8},"end":{"line":51,"column":null}},"18":{"start":{"line":46,"column":12},"end":{"line":50,"column":null}},"19":{"start":{"line":47,"column":16},"end":{"line":47,"column":null}},"20":{"start":{"line":49,"column":16},"end":{"line":49,"column":null}},"21":{"start":{"line":52,"column":8},"end":{"line":52,"column":null}},"22":{"start":{"line":55,"column":17},"end":{"line":55,"column":null}},"23":{"start":{"line":56,"column":23},"end":{"line":57,"column":null}},"24":{"start":{"line":61,"column":8},"end":{"line":78,"column":null}},"25":{"start":{"line":81,"column":4},"end":{"line":146,"column":null}}},"fnMap":{"0":{"name":"(anonymous_0)","decl":{"start":{"line":16,"column":25},"end":{"line":16,"column":26}},"loc":{"start":{"line":21,"column":22},"end":{"line":148,"column":null}},"line":21},"1":{"name":"(anonymous_1)","decl":{"start":{"line":28,"column":25},"end":{"line":28,"column":31}},"loc":{"start":{"line":28,"column":31},"end":{"line":40,"column":null}},"line":28},"2":{"name":"(anonymous_2)","decl":{"start":{"line":42,"column":20},"end":{"line":42,"column":26}},"loc":{"start":{"line":42,"column":26},"end":{"line":53,"column":null}},"line":42}},"branchMap":{"0":{"loc":{"start":{"line":18,"column":4},"end":{"line":18,"column":null}},"type":"default-arg","locations":[{"start":{"line":18,"column":23},"end":{"line":18,"column":null}}],"line":18},"1":{"loc":{"start":{"line":19,"column":4},"end":{"line":19,"column":null}},"type":"default-arg","locations":[{"start":{"line":19,"column":15},"end":{"line":19,"column":null}}],"line":19},"2":{"loc":{"start":{"line":35,"column":8},"end":{"line":39,"column":null}},"type":"if","locations":[{"start":{"line":35,"column":8},"end":{"line":39,"column":null}},{"start":{"line":37,"column":15},"end":{"line":39,"column":null}}],"line":35},"3":{"loc":{"start":{"line":36,"column":21},"end":{"line":36,"column":44}},"type":"cond-expr","locations":[{"start":{"line":36,"column":28},"end":{"line":36,"column":41}},{"start":{"line":36,"column":41},"end":{"line":36,"column":44}}],"line":36},"4":{"loc":{"start":{"line":44,"column":12},"end":{"line":44,"column":null}},"type":"binary-expr","locations":[{"start":{"line":44,"column":12},"end":{"line":44,"column":55}},{"start":{"line":44,"column":55},"end":{"line":44,"column":null}}],"line":44},"5":{"loc":{"start":{"line":45,"column":8},"end":{"line":51,"column":null}},"type":"if","locations":[{"start":{"line":45,"column":8},"end":{"line":51,"column":null}},{"start":{},"end":{}}],"line":45},"6":{"loc":{"start":{"line":57,"column":8},"end":{"line":57,"column":null}},"type":"binary-expr","locations":[{"start":{"line":57,"column":8},"end":{"line":57,"column":52}},{"start":{"line":57,"column":52},"end":{"line":57,"column":null}}],"line":57},"7":{"loc":{"start":{"line":62,"column":13},"end":{"line":67,"column":null}},"type":"binary-expr","locations":[{"start":{"line":62,"column":13},"end":{"line":62,"column":null}},{"start":{"line":63,"column":16},"end":{"line":67,"column":null}}],"line":62},"8":{"loc":{"start":{"line":74,"column":21},"end":{"line":74,"column":null}},"type":"binary-expr","locations":[{"start":{"line":74,"column":21},"end":{"line":74,"column":46}},{"start":{"line":74,"column":46},"end":{"line":74,"column":null}}],"line":74},"9":{"loc":{"start":{"line":75,"column":21},"end":{"line":75,"column":null}},"type":"binary-expr","locations":[{"start":{"line":75,"column":21},"end":{"line":75,"column":30}},{"start":{"line":75,"column":30},"end":{"line":75,"column":null}}],"line":75},"10":{"loc":{"start":{"line":90,"column":13},"end":{"line":99,"column":null}},"type":"cond-expr","locations":[{"start":{"line":91,"column":16},"end":{"line":97,"column":null}},{"start":{"line":99,"column":16},"end":{"line":99,"column":null}}],"line":90},"11":{"loc":{"start":{"line":105,"column":17},"end":{"line":117,"column":null}},"type":"binary-expr","locations":[{"start":{"line":105,"column":17},"end":{"line":105,"column":null}},{"start":{"line":106,"column":20},"end":{"line":117,"column":null}}],"line":105},"12":{"loc":{"start":{"line":109,"column":32},"end":{"line":111,"column":null}},"type":"cond-expr","locations":[{"start":{"line":110,"column":38},"end":{"line":110,"column":null}},{"start":{"line":111,"column":38},"end":{"line":111,"column":null}}],"line":109},"13":{"loc":{"start":{"line":115,"column":29},"end":{"line":115,"column":null}},"type":"cond-expr","locations":[{"start":{"line":115,"column":40},"end":{"line":115,"column":65}},{"start":{"line":115,"column":65},"end":{"line":115,"column":null}}],"line":115},"14":{"loc":{"start":{"line":122,"column":17},"end":{"line":143,"column":null}},"type":"binary-expr","locations":[{"start":{"line":122,"column":17},"end":{"line":122,"column":34}},{"start":{"line":122,"column":34},"end":{"line":122,"column":null}},{"start":{"line":123,"column":20},"end":{"line":143,"column":null}}],"line":122},"15":{"loc":{"start":{"line":124,"column":25},"end":{"line":130,"column":null}},"type":"binary-expr","locations":[{"start":{"line":124,"column":25},"end":{"line":124,"column":null}},{"start":{"line":125,"column":28},"end":{"line":130,"column":null}}],"line":124},"16":{"loc":{"start":{"line":129,"column":33},"end":{"line":129,"column":null}},"type":"binary-expr","locations":[{"start":{"line":129,"column":33},"end":{"line":129,"column":46}},{"start":{"line":129,"column":46},"end":{"line":129,"column":null}}],"line":129}},"s":{"0":1,"1":9,"2":9,"3":9,"4":9,"5":9,"6":9,"7":2,"8":2,"9":2,"10":2,"11":2,"12":2,"13":1,"14":1,"15":9,"16":9,"17":9,"18":1,"19":1,"20":0,"21":8,"22":9,"23":9,"24":9,"25":9},"f":{"0":9,"1":2,"2":9},"b":{"0":[9],"1":[9],"2":[1,1],"3":[1,0],"4":[9,8],"5":[1,8],"6":[9,7],"7":[9,9],"8":[9,1],"9":[9,1],"10":[1,8],"11":[9,2],"12":[1,1],"13":[1,1],"14":[9,8,3],"15":[3,1],"16":[1,0]},"meta":{"lastBranch":17,"lastFunction":3,"lastStatement":26,"seen":{"s:16:25:148:Infinity":0,"f:16:25:16:26":0,"b:18:23:18:Infinity":0,"b:19:15:19:Infinity":1,"s:22:19:22:Infinity":1,"s:23:14:23:Infinity":2,"s:24:10:24:Infinity":3,"s:25:10:25:Infinity":4,"s:26:17:26:Infinity":5,"s:28:25:40:Infinity":6,"f:28:25:28:31":1,"s:29:24:29:Infinity":7,"s:30:8:30:Infinity":8,"s:31:8:31:Infinity":9,"s:32:8:32:Infinity":10,"s:33:8:33:Infinity":11,"b:35:8:39:Infinity:37:15:39:Infinity":2,"s:35:8:39:Infinity":12,"s:36:12:36:Infinity":13,"b:36:28:36:41:36:41:36:44":3,"s:38:12:38:Infinity":14,"s:42:20:53:Infinity":15,"f:42:20:42:26":2,"s:44:12:44:Infinity":16,"b:44:12:44:55:44:55:44:Infinity":4,"b:45:8:51:Infinity:undefined:undefined:undefined:undefined":5,"s:45:8:51:Infinity":17,"s:46:12:50:Infinity":18,"s:47:16:47:Infinity":19,"s:49:16:49:Infinity":20,"s:52:8:52:Infinity":21,"s:55:17:55:Infinity":22,"s:56:23:57:Infinity":23,"b:57:8:57:52:57:52:57:Infinity":6,"s:61:8:78:Infinity":24,"b:62:13:62:Infinity:63:16:67:Infinity":7,"b:74:21:74:46:74:46:74:Infinity":8,"b:75:21:75:30:75:30:75:Infinity":9,"s:81:4:146:Infinity":25,"b:91:16:97:Infinity:99:16:99:Infinity":10,"b:105:17:105:Infinity:106:20:117:Infinity":11,"b:110:38:110:Infinity:111:38:111:Infinity":12,"b:115:40:115:65:115:65:115:Infinity":13,"b:122:17:122:34:122:34:122:Infinity:123:20:143:Infinity":14,"b:124:25:124:Infinity:125:28:130:Infinity":15,"b:129:33:129:46:129:46:129:Infinity":16}}}
,"/home/runner/work/fundraising-event/fundraising-event/apps/web/src/core/components/ConfirmationDialog.tsx": {"path":"/home/runner/work/fundraising-event/fundraising-event/apps/web/src/core/components/ConfirmationDialog.tsx","statementMap":{"0":{"start":{"line":24,"column":34},"end":{"line":64,"column":null}},"1":{"start":{"line":34,"column":14},"end":{"line":34,"column":null}},"2":{"start":{"line":36,"column":4},"end":{"line":62,"column":null}},"3":{"start":{"line":47,"column":61},"end":{"line":47,"column":null}},"4":{"start":{"line":53,"column":28},"end":{"line":53,"column":null}},"5":{"start":{"line":54,"column":28},"end":{"line":54,"column":null}},"6":{"start":{"line":55,"column":28},"end":{"line":55,"column":null}}},"fnMap":{"0":{"name":"(anonymous_0)","decl":{"start":{"line":24,"column":34},"end":{"line":24,"column":35}},"loc":{"start":{"line":33,"column":31},"end":{"line":64,"column":null}},"line":33},"1":{"name":"(anonymous_1)","decl":{"start":{"line":47,"column":55},"end":{"line":47,"column":61}},"loc":{"start":{"line":47,"column":61},"end":{"line":47,"column":null}},"line":47},"2":{"name":"(anonymous_2)","decl":{"start":{"line":52,"column":33},"end":{"line":52,"column":34}},"loc":{"start":{"line":52,"column":77},"end":{"line":56,"column":null}},"line":52}},"branchMap":{"0":{"loc":{"start":{"line":32,"column":4},"end":{"line":32,"column":null}},"type":"default-arg","locations":[{"start":{"line":32,"column":14},"end":{"line":32,"column":null}}],"line":32},"1":{"loc":{"start":{"line":40,"column":34},"end":{"line":40,"column":84}},"type":"binary-expr","locations":[{"start":{"line":40,"column":34},"end":{"line":40,"column":43}},{"start":{"line":40,"column":43},"end":{"line":40,"column":84}}],"line":40},"2":{"loc":{"start":{"line":42,"column":25},"end":{"line":43,"column":null}},"type":"binary-expr","locations":[{"start":{"line":42,"column":25},"end":{"line":42,"column":null}},{"start":{"line":43,"column":28},"end":{"line":43,"column":null}}],"line":42},"3":{"loc":{"start":{"line":48,"column":25},"end":{"line":48,"column":null}},"type":"binary-expr","locations":[{"start":{"line":48,"column":25},"end":{"line":48,"column":39}},{"start":{"line":48,"column":39},"end":{"line":48,"column":null}}],"line":48},"4":{"loc":{"start":{"line":58,"column":25},"end":{"line":58,"column":null}},"type":"binary-expr","locations":[{"start":{"line":58,"column":25},"end":{"line":58,"column":40}},{"start":{"line":58,"column":40},"end":{"line":58,"column":null}}],"line":58}},"s":{"0":2,"1":26,"2":26,"3":1,"4":2,"5":2,"6":2},"f":{"0":26,"1":1,"2":2},"b":{"0":[26],"1":[26,3],"2":[26,3],"3":[26,26],"4":[26,4]},"meta":{"lastBranch":5,"lastFunction":3,"lastStatement":7,"seen":{"s:24:34:64:Infinity":0,"f:24:34:24:35":0,"b:32:14:32:Infinity":0,"s:34:14:34:Infinity":1,"s:36:4:62:Infinity":2,"b:40:34:40:43:40:43:40:84":1,"b:42:25:42:Infinity:43:28:43:Infinity":2,"f:47:55:47:61":1,"s:47:61:47:Infinity":3,"b:48:25:48:39:48:39:48:Infinity":3,"f:52:33:52:34":2,"s:53:28:53:Infinity":4,"s:54:28:54:Infinity":5,"s:55:28:55:Infinity":6,"b:58:25:58:40:58:40:58:Infinity":4}}}
,"/home/runner/work/fundraising-event/fundraising-event/apps/web/src/core/components/LanguageSwitcher.tsx": {"path":"/home/runner/work/fundraising-event/fundraising-event/apps/web/src/core/components/LanguageSwitcher.tsx","statementMap":{"0":{"start":{"line":5,"column":32},"end":{"line":28,"column":null}},"1":{"start":{"line":6,"column":17},"end":{"line":6,"column":null}},"2":{"start":{"line":8,"column":4},"end":{"line":26,"column":null}},"3":{"start":{"line":16,"column":33},"end":{"line":16,"column":null}},"4":{"start":{"line":21,"column":20},"end":{"line":23,"column":null}}},"fnMap":{"0":{"name":"(anonymous_0)","decl":{"start":{"line":5,"column":32},"end":{"line":5,"column":38}},"loc":{"start":{"line":5,"column":38},"end":{"line":28,"column":null}},"line":5},"1":{"name":"(anonymous_1)","decl":{"start":{"line":16,"column":26},"end":{"line":16,"column":27}},"loc":{"start":{"line":16,"column":33},"end":{"line":16,"column":null}},"line":16},"2":{"name":"(anonymous_2)","decl":{"start":{"line":20,"column":51},"end":{"line":20,"column":52}},"loc":{"start":{"line":21,"column":20},"end":{"line":23,"column":null}},"line":21}},"branchMap":{},"s":{"0":3,"1":14,"2":14,"3":1,"4":56},"f":{"0":14,"1":1,"2":56},"b":{},"meta":{"lastBranch":0,"lastFunction":3,"lastStatement":5,"seen":{"s:5:32:28:Infinity":0,"f:5:32:5:38":0,"s:6:17:6:Infinity":1,"s:8:4:26:Infinity":2,"f:16:26:16:27":1,"s:16:33:16:Infinity":3,"f:20:51:20:52":2,"s:21:20:23:Infinity":4}}}
,"/home/runner/work/fundraising-event/fundraising-event/apps/web/src/core/components/ui/button.tsx": {"path":"/home/runner/work/fundraising-event/fundraising-event/apps/web/src/core/components/ui/button.tsx","statementMap":{"0":{"start":{"line":6,"column":6},"end":{"line":31,"column":null}},"1":{"start":{"line":38,"column":15},"end":{"line":49,"column":null}},"2":{"start":{"line":40,"column":21},"end":{"line":40,"column":null}},"3":{"start":{"line":41,"column":8},"end":{"line":46,"column":null}},"4":{"start":{"line":50,"column":0},"end":{"line":50,"column":null}}},"fnMap":{"0":{"name":"(anonymous_0)","decl":{"start":{"line":39,"column":4},"end":{"line":39,"column":5}},"loc":{"start":{"line":39,"column":70},"end":{"line":48,"column":null}},"line":39}},"branchMap":{"0":{"loc":{"start":{"line":39,"column":33},"end":{"line":39,"column":50}},"type":"default-arg","locations":[{"start":{"line":39,"column":43},"end":{"line":39,"column":50}}],"line":39},"1":{"loc":{"start":{"line":40,"column":21},"end":{"line":40,"column":null}},"type":"cond-expr","locations":[{"start":{"line":40,"column":31},"end":{"line":40,"column":38}},{"start":{"line":40,"column":38},"end":{"line":40,"column":null}}],"line":40}},"s":{"0":24,"1":24,"2":492,"3":492,"4":24},"f":{"0":492},"b":{"0":[492],"1":[9,483]},"meta":{"lastBranch":2,"lastFunction":1,"lastStatement":5,"seen":{"s:6:6:31:Infinity":0,"s:38:15:49:Infinity":1,"f:39:4:39:5":0,"b:39:43:39:50":0,"s:40:21:40:Infinity":2,"b:40:31:40:38:40:38:40:Infinity":1,"s:41:8:46:Infinity":3,"s:50:0:50:Infinity":4}}}
,"/home/runner/work/fundraising-event/fundraising-event/apps/web/src/core/components/ui/card.tsx": {"path":"/home/runner/work/fundraising-event/fundraising-event/apps/web/src/core/components/ui/card.tsx","statementMap":{"0":{"start":{"line":4,"column":13},"end":{"line":12,"column":null}},"1":{"start":{"line":6,"column":8},"end":{"line":10,"column":null}},"2":{"start":{"line":13,"column":0},"end":{"line":13,"column":null}},"3":{"start":{"line":15,"column":19},"end":{"line":19,"column":null}},"4":{"start":{"line":17,"column":8},"end":{"line":17,"column":null}},"5":{"start":{"line":20,"column":0},"end":{"line":20,"column":null}},"6":{"start":{"line":22,"column":18},"end":{"line":30,"column":null}},"7":{"start":{"line":24,"column":8},"end":{"line":28,"column":null}},"8":{"start":{"line":31,"column":0},"end":{"line":31,"column":null}},"9":{"start":{"line":33,"column":24},"end":{"line":38,"column":null}},"10":{"start":{"line":37,"column":4},"end":{"line":37,"column":null}},"11":{"start":{"line":39,"column":0},"end":{"line":39,"column":null}},"12":{"start":{"line":41,"column":20},"end":{"line":45,"column":null}},"13":{"start":{"line":43,"column":8},"end":{"line":43,"column":null}},"14":{"start":{"line":46,"column":0},"end":{"line":46,"column":null}},"15":{"start":{"line":48,"column":19},"end":{"line":52,"column":null}},"16":{"start":{"line":50,"column":8},"end":{"line":50,"column":null}},"17":{"start":{"line":53,"column":0},"end":{"line":53,"column":null}}},"fnMap":{"0":{"name":"(anonymous_0)","decl":{"start":{"line":5,"column":4},"end":{"line":5,"column":5}},"loc":{"start":{"line":6,"column":8},"end":{"line":10,"column":null}},"line":6},"1":{"name":"(anonymous_1)","decl":{"start":{"line":16,"column":4},"end":{"line":16,"column":5}},"loc":{"start":{"line":17,"column":8},"end":{"line":17,"column":null}},"line":17},"2":{"name":"(anonymous_2)","decl":{"start":{"line":23,"column":4},"end":{"line":23,"column":5}},"loc":{"start":{"line":24,"column":8},"end":{"line":28,"column":null}},"line":24},"3":{"name":"(anonymous_3)","decl":{"start":{"line":36,"column":2},"end":{"line":36,"column":3}},"loc":{"start":{"line":37,"column":4},"end":{"line":37,"column":null}},"line":37},"4":{"name":"(anonymous_4)","decl":{"start":{"line":42,"column":4},"end":{"line":42,"column":5}},"loc":{"start":{"line":43,"column":8},"end":{"line":43,"column":null}},"line":43},"5":{"name":"(anonymous_5)","decl":{"start":{"line":49,"column":4},"end":{"line":49,"column":5}},"loc":{"start":{"line":50,"column":8},"end":{"line":50,"column":null}},"line":50}},"branchMap":{},"s":{"0":25,"1":260,"2":25,"3":25,"4":242,"5":25,"6":25,"7":242,"8":25,"9":25,"10":147,"11":25,"12":25,"13":268,"14":25,"15":25,"16":38,"17":25},"f":{"0":260,"1":242,"2":242,"3":147,"4":268,"5":38},"b":{},"meta":{"lastBranch":0,"lastFunction":6,"lastStatement":18,"seen":{"s:4:13:12:Infinity":0,"f:5:4:5:5":0,"s:6:8:10:Infinity":1,"s:13:0:13:Infinity":2,"s:15:19:19:Infinity":3,"f:16:4:16:5":1,"s:17:8:17:Infinity":4,"s:20:0:20:Infinity":5,"s:22:18:30:Infinity":6,"f:23:4:23:5":2,"s:24:8:28:Infinity":7,"s:31:0:31:Infinity":8,"s:33:24:38:Infinity":9,"f:36:2:36:3":3,"s:37:4:37:Infinity":10,"s:39:0:39:Infinity":11,"s:41:20:45:Infinity":12,"f:42:4:42:5":4,"s:43:8:43:Infinity":13,"s:46:0:46:Infinity":14,"s:48:19:52:Infinity":15,"f:49:4:49:5":5,"s:50:8:50:Infinity":16,"s:53:0:53:Infinity":17}}}
,"/home/runner/work/fundraising-event/fundraising-event/apps/web/src/core/components/ui/checkbox.tsx": {"path":"/home/runner/work/fundraising-event/fundraising-event/apps/web/src/core/components/ui/checkbox.tsx","statementMap":{"0":{"start":{"line":7,"column":17},"end":{"line":25,"column":null}},"1":{"start":{"line":11,"column":4},"end":{"line":24,"column":null}},"2":{"start":{"line":26,"column":0},"end":{"line":26,"column":null}}},"fnMap":{"0":{"name":"(anonymous_0)","decl":{"start":{"line":10,"column":2},"end":{"line":10,"column":3}},"loc":{"start":{"line":11,"column":4},"end":{"line":24,"column":null}},"line":11}},"branchMap":{},"s":{"0":4,"1":93,"2":4},"f":{"0":93},"b":{},"meta":{"lastBranch":0,"lastFunction":1,"lastStatement":3,"seen":{"s:7:17:25:Infinity":0,"f:10:2:10:3":0,"s:11:4:24:Infinity":1,"s:26:0:26:Infinity":2}}}
,"/home/runner/work/fundraising-event/fundraising-event/apps/web/src/core/components/ui/dialog.tsx": {"path":"/home/runner/work/fundraising-event/fundraising-event/apps/web/src/core/components/ui/dialog.tsx","statementMap":{"0":{"start":{"line":6,"column":15},"end":{"line":6,"column":null}},"1":{"start":{"line":7,"column":22},"end":{"line":7,"column":null}},"2":{"start":{"line":8,"column":21},"end":{"line":8,"column":null}},"3":{"start":{"line":9,"column":20},"end":{"line":9,"column":null}},"4":{"start":{"line":11,"column":22},"end":{"line":23,"column":null}},"5":{"start":{"line":15,"column":4},"end":{"line":22,"column":null}},"6":{"start":{"line":24,"column":0},"end":{"line":24,"column":null}},"7":{"start":{"line":26,"column":22},"end":{"line":47,"column":null}},"8":{"start":{"line":30,"column":4},"end":{"line":46,"column":null}},"9":{"start":{"line":48,"column":0},"end":{"line":48,"column":null}},"10":{"start":{"line":50,"column":21},"end":{"line":54,"column":null}},"11":{"start":{"line":51,"column":4},"end":{"line":54,"column":null}},"12":{"start":{"line":56,"column":0},"end":{"line":56,"column":null}},"13":{"start":{"line":58,"column":21},"end":{"line":62,"column":null}},"14":{"start":{"line":59,"column":4},"end":{"line":62,"column":null}},"15":{"start":{"line":64,"column":0},"end":{"line":64,"column":null}},"16":{"start":{"line":66,"column":20},"end":{"line":75,"column":null}},"17":{"start":{"line":70,"column":4},"end":{"line":74,"column":null}},"18":{"start":{"line":76,"column":0},"end":{"line":76,"column":null}},"19":{"start":{"line":78,"column":26},"end":{"line":87,"column":null}},"20":{"start":{"line":82,"column":4},"end":{"line":86,"column":null}},"21":{"start":{"line":88,"column":0},"end":{"line":88,"column":null}}},"fnMap":{"0":{"name":"(anonymous_0)","decl":{"start":{"line":14,"column":2},"end":{"line":14,"column":3}},"loc":{"start":{"line":15,"column":4},"end":{"line":22,"column":null}},"line":15},"1":{"name":"(anonymous_1)","decl":{"start":{"line":29,"column":2},"end":{"line":29,"column":3}},"loc":{"start":{"line":30,"column":4},"end":{"line":46,"column":null}},"line":30},"2":{"name":"(anonymous_2)","decl":{"start":{"line":50,"column":21},"end":{"line":50,"column":22}},"loc":{"start":{"line":51,"column":4},"end":{"line":54,"column":null}},"line":51},"3":{"name":"(anonymous_3)","decl":{"start":{"line":58,"column":21},"end":{"line":58,"column":22}},"loc":{"start":{"line":59,"column":4},"end":{"line":62,"column":null}},"line":59},"4":{"name":"(anonymous_4)","decl":{"start":{"line":69,"column":2},"end":{"line":69,"column":3}},"loc":{"start":{"line":70,"column":4},"end":{"line":74,"column":null}},"line":70},"5":{"name":"(anonymous_5)","decl":{"start":{"line":81,"column":2},"end":{"line":81,"column":3}},"loc":{"start":{"line":82,"column":4},"end":{"line":86,"column":null}},"line":82}},"branchMap":{},"s":{"0":2,"1":2,"2":2,"3":2,"4":2,"5":17,"6":2,"7":2,"8":48,"9":2,"10":2,"11":10,"12":2,"13":2,"14":10,"15":2,"16":2,"17":10,"18":2,"19":2,"20":10,"21":2},"f":{"0":17,"1":48,"2":10,"3":10,"4":10,"5":10},"b":{},"meta":{"lastBranch":0,"lastFunction":6,"lastStatement":22,"seen":{"s:6:15:6:Infinity":0,"s:7:22:7:Infinity":1,"s:8:21:8:Infinity":2,"s:9:20:9:Infinity":3,"s:11:22:23:Infinity":4,"f:14:2:14:3":0,"s:15:4:22:Infinity":5,"s:24:0:24:Infinity":6,"s:26:22:47:Infinity":7,"f:29:2:29:3":1,"s:30:4:46:Infinity":8,"s:48:0:48:Infinity":9,"s:50:21:54:Infinity":10,"f:50:21:50:22":2,"s:51:4:54:Infinity":11,"s:56:0:56:Infinity":12,"s:58:21:62:Infinity":13,"f:58:21:58:22":3,"s:59:4:62:Infinity":14,"s:64:0:64:Infinity":15,"s:66:20:75:Infinity":16,"f:69:2:69:3":4,"s:70:4:74:Infinity":17,"s:76:0:76:Infinity":18,"s:78:26:87:Infinity":19,"f:81:2:81:3":5,"s:82:4:86:Infinity":20,"s:88:0:88:Infinity":21}}}
,"/home/runner/work/fundraising-event/fundraising-event/apps/web/src/core/components/ui/dropdown-menu.tsx": {"path":"/home/runner/work/fundraising-event/fundraising-event/apps/web/src/core/components/ui/dropdown-menu.tsx","statementMap":{"0":{"start":{"line":7,"column":21},"end":{"line":7,"column":null}},"1":{"start":{"line":9,"column":28},"end":{"line":9,"column":null}},"2":{"start":{"line":11,"column":26},"end":{"line":11,"column":null}},"3":{"start":{"line":13,"column":27},"end":{"line":13,"column":null}},"4":{"start":{"line":15,"column":24},"end":{"line":15,"column":null}},"5":{"start":{"line":17,"column":31},"end":{"line":17,"column":null}},"6":{"start":{"line":19,"column":31},"end":{"line":37,"column":null}},"7":{"start":{"line":25,"column":4},"end":{"line":36,"column":null}},"8":{"start":{"line":38,"column":0},"end":{"line":38,"column":null}},"9":{"start":{"line":40,"column":31},"end":{"line":52,"column":null}},"10":{"start":{"line":44,"column":4},"end":{"line":51,"column":null}},"11":{"start":{"line":53,"column":0},"end":{"line":53,"column":null}},"12":{"start":{"line":55,"column":28},"end":{"line":70,"column":null}},"13":{"start":{"line":59,"column":4},"end":{"line":69,"column":null}},"14":{"start":{"line":71,"column":0},"end":{"line":71,"column":null}},"15":{"start":{"line":73,"column":25},"end":{"line":88,"column":null}},"16":{"start":{"line":79,"column":4},"end":{"line":87,"column":null}},"17":{"start":{"line":89,"column":0},"end":{"line":89,"column":null}},"18":{"start":{"line":91,"column":33},"end":{"line":111,"column":null}},"19":{"start":{"line":95,"column":4},"end":{"line":110,"column":null}},"20":{"start":{"line":112,"column":0},"end":{"line":112,"column":null}},"21":{"start":{"line":114,"column":30},"end":{"line":133,"column":null}},"22":{"start":{"line":118,"column":4},"end":{"line":132,"column":null}},"23":{"start":{"line":134,"column":0},"end":{"line":134,"column":null}},"24":{"start":{"line":136,"column":26},"end":{"line":147,"column":null}},"25":{"start":{"line":142,"column":4},"end":{"line":146,"column":null}},"26":{"start":{"line":148,"column":0},"end":{"line":148,"column":null}},"27":{"start":{"line":150,"column":30},"end":{"line":159,"column":null}},"28":{"start":{"line":154,"column":4},"end":{"line":158,"column":null}},"29":{"start":{"line":160,"column":0},"end":{"line":160,"column":null}},"30":{"start":{"line":162,"column":29},"end":{"line":166,"column":null}},"31":{"start":{"line":163,"column":4},"end":{"line":164,"column":null}},"32":{"start":{"line":167,"column":0},"end":{"line":167,"column":null}}},"fnMap":{"0":{"name":"(anonymous_0)","decl":{"start":{"line":24,"column":2},"end":{"line":24,"column":3}},"loc":{"start":{"line":25,"column":4},"end":{"line":36,"column":null}},"line":25},"1":{"name":"(anonymous_1)","decl":{"start":{"line":43,"column":2},"end":{"line":43,"column":3}},"loc":{"start":{"line":44,"column":4},"end":{"line":51,"column":null}},"line":44},"2":{"name":"(anonymous_2)","decl":{"start":{"line":58,"column":2},"end":{"line":58,"column":3}},"loc":{"start":{"line":59,"column":4},"end":{"line":69,"column":null}},"line":59},"3":{"name":"(anonymous_3)","decl":{"start":{"line":78,"column":2},"end":{"line":78,"column":3}},"loc":{"start":{"line":79,"column":4},"end":{"line":87,"column":null}},"line":79},"4":{"name":"(anonymous_4)","decl":{"start":{"line":94,"column":2},"end":{"line":94,"column":3}},"loc":{"start":{"line":95,"column":4},"end":{"line":110,"column":null}},"line":95},"5":{"name":"(anonymous_5)","decl":{"start":{"line":117,"column":2},"end":{"line":117,"column":3}},"loc":{"start":{"line":118,"column":4},"end":{"line":132,"column":null}},"line":118},"6":{"name":"(anonymous_6)","decl":{"start":{"line":141,"column":2},"end":{"line":141,"column":3}},"loc":{"start":{"line":142,"column":4},"end":{"line":146,"column":null}},"line":142},"7":{"name":"(anonymous_7)","decl":{"start":{"line":153,"column":2},"end":{"line":153,"column":3}},"loc":{"start":{"line":154,"column":4},"end":{"line":158,"column":null}},"line":154},"8":{"name":"(anonymous_8)","decl":{"start":{"line":162,"column":29},"end":{"line":162,"column":30}},"loc":{"start":{"line":162,"column":97},"end":{"line":166,"column":null}},"line":162}},"branchMap":{"0":{"loc":{"start":{"line":29,"column":12},"end":{"line":29,"column":null}},"type":"binary-expr","locations":[{"start":{"line":29,"column":12},"end":{"line":29,"column":21}},{"start":{"line":29,"column":21},"end":{"line":29,"column":null}}],"line":29},"1":{"loc":{"start":{"line":58,"column":16},"end":{"line":58,"column":32}},"type":"default-arg","locations":[{"start":{"line":58,"column":29},"end":{"line":58,"column":32}}],"line":58},"2":{"loc":{"start":{"line":83,"column":12},"end":{"line":83,"column":null}},"type":"binary-expr","locations":[{"start":{"line":83,"column":12},"end":{"line":83,"column":21}},{"start":{"line":83,"column":21},"end":{"line":83,"column":null}}],"line":83},"3":{"loc":{"start":{"line":144,"column":59},"end":{"line":144,"column":76}},"type":"binary-expr","locations":[{"start":{"line":144,"column":59},"end":{"line":144,"column":68}},{"start":{"line":144,"column":68},"end":{"line":144,"column":76}}],"line":144}},"s":{"0":1,"1":1,"2":1,"3":1,"4":1,"5":1,"6":1,"7":0,"8":1,"9":1,"10":0,"11":1,"12":1,"13":8,"14":1,"15":1,"16":15,"17":1,"18":1,"19":0,"20":1,"21":1,"22":0,"23":1,"24":1,"25":5,"26":1,"27":1,"28":5,"29":1,"30":1,"31":0,"32":1},"f":{"0":0,"1":0,"2":8,"3":15,"4":0,"5":0,"6":5,"7":5,"8":0},"b":{"0":[0,0],"1":[8],"2":[15,0],"3":[5,0]},"meta":{"lastBranch":4,"lastFunction":9,"lastStatement":33,"seen":{"s:7:21:7:Infinity":0,"s:9:28:9:Infinity":1,"s:11:26:11:Infinity":2,"s:13:27:13:Infinity":3,"s:15:24:15:Infinity":4,"s:17:31:17:Infinity":5,"s:19:31:37:Infinity":6,"f:24:2:24:3":0,"s:25:4:36:Infinity":7,"b:29:12:29:21:29:21:29:Infinity":0,"s:38:0:38:Infinity":8,"s:40:31:52:Infinity":9,"f:43:2:43:3":1,"s:44:4:51:Infinity":10,"s:53:0:53:Infinity":11,"s:55:28:70:Infinity":12,"f:58:2:58:3":2,"s:59:4:69:Infinity":13,"b:58:29:58:32":1,"s:71:0:71:Infinity":14,"s:73:25:88:Infinity":15,"f:78:2:78:3":3,"s:79:4:87:Infinity":16,"b:83:12:83:21:83:21:83:Infinity":2,"s:89:0:89:Infinity":17,"s:91:33:111:Infinity":18,"f:94:2:94:3":4,"s:95:4:110:Infinity":19,"s:112:0:112:Infinity":20,"s:114:30:133:Infinity":21,"f:117:2:117:3":5,"s:118:4:132:Infinity":22,"s:134:0:134:Infinity":23,"s:136:26:147:Infinity":24,"f:141:2:141:3":6,"s:142:4:146:Infinity":25,"b:144:59:144:68:144:68:144:76":3,"s:148:0:148:Infinity":26,"s:150:30:159:Infinity":27,"f:153:2:153:3":7,"s:154:4:158:Infinity":28,"s:160:0:160:Infinity":29,"s:162:29:166:Infinity":30,"f:162:29:162:30":8,"s:163:4:164:Infinity":31,"s:167:0:167:Infinity":32}}}
,"/home/runner/work/fundraising-event/fundraising-event/apps/web/src/core/components/ui/input.tsx": {"path":"/home/runner/work/fundraising-event/fundraising-event/apps/web/src/core/components/ui/input.tsx","statementMap":{"0":{"start":{"line":6,"column":14},"end":{"line":20,"column":null}},"1":{"start":{"line":8,"column":8},"end":{"line":17,"column":null}},"2":{"start":{"line":21,"column":0},"end":{"line":21,"column":null}}},"fnMap":{"0":{"name":"(anonymous_0)","decl":{"start":{"line":7,"column":4},"end":{"line":7,"column":5}},"loc":{"start":{"line":7,"column":44},"end":{"line":19,"column":null}},"line":7}},"branchMap":{},"s":{"0":15,"1":434,"2":15},"f":{"0":434},"b":{},"meta":{"lastBranch":0,"lastFunction":1,"lastStatement":3,"seen":{"s:6:14:20:Infinity":0,"f:7:4:7:5":0,"s:8:8:17:Infinity":1,"s:21:0:21:Infinity":2}}}
,"/home/runner/work/fundraising-event/fundraising-event/apps/web/src/core/components/ui/label.tsx": {"path":"/home/runner/work/fundraising-event/fundraising-event/apps/web/src/core/components/ui/label.tsx","statementMap":{"0":{"start":{"line":6,"column":6},"end":{"line":8,"column":null}},"1":{"start":{"line":10,"column":14},"end":{"line":15,"column":null}},"2":{"start":{"line":14,"column":4},"end":{"line":14,"column":null}},"3":{"start":{"line":16,"column":0},"end":{"line":16,"column":null}}},"fnMap":{"0":{"name":"(anonymous_0)","decl":{"start":{"line":13,"column":2},"end":{"line":13,"column":3}},"loc":{"start":{"line":14,"column":4},"end":{"line":14,"column":null}},"line":14}},"branchMap":{},"s":{"0":13,"1":13,"2":580,"3":13},"f":{"0":580},"b":{},"meta":{"lastBranch":0,"lastFunction":1,"lastStatement":4,"seen":{"s:6:6:8:Infinity":0,"s:10:14:15:Infinity":1,"f:13:2:13:3":0,"s:14:4:14:Infinity":2,"s:16:0:16:Infinity":3}}}
,"/home/runner/work/fundraising-event/fundraising-event/apps/web/src/core/components/ui/page-loader.tsx": {"path":"/home/runner/work/fundraising-event/fundraising-event/apps/web/src/core/components/ui/page-loader.tsx","statementMap":{"0":{"start":{"line":1,"column":26},"end":{"line":4,"column":null}},"1":{"start":{"line":2,"column":4},"end":{"line":4,"column":null}}},"fnMap":{"0":{"name":"(anonymous_0)","decl":{"start":{"line":1,"column":26},"end":{"line":1,"column":null}},"loc":{"start":{"line":2,"column":4},"end":{"line":4,"column":null}},"line":2}},"branchMap":{},"s":{"0":2,"1":2},"f":{"0":2},"b":{},"meta":{"lastBranch":0,"lastFunction":1,"lastStatement":2,"seen":{"s:1:26:4:Infinity":0,"f:1:26:1:Infinity":0,"s:2:4:4:Infinity":1}}}
,"/home/runner/work/fundraising-event/fundraising-event/apps/web/src/core/components/ui/pagination.tsx": {"path":"/home/runner/work/fundraising-event/fundraising-event/apps/web/src/core/components/ui/pagination.tsx","statementMap":{"0":{"start":{"line":8,"column":19},"end":{"line":14,"column":null}},"1":{"start":{"line":9,"column":4},"end":{"line":14,"column":null}},"2":{"start":{"line":16,"column":0},"end":{"line":16,"column":null}},"3":{"start":{"line":18,"column":26},"end":{"line":22,"column":null}},"4":{"start":{"line":20,"column":8},"end":{"line":20,"column":null}},"5":{"start":{"line":23,"column":0},"end":{"line":23,"column":null}},"6":{"start":{"line":25,"column":23},"end":{"line":27,"column":null}},"7":{"start":{"line":26,"column":38},"end":{"line":26,"column":null}},"8":{"start":{"line":28,"column":0},"end":{"line":28,"column":null}},"9":{"start":{"line":35,"column":23},"end":{"line":46,"column":null}},"10":{"start":{"line":36,"column":4},"end":{"line":46,"column":null}},"11":{"start":{"line":48,"column":0},"end":{"line":48,"column":null}},"12":{"start":{"line":50,"column":27},"end":{"line":66,"column":null}},"13":{"start":{"line":54,"column":14},"end":{"line":54,"column":null}},"14":{"start":{"line":55,"column":4},"end":{"line":64,"column":null}},"15":{"start":{"line":67,"column":0},"end":{"line":67,"column":null}},"16":{"start":{"line":69,"column":23},"end":{"line":82,"column":null}},"17":{"start":{"line":70,"column":14},"end":{"line":70,"column":null}},"18":{"start":{"line":71,"column":4},"end":{"line":80,"column":null}},"19":{"start":{"line":83,"column":0},"end":{"line":83,"column":null}},"20":{"start":{"line":85,"column":27},"end":{"line":97,"column":null}},"21":{"start":{"line":86,"column":14},"end":{"line":86,"column":null}},"22":{"start":{"line":87,"column":4},"end":{"line":95,"column":null}},"23":{"start":{"line":98,"column":0},"end":{"line":98,"column":null}}},"fnMap":{"0":{"name":"(anonymous_0)","decl":{"start":{"line":8,"column":19},"end":{"line":8,"column":20}},"loc":{"start":{"line":9,"column":4},"end":{"line":14,"column":null}},"line":9},"1":{"name":"(anonymous_1)","decl":{"start":{"line":19,"column":4},"end":{"line":19,"column":5}},"loc":{"start":{"line":20,"column":8},"end":{"line":20,"column":null}},"line":20},"2":{"name":"(anonymous_2)","decl":{"start":{"line":26,"column":4},"end":{"line":26,"column":5}},"loc":{"start":{"line":26,"column":38},"end":{"line":26,"column":null}},"line":26},"3":{"name":"(anonymous_3)","decl":{"start":{"line":35,"column":23},"end":{"line":35,"column":24}},"loc":{"start":{"line":36,"column":4},"end":{"line":46,"column":null}},"line":36},"4":{"name":"(anonymous_4)","decl":{"start":{"line":50,"column":27},"end":{"line":50,"column":28}},"loc":{"start":{"line":53,"column":51},"end":{"line":66,"column":null}},"line":53},"5":{"name":"(anonymous_5)","decl":{"start":{"line":69,"column":23},"end":{"line":69,"column":24}},"loc":{"start":{"line":69,"column":97},"end":{"line":82,"column":null}},"line":69},"6":{"name":"(anonymous_6)","decl":{"start":{"line":85,"column":27},"end":{"line":85,"column":28}},"loc":{"start":{"line":85,"column":86},"end":{"line":97,"column":null}},"line":85}},"branchMap":{"0":{"loc":{"start":{"line":35,"column":47},"end":{"line":35,"column":62}},"type":"default-arg","locations":[{"start":{"line":35,"column":54},"end":{"line":35,"column":62}}],"line":35},"1":{"loc":{"start":{"line":37,"column":22},"end":{"line":37,"column":null}},"type":"cond-expr","locations":[{"start":{"line":37,"column":33},"end":{"line":37,"column":42}},{"start":{"line":37,"column":42},"end":{"line":37,"column":null}}],"line":37},"2":{"loc":{"start":{"line":40,"column":25},"end":{"line":40,"column":null}},"type":"cond-expr","locations":[{"start":{"line":40,"column":36},"end":{"line":40,"column":48}},{"start":{"line":40,"column":48},"end":{"line":40,"column":null}}],"line":40}},"s":{"0":1,"1":2,"2":1,"3":1,"4":2,"5":1,"6":1,"7":6,"8":1,"9":1,"10":4,"11":1,"12":1,"13":2,"14":2,"15":1,"16":1,"17":2,"18":2,"19":1,"20":1,"21":0,"22":0,"23":1},"f":{"0":2,"1":2,"2":6,"3":4,"4":2,"5":2,"6":0},"b":{"0":[4],"1":[0,4],"2":[0,4]},"meta":{"lastBranch":3,"lastFunction":7,"lastStatement":24,"seen":{"s:8:19:14:Infinity":0,"f:8:19:8:20":0,"s:9:4:14:Infinity":1,"s:16:0:16:Infinity":2,"s:18:26:22:Infinity":3,"f:19:4:19:5":1,"s:20:8:20:Infinity":4,"s:23:0:23:Infinity":5,"s:25:23:27:Infinity":6,"f:26:4:26:5":2,"s:26:38:26:Infinity":7,"s:28:0:28:Infinity":8,"s:35:23:46:Infinity":9,"f:35:23:35:24":3,"s:36:4:46:Infinity":10,"b:35:54:35:62":0,"b:37:33:37:42:37:42:37:Infinity":1,"b:40:36:40:48:40:48:40:Infinity":2,"s:48:0:48:Infinity":11,"s:50:27:66:Infinity":12,"f:50:27:50:28":4,"s:54:14:54:Infinity":13,"s:55:4:64:Infinity":14,"s:67:0:67:Infinity":15,"s:69:23:82:Infinity":16,"f:69:23:69:24":5,"s:70:14:70:Infinity":17,"s:71:4:80:Infinity":18,"s:83:0:83:Infinity":19,"s:85:27:97:Infinity":20,"f:85:27:85:28":6,"s:86:14:86:Infinity":21,"s:87:4:95:Infinity":22,"s:98:0:98:Infinity":23}}}
,"/home/runner/work/fundraising-event/fundraising-event/apps/web/src/core/components/ui/select.tsx": {"path":"/home/runner/work/fundraising-event/fundraising-event/apps/web/src/core/components/ui/select.tsx","statementMap":{"0":{"start":{"line":7,"column":15},"end":{"line":7,"column":null}},"1":{"start":{"line":9,"column":20},"end":{"line":9,"column":null}},"2":{"start":{"line":11,"column":20},"end":{"line":11,"column":null}},"3":{"start":{"line":13,"column":22},"end":{"line":30,"column":null}},"4":{"start":{"line":17,"column":4},"end":{"line":29,"column":null}},"5":{"start":{"line":31,"column":0},"end":{"line":31,"column":null}},"6":{"start":{"line":33,"column":29},"end":{"line":44,"column":null}},"7":{"start":{"line":37,"column":4},"end":{"line":43,"column":null}},"8":{"start":{"line":45,"column":0},"end":{"line":45,"column":null}},"9":{"start":{"line":47,"column":31},"end":{"line":58,"column":null}},"10":{"start":{"line":51,"column":4},"end":{"line":57,"column":null}},"11":{"start":{"line":59,"column":0},"end":{"line":59,"column":null}},"12":{"start":{"line":61,"column":22},"end":{"line":90,"column":null}},"13":{"start":{"line":65,"column":4},"end":{"line":89,"column":null}},"14":{"start":{"line":91,"column":0},"end":{"line":91,"column":null}},"15":{"start":{"line":93,"column":20},"end":{"line":102,"column":null}},"16":{"start":{"line":97,"column":4},"end":{"line":101,"column":null}},"17":{"start":{"line":103,"column":0},"end":{"line":103,"column":null}},"18":{"start":{"line":105,"column":19},"end":{"line":124,"column":null}},"19":{"start":{"line":109,"column":4},"end":{"line":123,"column":null}},"20":{"start":{"line":125,"column":0},"end":{"line":125,"column":null}},"21":{"start":{"line":127,"column":24},"end":{"line":136,"column":null}},"22":{"start":{"line":131,"column":4},"end":{"line":135,"column":null}},"23":{"start":{"line":137,"column":0},"end":{"line":137,"column":null}}},"fnMap":{"0":{"name":"(anonymous_0)","decl":{"start":{"line":16,"column":2},"end":{"line":16,"column":3}},"loc":{"start":{"line":17,"column":4},"end":{"line":29,"column":null}},"line":17},"1":{"name":"(anonymous_1)","decl":{"start":{"line":36,"column":2},"end":{"line":36,"column":3}},"loc":{"start":{"line":37,"column":4},"end":{"line":43,"column":null}},"line":37},"2":{"name":"(anonymous_2)","decl":{"start":{"line":50,"column":2},"end":{"line":50,"column":3}},"loc":{"start":{"line":51,"column":4},"end":{"line":57,"column":null}},"line":51},"3":{"name":"(anonymous_3)","decl":{"start":{"line":64,"column":2},"end":{"line":64,"column":3}},"loc":{"start":{"line":65,"column":4},"end":{"line":89,"column":null}},"line":65},"4":{"name":"(anonymous_4)","decl":{"start":{"line":96,"column":2},"end":{"line":96,"column":3}},"loc":{"start":{"line":97,"column":4},"end":{"line":101,"column":null}},"line":97},"5":{"name":"(anonymous_5)","decl":{"start":{"line":108,"column":2},"end":{"line":108,"column":3}},"loc":{"start":{"line":109,"column":4},"end":{"line":123,"column":null}},"line":109},"6":{"name":"(anonymous_6)","decl":{"start":{"line":130,"column":2},"end":{"line":130,"column":3}},"loc":{"start":{"line":131,"column":4},"end":{"line":135,"column":null}},"line":131}},"branchMap":{"0":{"loc":{"start":{"line":64,"column":26},"end":{"line":64,"column":47}},"type":"default-arg","locations":[{"start":{"line":64,"column":37},"end":{"line":64,"column":47}}],"line":64},"1":{"loc":{"start":{"line":70,"column":16},"end":{"line":71,"column":null}},"type":"binary-expr","locations":[{"start":{"line":70,"column":16},"end":{"line":70,"column":null}},{"start":{"line":71,"column":20},"end":{"line":71,"column":null}}],"line":70},"2":{"loc":{"start":{"line":81,"column":20},"end":{"line":82,"column":null}},"type":"binary-expr","locations":[{"start":{"line":81,"column":20},"end":{"line":81,"column":null}},{"start":{"line":82,"column":24},"end":{"line":82,"column":null}}],"line":81}},"s":{"0":4,"1":4,"2":4,"3":4,"4":37,"5":4,"6":4,"7":27,"8":4,"9":4,"10":27,"11":4,"12":4,"13":37,"14":4,"15":4,"16":0,"17":4,"18":4,"19":102,"20":4,"21":4,"22":0,"23":4},"f":{"0":37,"1":27,"2":27,"3":37,"4":0,"5":102,"6":0},"b":{"0":[37],"1":[37,37],"2":[37,37]},"meta":{"lastBranch":3,"lastFunction":7,"lastStatement":24,"seen":{"s:7:15:7:Infinity":0,"s:9:20:9:Infinity":1,"s:11:20:11:Infinity":2,"s:13:22:30:Infinity":3,"f:16:2:16:3":0,"s:17:4:29:Infinity":4,"s:31:0:31:Infinity":5,"s:33:29:44:Infinity":6,"f:36:2:36:3":1,"s:37:4:43:Infinity":7,"s:45:0:45:Infinity":8,"s:47:31:58:Infinity":9,"f:50:2:50:3":2,"s:51:4:57:Infinity":10,"s:59:0:59:Infinity":11,"s:61:22:90:Infinity":12,"f:64:2:64:3":3,"s:65:4:89:Infinity":13,"b:64:37:64:47":0,"b:70:16:70:Infinity:71:20:71:Infinity":1,"b:81:20:81:Infinity:82:24:82:Infinity":2,"s:91:0:91:Infinity":14,"s:93:20:102:Infinity":15,"f:96:2:96:3":4,"s:97:4:101:Infinity":16,"s:103:0:103:Infinity":17,"s:105:19:124:Infinity":18,"f:108:2:108:3":5,"s:109:4:123:Infinity":19,"s:125:0:125:Infinity":20,"s:127:24:136:Infinity":21,"f:130:2:130:3":6,"s:131:4:135:Infinity":22,"s:137:0:137:Infinity":23}}}
,"/home/runner/work/fundraising-event/fundraising-event/apps/web/src/core/components/ui/table.tsx": {"path":"/home/runner/work/fundraising-event/fundraising-event/apps/web/src/core/components/ui/table.tsx","statementMap":{"0":{"start":{"line":4,"column":14},"end":{"line":14,"column":null}},"1":{"start":{"line":6,"column":8},"end":{"line":12,"column":null}},"2":{"start":{"line":15,"column":0},"end":{"line":15,"column":null}},"3":{"start":{"line":17,"column":20},"end":{"line":22,"column":null}},"4":{"start":{"line":21,"column":4},"end":{"line":21,"column":null}},"5":{"start":{"line":23,"column":0},"end":{"line":23,"column":null}},"6":{"start":{"line":25,"column":18},"end":{"line":30,"column":null}},"7":{"start":{"line":29,"column":4},"end":{"line":29,"column":null}},"8":{"start":{"line":31,"column":0},"end":{"line":31,"column":null}},"9":{"start":{"line":33,"column":20},"end":{"line":42,"column":null}},"10":{"start":{"line":37,"column":4},"end":{"line":41,"column":null}},"11":{"start":{"line":43,"column":0},"end":{"line":43,"column":null}},"12":{"start":{"line":45,"column":17},"end":{"line":56,"column":null}},"13":{"start":{"line":47,"column":8},"end":{"line":54,"column":null}},"14":{"start":{"line":57,"column":0},"end":{"line":57,"column":null}},"15":{"start":{"line":59,"column":18},"end":{"line":71,"column":null}},"16":{"start":{"line":63,"column":4},"end":{"line":70,"column":null}},"17":{"start":{"line":72,"column":0},"end":{"line":72,"column":null}},"18":{"start":{"line":74,"column":18},"end":{"line":86,"column":null}},"19":{"start":{"line":78,"column":4},"end":{"line":85,"column":null}},"20":{"start":{"line":87,"column":0},"end":{"line":87,"column":null}},"21":{"start":{"line":89,"column":21},"end":{"line":94,"column":null}},"22":{"start":{"line":93,"column":4},"end":{"line":93,"column":null}},"23":{"start":{"line":95,"column":0},"end":{"line":95,"column":null}}},"fnMap":{"0":{"name":"(anonymous_0)","decl":{"start":{"line":5,"column":4},"end":{"line":5,"column":5}},"loc":{"start":{"line":6,"column":8},"end":{"line":12,"column":null}},"line":6},"1":{"name":"(anonymous_1)","decl":{"start":{"line":20,"column":2},"end":{"line":20,"column":3}},"loc":{"start":{"line":21,"column":4},"end":{"line":21,"column":null}},"line":21},"2":{"name":"(anonymous_2)","decl":{"start":{"line":28,"column":2},"end":{"line":28,"column":3}},"loc":{"start":{"line":29,"column":4},"end":{"line":29,"column":null}},"line":29},"3":{"name":"(anonymous_3)","decl":{"start":{"line":36,"column":2},"end":{"line":36,"column":3}},"loc":{"start":{"line":37,"column":4},"end":{"line":41,"column":null}},"line":37},"4":{"name":"(anonymous_4)","decl":{"start":{"line":46,"column":4},"end":{"line":46,"column":5}},"loc":{"start":{"line":47,"column":8},"end":{"line":54,"column":null}},"line":47},"5":{"name":"(anonymous_5)","decl":{"start":{"line":62,"column":2},"end":{"line":62,"column":3}},"loc":{"start":{"line":63,"column":4},"end":{"line":70,"column":null}},"line":63},"6":{"name":"(anonymous_6)","decl":{"start":{"line":77,"column":2},"end":{"line":77,"column":3}},"loc":{"start":{"line":78,"column":4},"end":{"line":85,"column":null}},"line":78},"7":{"name":"(anonymous_7)","decl":{"start":{"line":92,"column":2},"end":{"line":92,"column":3}},"loc":{"start":{"line":93,"column":4},"end":{"line":93,"column":null}},"line":93}},"branchMap":{},"s":{"0":2,"1":33,"2":2,"3":2,"4":33,"5":2,"6":2,"7":33,"8":2,"9":2,"10":0,"11":2,"12":2,"13":66,"14":2,"15":2,"16":143,"17":2,"18":2,"19":89,"20":2,"21":2,"22":0,"23":2},"f":{"0":33,"1":33,"2":33,"3":0,"4":66,"5":143,"6":89,"7":0},"b":{},"meta":{"lastBranch":0,"lastFunction":8,"lastStatement":24,"seen":{"s:4:14:14:Infinity":0,"f:5:4:5:5":0,"s:6:8:12:Infinity":1,"s:15:0:15:Infinity":2,"s:17:20:22:Infinity":3,"f:20:2:20:3":1,"s:21:4:21:Infinity":4,"s:23:0:23:Infinity":5,"s:25:18:30:Infinity":6,"f:28:2:28:3":2,"s:29:4:29:Infinity":7,"s:31:0:31:Infinity":8,"s:33:20:42:Infinity":9,"f:36:2:36:3":3,"s:37:4:41:Infinity":10,"s:43:0:43:Infinity":11,"s:45:17:56:Infinity":12,"f:46:4:46:5":4,"s:47:8:54:Infinity":13,"s:57:0:57:Infinity":14,"s:59:18:71:Infinity":15,"f:62:2:62:3":5,"s:63:4:70:Infinity":16,"s:72:0:72:Infinity":17,"s:74:18:86:Infinity":18,"f:77:2:77:3":6,"s:78:4:85:Infinity":19,"s:87:0:87:Infinity":20,"s:89:21:94:Infinity":21,"f:92:2:92:3":7,"s:93:4:93:Infinity":22,"s:95:0:95:Infinity":23}}}
,"/home/runner/work/fundraising-event/fundraising-event/apps/web/src/core/components/ui/textarea.tsx": {"path":"/home/runner/work/fundraising-event/fundraising-event/apps/web/src/core/components/ui/textarea.tsx","statementMap":{"0":{"start":{"line":6,"column":17},"end":{"line":19,"column":null}},"1":{"start":{"line":8,"column":8},"end":{"line":16,"column":null}},"2":{"start":{"line":20,"column":0},"end":{"line":20,"column":null}}},"fnMap":{"0":{"name":"(anonymous_0)","decl":{"start":{"line":7,"column":4},"end":{"line":7,"column":5}},"loc":{"start":{"line":7,"column":38},"end":{"line":18,"column":null}},"line":7}},"branchMap":{},"s":{"0":2,"1":16,"2":2},"f":{"0":16},"b":{},"meta":{"lastBranch":0,"lastFunction":1,"lastStatement":3,"seen":{"s:6:17:19:Infinity":0,"f:7:4:7:5":0,"s:8:8:16:Infinity":1,"s:20:0:20:Infinity":2}}}
,"/home/runner/work/fundraising-event/fundraising-event/apps/web/src/core/lib/api.ts": {"path":"/home/runner/work/fundraising-event/fundraising-event/apps/web/src/core/lib/api.ts","statementMap":{"0":{"start":{"line":4,"column":28},"end":{"line":4,"column":null}},"1":{"start":{"line":6,"column":19},"end":{"line":11,"column":null}},"2":{"start":{"line":13,"column":0},"end":{"line":23,"column":null}},"3":{"start":{"line":14,"column":18},"end":{"line":14,"column":null}},"4":{"start":{"line":15,"column":23},"end":{"line":15,"column":null}},"5":{"start":{"line":17,"column":4},"end":{"line":21,"column":null}},"6":{"start":{"line":18,"column":8},"end":{"line":18,"column":null}},"7":{"start":{"line":19,"column":4},"end":{"line":21,"column":null}},"8":{"start":{"line":20,"column":8},"end":{"line":20,"column":null}},"9":{"start":{"line":22,"column":4},"end":{"line":22,"column":null}},"10":{"start":{"line":25,"column":0},"end":{"line":54,"column":null}},"11":{"start":{"line":26,"column":18},"end":{"line":26,"column":null}},"12":{"start":{"line":28,"column":8},"end":{"line":51,"column":null}},"13":{"start":{"line":30,"column":16},"end":{"line":31,"column":null}},"14":{"start":{"line":33,"column":12},"end":{"line":50,"column":null}},"15":{"start":{"line":34,"column":16},"end":{"line":44,"column":null}},"16":{"start":{"line":35,"column":20},"end":{"line":35,"column":null}},"17":{"start":{"line":36,"column":20},"end":{"line":36,"column":null}},"18":{"start":{"line":38,"column":34},"end":{"line":38,"column":null}},"19":{"start":{"line":39,"column":20},"end":{"line":43,"column":null}},"20":{"start":{"line":40,"column":24},"end":{"line":40,"column":null}},"21":{"start":{"line":42,"column":24},"end":{"line":42,"column":null}},"22":{"start":{"line":46,"column":16},"end":{"line":49,"column":null}},"23":{"start":{"line":47,"column":20},"end":{"line":47,"column":null}},"24":{"start":{"line":48,"column":20},"end":{"line":48,"column":null}},"25":{"start":{"line":52,"column":8},"end":{"line":52,"column":null}},"26":{"start":{"line":56,"column":34},"end":{"line":64,"column":null}},"27":{"start":{"line":57,"column":4},"end":{"line":59,"column":null}},"28":{"start":{"line":58,"column":8},"end":{"line":58,"column":null}},"29":{"start":{"line":60,"column":4},"end":{"line":62,"column":null}},"30":{"start":{"line":61,"column":8},"end":{"line":61,"column":null}},"31":{"start":{"line":63,"column":4},"end":{"line":63,"column":null}}},"fnMap":{"0":{"name":"(anonymous_0)","decl":{"start":{"line":13,"column":29},"end":{"line":13,"column":30}},"loc":{"start":{"line":13,"column":41},"end":{"line":23,"column":1}},"line":13},"1":{"name":"(anonymous_1)","decl":{"start":{"line":26,"column":4},"end":{"line":26,"column":5}},"loc":{"start":{"line":26,"column":18},"end":{"line":26,"column":null}},"line":26},"2":{"name":"(anonymous_2)","decl":{"start":{"line":27,"column":4},"end":{"line":27,"column":5}},"loc":{"start":{"line":27,"column":15},"end":{"line":53,"column":null}},"line":27},"3":{"name":"(anonymous_3)","decl":{"start":{"line":56,"column":34},"end":{"line":56,"column":35}},"loc":{"start":{"line":56,"column":97},"end":{"line":64,"column":null}},"line":56}},"branchMap":{"0":{"loc":{"start":{"line":4,"column":28},"end":{"line":4,"column":null}},"type":"binary-expr","locations":[{"start":{"line":4,"column":28},"end":{"line":4,"column":60}},{"start":{"line":4,"column":60},"end":{"line":4,"column":null}}],"line":4},"1":{"loc":{"start":{"line":17,"column":4},"end":{"line":21,"column":null}},"type":"if","locations":[{"start":{"line":17,"column":4},"end":{"line":21,"column":null}},{"start":{"line":19,"column":4},"end":{"line":21,"column":null}}],"line":17},"2":{"loc":{"start":{"line":19,"column":4},"end":{"line":21,"column":null}},"type":"if","locations":[{"start":{"line":19,"column":4},"end":{"line":21,"column":null}},{"start":{},"end":{}}],"line":19},"3":{"loc":{"start":{"line":28,"column":8},"end":{"line":51,"column":null}},"type":"if","locations":[{"start":{"line":28,"column":8},"end":{"line":51,"column":null}},{"start":{},"end":{}}],"line":28},"4":{"loc":{"start":{"line":30,"column":16},"end":{"line":31,"column":null}},"type":"binary-expr","locations":[{"start":{"line":30,"column":16},"end":{"line":30,"column":null}},{"start":{"line":31,"column":16},"end":{"line":31,"column":null}}],"line":30},"5":{"loc":{"start":{"line":33,"column":12},"end":{"line":50,"column":null}},"type":"if","locations":[{"start":{"line":33,"column":12},"end":{"line":50,"column":null}},{"start":{"line":45,"column":19},"end":{"line":50,"column":null}}],"line":33},"6":{"loc":{"start":{"line":34,"column":16},"end":{"line":44,"column":null}},"type":"if","locations":[{"start":{"line":34,"column":16},"end":{"line":44,"column":null}},{"start":{},"end":{}}],"line":34},"7":{"loc":{"start":{"line":39,"column":20},"end":{"line":43,"column":null}},"type":"if","locations":[{"start":{"line":39,"column":20},"end":{"line":43,"column":null}},{"start":{"line":41,"column":27},"end":{"line":43,"column":null}}],"line":39},"8":{"loc":{"start":{"line":46,"column":16},"end":{"line":49,"column":null}},"type":"if","locations":[{"start":{"line":46,"column":16},"end":{"line":49,"column":null}},{"start":{},"end":{}}],"line":46},"9":{"loc":{"start":{"line":56,"column":51},"end":{"line":56,"column":97}},"type":"default-arg","locations":[{"start":{"line":56,"column":68},"end":{"line":56,"column":97}}],"line":56},"10":{"loc":{"start":{"line":57,"column":4},"end":{"line":59,"column":null}},"type":"if","locations":[{"start":{"line":57,"column":4},"end":{"line":59,"column":null}},{"start":{},"end":{}}],"line":57},"11":{"loc":{"start":{"line":58,"column":15},"end":{"line":58,"column":null}},"type":"binary-expr","locations":[{"start":{"line":58,"column":15},"end":{"line":58,"column":48}},{"start":{"line":58,"column":48},"end":{"line":58,"column":null}}],"line":58},"12":{"loc":{"start":{"line":60,"column":4},"end":{"line":62,"column":null}},"type":"if","locations":[{"start":{"line":60,"column":4},"end":{"line":62,"column":null}},{"start":{},"end":{}}],"line":60}},"s":{"0":14,"1":14,"2":14,"3":3,"4":3,"5":3,"6":1,"7":2,"8":1,"9":3,"10":14,"11":1,"12":3,"13":3,"14":3,"15":2,"16":2,"17":2,"18":2,"19":2,"20":1,"21":1,"22":1,"23":1,"24":1,"25":3,"26":14,"27":4,"28":2,"29":2,"30":1,"31":1},"f":{"0":3,"1":1,"2":3,"3":4},"b":{"0":[14,14],"1":[1,2],"2":[1,1],"3":[3,0],"4":[3,2],"5":[2,1],"6":[2,0],"7":[1,1],"8":[1,0],"9":[4],"10":[2,2],"11":[2,1],"12":[1,1]},"meta":{"lastBranch":13,"lastFunction":4,"lastStatement":32,"seen":{"s:4:28:4:Infinity":0,"b:4:28:4:60:4:60:4:Infinity":0,"s:6:19:11:Infinity":1,"s:13:0:23:Infinity":2,"f:13:29:13:30":0,"s:14:18:14:Infinity":3,"s:15:23:15:Infinity":4,"b:17:4:21:Infinity:19:4:21:Infinity":1,"s:17:4:21:Infinity":5,"s:18:8:18:Infinity":6,"b:19:4:21:Infinity:undefined:undefined:undefined:undefined":2,"s:19:4:21:Infinity":7,"s:20:8:20:Infinity":8,"s:22:4:22:Infinity":9,"s:25:0:54:Infinity":10,"f:26:4:26:5":1,"s:26:18:26:Infinity":11,"f:27:4:27:5":2,"b:28:8:51:Infinity:undefined:undefined:undefined:undefined":3,"s:28:8:51:Infinity":12,"s:30:16:31:Infinity":13,"b:30:16:30:Infinity:31:16:31:Infinity":4,"b:33:12:50:Infinity:45:19:50:Infinity":5,"s:33:12:50:Infinity":14,"b:34:16:44:Infinity:undefined:undefined:undefined:undefined":6,"s:34:16:44:Infinity":15,"s:35:20:35:Infinity":16,"s:36:20:36:Infinity":17,"s:38:34:38:Infinity":18,"b:39:20:43:Infinity:41:27:43:Infinity":7,"s:39:20:43:Infinity":19,"s:40:24:40:Infinity":20,"s:42:24:42:Infinity":21,"b:46:16:49:Infinity:undefined:undefined:undefined:undefined":8,"s:46:16:49:Infinity":22,"s:47:20:47:Infinity":23,"s:48:20:48:Infinity":24,"s:52:8:52:Infinity":25,"s:56:34:64:Infinity":26,"f:56:34:56:35":3,"b:56:68:56:97":9,"b:57:4:59:Infinity:undefined:undefined:undefined:undefined":10,"s:57:4:59:Infinity":27,"s:58:8:58:Infinity":28,"b:58:15:58:48:58:48:58:Infinity":11,"b:60:4:62:Infinity:undefined:undefined:undefined:undefined":12,"s:60:4:62:Infinity":29,"s:61:8:61:Infinity":30,"s:63:4:63:Infinity":31}}}
,"/home/runner/work/fundraising-event/fundraising-event/apps/web/src/core/lib/confetti.ts": {"path":"/home/runner/work/fundraising-event/fundraising-event/apps/web/src/core/lib/confetti.ts","statementMap":{"0":{"start":{"line":3,"column":28},"end":{"line":24,"column":null}},"1":{"start":{"line":4,"column":21},"end":{"line":4,"column":null}},"2":{"start":{"line":5,"column":25},"end":{"line":5,"column":null}},"3":{"start":{"line":6,"column":21},"end":{"line":6,"column":null}},"4":{"start":{"line":8,"column":26},"end":{"line":8,"column":null}},"5":{"start":{"line":8,"column":56},"end":{"line":8,"column":null}},"6":{"start":{"line":10,"column":53},"end":{"line":23,"column":null}},"7":{"start":{"line":11,"column":25},"end":{"line":11,"column":null}},"8":{"start":{"line":13,"column":8},"end":{"line":15,"column":null}},"9":{"start":{"line":14,"column":12},"end":{"line":14,"column":null}},"10":{"start":{"line":17,"column":30},"end":{"line":17,"column":null}},"11":{"start":{"line":18,"column":8},"end":{"line":22,"column":null}},"12":{"start":{"line":26,"column":35},"end":{"line":52,"column":null}},"13":{"start":{"line":27,"column":21},"end":{"line":27,"column":null}},"14":{"start":{"line":28,"column":25},"end":{"line":28,"column":null}},"15":{"start":{"line":29,"column":21},"end":{"line":29,"column":null}},"16":{"start":{"line":31,"column":26},"end":{"line":31,"column":null}},"17":{"start":{"line":31,"column":56},"end":{"line":31,"column":null}},"18":{"start":{"line":33,"column":53},"end":{"line":51,"column":null}},"19":{"start":{"line":34,"column":25},"end":{"line":34,"column":null}},"20":{"start":{"line":36,"column":8},"end":{"line":38,"column":null}},"21":{"start":{"line":37,"column":12},"end":{"line":37,"column":null}},"22":{"start":{"line":40,"column":30},"end":{"line":40,"column":null}},"23":{"start":{"line":41,"column":8},"end":{"line":45,"column":null}},"24":{"start":{"line":46,"column":8},"end":{"line":50,"column":null}}},"fnMap":{"0":{"name":"(anonymous_0)","decl":{"start":{"line":3,"column":28},"end":{"line":3,"column":34}},"loc":{"start":{"line":3,"column":34},"end":{"line":24,"column":null}},"line":3},"1":{"name":"(anonymous_1)","decl":{"start":{"line":8,"column":26},"end":{"line":8,"column":27}},"loc":{"start":{"line":8,"column":56},"end":{"line":8,"column":null}},"line":8},"2":{"name":"(anonymous_2)","decl":{"start":{"line":10,"column":65},"end":{"line":10,"column":71}},"loc":{"start":{"line":10,"column":71},"end":{"line":23,"column":5}},"line":10},"3":{"name":"(anonymous_3)","decl":{"start":{"line":26,"column":35},"end":{"line":26,"column":41}},"loc":{"start":{"line":26,"column":41},"end":{"line":52,"column":null}},"line":26},"4":{"name":"(anonymous_4)","decl":{"start":{"line":31,"column":26},"end":{"line":31,"column":27}},"loc":{"start":{"line":31,"column":56},"end":{"line":31,"column":null}},"line":31},"5":{"name":"(anonymous_5)","decl":{"start":{"line":33,"column":65},"end":{"line":33,"column":71}},"loc":{"start":{"line":33,"column":71},"end":{"line":51,"column":7}},"line":33}},"branchMap":{"0":{"loc":{"start":{"line":13,"column":8},"end":{"line":15,"column":null}},"type":"if","locations":[{"start":{"line":13,"column":8},"end":{"line":15,"column":null}},{"start":{},"end":{}}],"line":13},"1":{"loc":{"start":{"line":36,"column":8},"end":{"line":38,"column":null}},"type":"if","locations":[{"start":{"line":36,"column":8},"end":{"line":38,"column":null}},{"start":{},"end":{}}],"line":36}},"s":{"0":1,"1":1,"2":1,"3":1,"4":1,"5":1,"6":1,"7":1,"8":1,"9":0,"10":1,"11":1,"12":1,"13":1,"14":1,"15":1,"16":1,"17":118,"18":1,"19":60,"20":60,"21":1,"22":59,"23":59,"24":59},"f":{"0":1,"1":1,"2":1,"3":1,"4":118,"5":60},"b":{"0":[0,1],"1":[1,59]},"meta":{"lastBranch":2,"lastFunction":6,"lastStatement":25,"seen":{"s:3:28:24:Infinity":0,"f:3:28:3:34":0,"s:4:21:4:Infinity":1,"s:5:25:5:Infinity":2,"s:6:21:6:Infinity":3,"s:8:26:8:Infinity":4,"f:8:26:8:27":1,"s:8:56:8:Infinity":5,"s:10:53:23:Infinity":6,"f:10:65:10:71":2,"s:11:25:11:Infinity":7,"b:13:8:15:Infinity:undefined:undefined:undefined:undefined":0,"s:13:8:15:Infinity":8,"s:14:12:14:Infinity":9,"s:17:30:17:Infinity":10,"s:18:8:22:Infinity":11,"s:26:35:52:Infinity":12,"f:26:35:26:41":3,"s:27:21:27:Infinity":13,"s:28:25:28:Infinity":14,"s:29:21:29:Infinity":15,"s:31:26:31:Infinity":16,"f:31:26:31:27":4,"s:31:56:31:Infinity":17,"s:33:53:51:Infinity":18,"f:33:65:33:71":5,"s:34:25:34:Infinity":19,"b:36:8:38:Infinity:undefined:undefined:undefined:undefined":1,"s:36:8:38:Infinity":20,"s:37:12:37:Infinity":21,"s:40:30:40:Infinity":22,"s:41:8:45:Infinity":23,"s:46:8:50:Infinity":24}}}
,"/home/runner/work/fundraising-event/fundraising-event/apps/web/src/core/lib/constants.ts": {"path":"/home/runner/work/fundraising-event/fundraising-event/apps/web/src/core/lib/constants.ts","statementMap":{"0":{"start":{"line":1,"column":28},"end":{"line":6,"column":null}}},"fnMap":{},"branchMap":{},"s":{"0":15},"f":{},"b":{},"meta":{"lastBranch":0,"lastFunction":0,"lastStatement":1,"seen":{"s:1:28:6:Infinity":0}}}
,"/home/runner/work/fundraising-event/fundraising-event/apps/web/src/core/lib/date.ts": {"path":"/home/runner/work/fundraising-event/fundraising-event/apps/web/src/core/lib/date.ts","statementMap":{"0":{"start":{"line":3,"column":23},"end":{"line":24,"column":null}},"1":{"start":{"line":4,"column":20},"end":{"line":4,"column":null}},"2":{"start":{"line":6,"column":4},"end":{"line":6,"column":null}},"3":{"start":{"line":6,"column":22},"end":{"line":6,"column":null}},"4":{"start":{"line":8,"column":22},"end":{"line":14,"column":null}},"5":{"start":{"line":16,"column":4},"end":{"line":21,"column":null}},"6":{"start":{"line":17,"column":22},"end":{"line":17,"column":null}},"7":{"start":{"line":18,"column":8},"end":{"line":20,"column":null}},"8":{"start":{"line":19,"column":12},"end":{"line":19,"column":null}},"9":{"start":{"line":23,"column":4},"end":{"line":23,"column":null}}},"fnMap":{"0":{"name":"(anonymous_0)","decl":{"start":{"line":3,"column":23},"end":{"line":3,"column":24}},"loc":{"start":{"line":3,"column":48},"end":{"line":24,"column":null}},"line":3}},"branchMap":{"0":{"loc":{"start":{"line":6,"column":4},"end":{"line":6,"column":null}},"type":"if","locations":[{"start":{"line":6,"column":4},"end":{"line":6,"column":null}},{"start":{},"end":{}}],"line":6},"1":{"loc":{"start":{"line":18,"column":8},"end":{"line":20,"column":null}},"type":"if","locations":[{"start":{"line":18,"column":8},"end":{"line":20,"column":null}},{"start":{},"end":{}}],"line":18}},"s":{"0":2,"1":12,"2":12,"3":9,"4":3,"5":3,"6":12,"7":12,"8":3,"9":0},"f":{"0":12},"b":{"0":[9,3],"1":[3,9]},"meta":{"lastBranch":2,"lastFunction":1,"lastStatement":10,"seen":{"s:3:23:24:Infinity":0,"f:3:23:3:24":0,"s:4:20:4:Infinity":1,"b:6:4:6:Infinity:undefined:undefined:undefined:undefined":0,"s:6:4:6:Infinity":2,"s:6:22:6:Infinity":3,"s:8:22:14:Infinity":4,"s:16:4:21:Infinity":5,"s:17:22:17:Infinity":6,"b:18:8:20:Infinity:undefined:undefined:undefined:undefined":1,"s:18:8:20:Infinity":7,"s:19:12:19:Infinity":8,"s:23:4:23:Infinity":9}}}
,"/home/runner/work/fundraising-event/fundraising-event/apps/web/src/core/lib/i18n.ts": {"path":"/home/runner/work/fundraising-event/fundraising-event/apps/web/src/core/lib/i18n.ts","statementMap":{"0":{"start":{"line":6,"column":6},"end":{"line":6,"column":null}},"1":{"start":{"line":8,"column":0},"end":{"line":25,"column":null}},"2":{"start":{"line":31,"column":27},"end":{"line":36,"column":null}},"3":{"start":{"line":32,"column":10},"end":{"line":32,"column":null}},"4":{"start":{"line":33,"column":4},"end":{"line":35,"column":null}},"5":{"start":{"line":34,"column":8},"end":{"line":34,"column":null}}},"fnMap":{"0":{"name":"(anonymous_0)","decl":{"start":{"line":31,"column":27},"end":{"line":31,"column":33}},"loc":{"start":{"line":31,"column":33},"end":{"line":36,"column":null}},"line":31},"1":{"name":"(anonymous_1)","decl":{"start":{"line":33,"column":36},"end":{"line":33,"column":37}},"loc":{"start":{"line":33,"column":58},"end":{"line":35,"column":5}},"line":33}},"branchMap":{},"s":{"0":14,"1":14,"2":14,"3":18,"4":18,"5":36},"f":{"0":18,"1":36},"b":{},"meta":{"lastBranch":0,"lastFunction":2,"lastStatement":6,"seen":{"s:6:6:6:Infinity":0,"s:8:0:25:Infinity":1,"s:31:27:36:Infinity":2,"f:31:27:31:33":0,"s:32:10:32:Infinity":3,"s:33:4:35:Infinity":4,"f:33:36:33:37":1,"s:34:8:34:Infinity":5}}}
,"/home/runner/work/fundraising-event/fundraising-event/apps/web/src/core/lib/utils.ts": {"path":"/home/runner/work/fundraising-event/fundraising-event/apps/web/src/core/lib/utils.ts","statementMap":{"0":{"start":{"line":4,"column":18},"end":{"line":6,"column":null}},"1":{"start":{"line":5,"column":4},"end":{"line":5,"column":null}}},"fnMap":{"0":{"name":"(anonymous_0)","decl":{"start":{"line":4,"column":18},"end":{"line":4,"column":22}},"loc":{"start":{"line":4,"column":47},"end":{"line":6,"column":null}},"line":4}},"branchMap":{},"s":{"0":33,"1":3725},"f":{"0":3725},"b":{},"meta":{"lastBranch":0,"lastFunction":1,"lastStatement":2,"seen":{"s:4:18:6:Infinity":0,"f:4:18:4:22":0,"s:5:4:5:Infinity":1}}}
,"/home/runner/work/fundraising-event/fundraising-event/apps/web/src/core/lib/zod-i18n.ts": {"path":"/home/runner/work/fundraising-event/fundraising-event/apps/web/src/core/lib/zod-i18n.ts","statementMap":{"0":{"start":{"line":4,"column":20},"end":{"line":80,"column":null}},"1":{"start":{"line":6,"column":25},"end":{"line":6,"column":null}},"2":{"start":{"line":7,"column":18},"end":{"line":7,"column":null}},"3":{"start":{"line":8,"column":17},"end":{"line":8,"column":null}},"4":{"start":{"line":12,"column":4},"end":{"line":77,"column":null}},"5":{"start":{"line":13,"column":21},"end":{"line":13,"column":null}},"6":{"start":{"line":15,"column":8},"end":{"line":34,"column":null}},"7":{"start":{"line":16,"column":12},"end":{"line":16,"column":null}},"8":{"start":{"line":17,"column":8},"end":{"line":34,"column":null}},"9":{"start":{"line":18,"column":12},"end":{"line":20,"column":null}},"10":{"start":{"line":21,"column":8},"end":{"line":34,"column":null}},"11":{"start":{"line":25,"column":12},"end":{"line":27,"column":null}},"12":{"start":{"line":29,"column":12},"end":{"line":33,"column":null}},"13":{"start":{"line":35,"column":4},"end":{"line":77,"column":null}},"14":{"start":{"line":36,"column":22},"end":{"line":36,"column":null}},"15":{"start":{"line":37,"column":8},"end":{"line":40,"column":null}},"16":{"start":{"line":41,"column":4},"end":{"line":77,"column":null}},"17":{"start":{"line":42,"column":22},"end":{"line":42,"column":null}},"18":{"start":{"line":43,"column":8},"end":{"line":46,"column":null}},"19":{"start":{"line":47,"column":4},"end":{"line":77,"column":null}},"20":{"start":{"line":48,"column":28},"end":{"line":48,"column":null}},"21":{"start":{"line":49,"column":8},"end":{"line":53,"column":null}},"22":{"start":{"line":50,"column":12},"end":{"line":52,"column":null}},"23":{"start":{"line":54,"column":4},"end":{"line":77,"column":null}},"24":{"start":{"line":55,"column":25},"end":{"line":55,"column":null}},"25":{"start":{"line":56,"column":8},"end":{"line":59,"column":null}},"26":{"start":{"line":60,"column":4},"end":{"line":77,"column":null}},"27":{"start":{"line":61,"column":8},"end":{"line":63,"column":null}},"28":{"start":{"line":64,"column":4},"end":{"line":77,"column":null}},"29":{"start":{"line":65,"column":8},"end":{"line":68,"column":null}},"30":{"start":{"line":69,"column":4},"end":{"line":77,"column":null}},"31":{"start":{"line":70,"column":8},"end":{"line":72,"column":null}},"32":{"start":{"line":73,"column":4},"end":{"line":77,"column":null}},"33":{"start":{"line":74,"column":8},"end":{"line":76,"column":null}},"34":{"start":{"line":79,"column":4},"end":{"line":79,"column":null}},"35":{"start":{"line":82,"column":0},"end":{"line":82,"column":null}}},"fnMap":{"0":{"name":"(anonymous_0)","decl":{"start":{"line":4,"column":20},"end":{"line":4,"column":21}},"loc":{"start":{"line":4,"column":46},"end":{"line":80,"column":null}},"line":4}},"branchMap":{"0":{"loc":{"start":{"line":6,"column":25},"end":{"line":6,"column":null}},"type":"cond-expr","locations":[{"start":{"line":6,"column":51},"end":{"line":6,"column":70}},{"start":{"line":6,"column":70},"end":{"line":6,"column":null}}],"line":6},"1":{"loc":{"start":{"line":6,"column":25},"end":{"line":6,"column":51}},"type":"binary-expr","locations":[{"start":{"line":6,"column":25},"end":{"line":6,"column":32}},{"start":{"line":6,"column":32},"end":{"line":6,"column":51}}],"line":6},"2":{"loc":{"start":{"line":7,"column":18},"end":{"line":7,"column":null}},"type":"binary-expr","locations":[{"start":{"line":7,"column":18},"end":{"line":7,"column":34}},{"start":{"line":7,"column":34},"end":{"line":7,"column":null}}],"line":7},"3":{"loc":{"start":{"line":12,"column":4},"end":{"line":77,"column":null}},"type":"if","locations":[{"start":{"line":12,"column":4},"end":{"line":77,"column":null}},{"start":{"line":35,"column":4},"end":{"line":77,"column":null}}],"line":12},"4":{"loc":{"start":{"line":13,"column":21},"end":{"line":13,"column":null}},"type":"cond-expr","locations":[{"start":{"line":13,"column":47},"end":{"line":13,"column":59}},{"start":{"line":13,"column":59},"end":{"line":13,"column":null}}],"line":13},"5":{"loc":{"start":{"line":15,"column":8},"end":{"line":34,"column":null}},"type":"if","locations":[{"start":{"line":15,"column":8},"end":{"line":34,"column":null}},{"start":{"line":17,"column":8},"end":{"line":34,"column":null}}],"line":15},"6":{"loc":{"start":{"line":15,"column":12},"end":{"line":15,"column":49}},"type":"binary-expr","locations":[{"start":{"line":15,"column":12},"end":{"line":15,"column":34}},{"start":{"line":15,"column":34},"end":{"line":15,"column":49}}],"line":15},"7":{"loc":{"start":{"line":17,"column":8},"end":{"line":34,"column":null}},"type":"if","locations":[{"start":{"line":17,"column":8},"end":{"line":34,"column":null}},{"start":{"line":21,"column":8},"end":{"line":34,"column":null}}],"line":17},"8":{"loc":{"start":{"line":21,"column":8},"end":{"line":34,"column":null}},"type":"if","locations":[{"start":{"line":21,"column":8},"end":{"line":34,"column":null}},{"start":{"line":28,"column":15},"end":{"line":34,"column":null}}],"line":21},"9":{"loc":{"start":{"line":22,"column":13},"end":{"line":23,"column":null}},"type":"binary-expr","locations":[{"start":{"line":22,"column":13},"end":{"line":22,"column":null}},{"start":{"line":23,"column":13},"end":{"line":23,"column":null}}],"line":22},"10":{"loc":{"start":{"line":35,"column":4},"end":{"line":77,"column":null}},"type":"if","locations":[{"start":{"line":35,"column":4},"end":{"line":77,"column":null}},{"start":{"line":41,"column":4},"end":{"line":77,"column":null}}],"line":35},"11":{"loc":{"start":{"line":36,"column":22},"end":{"line":36,"column":null}},"type":"binary-expr","locations":[{"start":{"line":36,"column":22},"end":{"line":36,"column":45}},{"start":{"line":36,"column":45},"end":{"line":36,"column":null}}],"line":36},"12":{"loc":{"start":{"line":41,"column":4},"end":{"line":77,"column":null}},"type":"if","locations":[{"start":{"line":41,"column":4},"end":{"line":77,"column":null}},{"start":{"line":47,"column":4},"end":{"line":77,"column":null}}],"line":41},"13":{"loc":{"start":{"line":42,"column":22},"end":{"line":42,"column":null}},"type":"binary-expr","locations":[{"start":{"line":42,"column":22},"end":{"line":42,"column":45}},{"start":{"line":42,"column":45},"end":{"line":42,"column":null}}],"line":42},"14":{"loc":{"start":{"line":47,"column":4},"end":{"line":77,"column":null}},"type":"if","locations":[{"start":{"line":47,"column":4},"end":{"line":77,"column":null}},{"start":{"line":54,"column":4},"end":{"line":77,"column":null}}],"line":47},"15":{"loc":{"start":{"line":47,"column":15},"end":{"line":47,"column":71}},"type":"binary-expr","locations":[{"start":{"line":47,"column":15},"end":{"line":47,"column":44}},{"start":{"line":47,"column":44},"end":{"line":47,"column":71}}],"line":47},"16":{"loc":{"start":{"line":48,"column":28},"end":{"line":48,"column":null}},"type":"binary-expr","locations":[{"start":{"line":48,"column":28},"end":{"line":48,"column":57}},{"start":{"line":48,"column":57},"end":{"line":48,"column":null}}],"line":48},"17":{"loc":{"start":{"line":49,"column":8},"end":{"line":53,"column":null}},"type":"if","locations":[{"start":{"line":49,"column":8},"end":{"line":53,"column":null}},{"start":{},"end":{}}],"line":49},"18":{"loc":{"start":{"line":54,"column":4},"end":{"line":77,"column":null}},"type":"if","locations":[{"start":{"line":54,"column":4},"end":{"line":77,"column":null}},{"start":{"line":60,"column":4},"end":{"line":77,"column":null}}],"line":54},"19":{"loc":{"start":{"line":54,"column":15},"end":{"line":54,"column":74}},"type":"binary-expr","locations":[{"start":{"line":54,"column":15},"end":{"line":54,"column":48}},{"start":{"line":54,"column":48},"end":{"line":54,"column":74}}],"line":54},"20":{"loc":{"start":{"line":55,"column":25},"end":{"line":55,"column":null}},"type":"binary-expr","locations":[{"start":{"line":55,"column":25},"end":{"line":55,"column":50}},{"start":{"line":55,"column":50},"end":{"line":55,"column":null}}],"line":55},"21":{"loc":{"start":{"line":60,"column":4},"end":{"line":77,"column":null}},"type":"if","locations":[{"start":{"line":60,"column":4},"end":{"line":77,"column":null}},{"start":{"line":64,"column":4},"end":{"line":77,"column":null}}],"line":60},"22":{"loc":{"start":{"line":64,"column":4},"end":{"line":77,"column":null}},"type":"if","locations":[{"start":{"line":64,"column":4},"end":{"line":77,"column":null}},{"start":{"line":69,"column":4},"end":{"line":77,"column":null}}],"line":64},"23":{"loc":{"start":{"line":69,"column":4},"end":{"line":77,"column":null}},"type":"if","locations":[{"start":{"line":69,"column":4},"end":{"line":77,"column":null}},{"start":{"line":73,"column":4},"end":{"line":77,"column":null}}],"line":69},"24":{"loc":{"start":{"line":73,"column":4},"end":{"line":77,"column":null}},"type":"if","locations":[{"start":{"line":73,"column":4},"end":{"line":77,"column":null}},{"start":{},"end":{}}],"line":73}},"s":{"0":57,"1":17,"2":17,"3":17,"4":17,"5":4,"6":4,"7":1,"8":3,"9":1,"10":2,"11":1,"12":1,"13":13,"14":5,"15":5,"16":8,"17":1,"18":1,"19":7,"20":4,"21":4,"22":4,"23":3,"24":1,"25":1,"26":2,"27":0,"28":2,"29":1,"30":1,"31":0,"32":1,"33":1,"34":17,"35":57},"f":{"0":17},"b":{"0":[0,17],"1":[17,0],"2":[17,17],"3":[4,13],"4":[0,4],"5":[1,3],"6":[4,3],"7":[1,2],"8":[1,1],"9":[2,1],"10":[5,8],"11":[5,5],"12":[1,7],"13":[1,1],"14":[4,3],"15":[7,7],"16":[4,4],"17":[4,0],"18":[1,2],"19":[3,3],"20":[1,1],"21":[0,2],"22":[1,1],"23":[0,1],"24":[1,0]},"meta":{"lastBranch":25,"lastFunction":1,"lastStatement":36,"seen":{"s:4:20:80:Infinity":0,"f:4:20:4:21":0,"s:6:25:6:Infinity":1,"b:6:51:6:70:6:70:6:Infinity":0,"b:6:25:6:32:6:32:6:51":1,"s:7:18:7:Infinity":2,"b:7:18:7:34:7:34:7:Infinity":2,"s:8:17:8:Infinity":3,"b:12:4:77:Infinity:35:4:77:Infinity":3,"s:12:4:77:Infinity":4,"s:13:21:13:Infinity":5,"b:13:47:13:59:13:59:13:Infinity":4,"b:15:8:34:Infinity:17:8:34:Infinity":5,"s:15:8:34:Infinity":6,"b:15:12:15:34:15:34:15:49":6,"s:16:12:16:Infinity":7,"b:17:8:34:Infinity:21:8:34:Infinity":7,"s:17:8:34:Infinity":8,"s:18:12:20:Infinity":9,"b:21:8:34:Infinity:28:15:34:Infinity":8,"s:21:8:34:Infinity":10,"b:22:13:22:Infinity:23:13:23:Infinity":9,"s:25:12:27:Infinity":11,"s:29:12:33:Infinity":12,"b:35:4:77:Infinity:41:4:77:Infinity":10,"s:35:4:77:Infinity":13,"s:36:22:36:Infinity":14,"b:36:22:36:45:36:45:36:Infinity":11,"s:37:8:40:Infinity":15,"b:41:4:77:Infinity:47:4:77:Infinity":12,"s:41:4:77:Infinity":16,"s:42:22:42:Infinity":17,"b:42:22:42:45:42:45:42:Infinity":13,"s:43:8:46:Infinity":18,"b:47:4:77:Infinity:54:4:77:Infinity":14,"s:47:4:77:Infinity":19,"b:47:15:47:44:47:44:47:71":15,"s:48:28:48:Infinity":20,"b:48:28:48:57:48:57:48:Infinity":16,"b:49:8:53:Infinity:undefined:undefined:undefined:undefined":17,"s:49:8:53:Infinity":21,"s:50:12:52:Infinity":22,"b:54:4:77:Infinity:60:4:77:Infinity":18,"s:54:4:77:Infinity":23,"b:54:15:54:48:54:48:54:74":19,"s:55:25:55:Infinity":24,"b:55:25:55:50:55:50:55:Infinity":20,"s:56:8:59:Infinity":25,"b:60:4:77:Infinity:64:4:77:Infinity":21,"s:60:4:77:Infinity":26,"s:61:8:63:Infinity":27,"b:64:4:77:Infinity:69:4:77:Infinity":22,"s:64:4:77:Infinity":28,"s:65:8:68:Infinity":29,"b:69:4:77:Infinity:73:4:77:Infinity":23,"s:69:4:77:Infinity":30,"s:70:8:72:Infinity":31,"b:73:4:77:Infinity:undefined:undefined:undefined:undefined":24,"s:73:4:77:Infinity":32,"s:74:8:76:Infinity":33,"s:79:4:79:Infinity":34,"s:82:0:82:Infinity":35}}}
,"/home/runner/work/fundraising-event/fundraising-event/apps/web/src/core/providers/AppConfigProvider.tsx": {"path":"/home/runner/work/fundraising-event/fundraising-event/apps/web/src/core/providers/AppConfigProvider.tsx","statementMap":{"0":{"start":{"line":29,"column":36},"end":{"line":35,"column":null}},"1":{"start":{"line":37,"column":6},"end":{"line":42,"column":null}},"2":{"start":{"line":44,"column":33},"end":{"line":130,"column":null}},"3":{"start":{"line":48,"column":10},"end":{"line":48,"column":null}},"4":{"start":{"line":49,"column":17},"end":{"line":49,"column":null}},"5":{"start":{"line":50,"column":28},"end":{"line":50,"column":null}},"6":{"start":{"line":51,"column":34},"end":{"line":51,"column":null}},"7":{"start":{"line":52,"column":26},"end":{"line":52,"column":null}},"8":{"start":{"line":53,"column":10},"end":{"line":53,"column":null}},"9":{"start":{"line":55,"column":10},"end":{"line":89,"column":null}},"10":{"start":{"line":57,"column":12},"end":{"line":57,"column":null}},"11":{"start":{"line":57,"column":27},"end":{"line":57,"column":null}},"12":{"start":{"line":58,"column":12},"end":{"line":86,"column":null}},"13":{"start":{"line":60,"column":16},"end":{"line":60,"column":null}},"14":{"start":{"line":63,"column":22},"end":{"line":63,"column":null}},"15":{"start":{"line":64,"column":22},"end":{"line":64,"column":null}},"16":{"start":{"line":65,"column":22},"end":{"line":65,"column":null}},"17":{"start":{"line":68,"column":48},"end":{"line":74,"column":null}},"18":{"start":{"line":77,"column":16},"end":{"line":77,"column":null}},"19":{"start":{"line":79,"column":16},"end":{"line":79,"column":null}},"20":{"start":{"line":80,"column":16},"end":{"line":80,"column":null}},"21":{"start":{"line":82,"column":16},"end":{"line":82,"column":null}},"22":{"start":{"line":83,"column":16},"end":{"line":83,"column":null}},"23":{"start":{"line":85,"column":16},"end":{"line":85,"column":null}},"24":{"start":{"line":85,"column":31},"end":{"line":85,"column":null}},"25":{"start":{"line":91,"column":4},"end":{"line":93,"column":null}},"26":{"start":{"line":92,"column":8},"end":{"line":92,"column":null}},"27":{"start":{"line":96,"column":4},"end":{"line":111,"column":null}},"28":{"start":{"line":97,"column":27},"end":{"line":97,"column":null}},"29":{"start":{"line":98,"column":8},"end":{"line":110,"column":null}},"30":{"start":{"line":99,"column":33},"end":{"line":101,"column":null}},"31":{"start":{"line":100,"column":16},"end":{"line":100,"column":null}},"32":{"start":{"line":103,"column":23},"end":{"line":103,"column":null}},"33":{"start":{"line":104,"column":12},"end":{"line":108,"column":null}},"34":{"start":{"line":105,"column":16},"end":{"line":105,"column":null}},"35":{"start":{"line":106,"column":16},"end":{"line":106,"column":null}},"36":{"start":{"line":107,"column":16},"end":{"line":107,"column":null}},"37":{"start":{"line":109,"column":12},"end":{"line":109,"column":null}},"38":{"start":{"line":113,"column":26},"end":{"line":115,"column":null}},"39":{"start":{"line":114,"column":8},"end":{"line":114,"column":null}},"40":{"start":{"line":117,"column":4},"end":{"line":123,"column":null}},"41":{"start":{"line":118,"column":8},"end":{"line":121,"column":null}},"42":{"start":{"line":125,"column":4},"end":{"line":128,"column":null}},"43":{"start":{"line":132,"column":28},"end":{"line":138,"column":null}},"44":{"start":{"line":133,"column":10},"end":{"line":133,"column":null}},"45":{"start":{"line":134,"column":4},"end":{"line":136,"column":null}},"46":{"start":{"line":135,"column":8},"end":{"line":135,"column":null}},"47":{"start":{"line":137,"column":4},"end":{"line":137,"column":null}}},"fnMap":{"0":{"name":"(anonymous_0)","decl":{"start":{"line":41,"column":19},"end":{"line":41,"column":31}},"loc":{"start":{"line":41,"column":31},"end":{"line":41,"column":null}},"line":41},"1":{"name":"(anonymous_1)","decl":{"start":{"line":44,"column":33},"end":{"line":44,"column":34}},"loc":{"start":{"line":47,"column":44},"end":{"line":130,"column":null}},"line":47},"2":{"name":"(anonymous_2)","decl":{"start":{"line":56,"column":8},"end":{"line":56,"column":15}},"loc":{"start":{"line":56,"column":45},"end":{"line":87,"column":null}},"line":56},"3":{"name":"(anonymous_3)","decl":{"st
[...]
3":{"start":{"line":99,"column":12},"end":{"line":99,"column":null}},"54":{"start":{"line":100,"column":12},"end":{"line":100,"column":null}},"55":{"start":{"line":101,"column":12},"end":{"line":101,"column":null}},"56":{"start":{"line":103,"column":12},"end":{"line":103,"column":null}},"57":{"start":{"line":108,"column":4},"end":{"line":116,"column":null}},"58":{"start":{"line":109,"column":29},"end":{"line":113,"column":null}},"59":{"start":{"line":110,"column":12},"end":{"line":112,"column":null}},"60":{"start":{"line":111,"column":16},"end":{"line":111,"column":null}},"61":{"start":{"line":111,"column":31},"end":{"line":111,"column":null}},"62":{"start":{"line":114,"column":8},"end":{"line":114,"column":null}},"63":{"start":{"line":115,"column":8},"end":{"line":115,"column":null}},"64":{"start":{"line":115,"column":21},"end":{"line":115,"column":null}},"65":{"start":{"line":118,"column":4},"end":{"line":217,"column":null}}},"fnMap":{"0":{"name":"(anonymous_0)","decl":{"start":{"line":17,"column":29},"end":{"line":17,"column":35}},"loc":{"start":{"line":17,"column":35},"end":{"line":219,"column":null}},"line":17},"1":{"name":"(anonymous_1)","decl":{"start":{"line":25,"column":14},"end":{"line":25,"column":20}},"loc":{"start":{"line":25,"column":20},"end":{"line":29,"column":7}},"line":25},"2":{"name":"(anonymous_2)","decl":{"start":{"line":37,"column":27},"end":{"line":37,"column":28}},"loc":{"start":{"line":37,"column":44},"end":{"line":42,"column":null}},"line":37},"3":{"name":"(anonymous_3)","decl":{"start":{"line":41,"column":18},"end":{"line":41,"column":19}},"loc":{"start":{"line":41,"column":28},"end":{"line":41,"column":38}},"line":41},"4":{"name":"(anonymous_4)","decl":{"start":{"line":44,"column":25},"end":{"line":44,"column":31}},"loc":{"start":{"line":44,"column":31},"end":{"line":46,"column":null}},"line":44},"5":{"name":"(anonymous_5)","decl":{"start":{"line":45,"column":18},"end":{"line":45,"column":19}},"loc":{"start":{"line":45,"column":28},"end":{"line":45,"column":45}},"line":45},"6":{"name":"(anonymous_6)","decl":{"start":{"line":48,"column":24},"end":{"line":48,"column":30}},"loc":{"start":{"line":48,"column":30},"end":{"line":53,"column":null}},"line":48},"7":{"name":"(anonymous_7)","decl":{"start":{"line":55,"column":25},"end":{"line":55,"column":26}},"loc":{"start":{"line":55,"column":42},"end":{"line":66,"column":null}},"line":55},"8":{"name":"(anonymous_8)","decl":{"start":{"line":68,"column":25},"end":{"line":68,"column":37}},"loc":{"start":{"line":68,"column":37},"end":{"line":105,"column":null}},"line":68},"9":{"name":"(anonymous_9)","decl":{"start":{"line":108,"column":14},"end":{"line":108,"column":20}},"loc":{"start":{"line":108,"column":20},"end":{"line":116,"column":7}},"line":108},"10":{"name":"(anonymous_10)","decl":{"start":{"line":109,"column":29},"end":{"line":109,"column":35}},"loc":{"start":{"line":109,"column":35},"end":{"line":113,"column":null}},"line":109},"11":{"name":"(anonymous_11)","decl":{"start":{"line":110,"column":44},"end":{"line":110,"column":45}},"loc":{"start":{"line":110,"column":55},"end":{"line":112,"column":13}},"line":110},"12":{"name":"(anonymous_12)","decl":{"start":{"line":115,"column":15},"end":{"line":115,"column":21}},"loc":{"start":{"line":115,"column":21},"end":{"line":115,"column":null}},"line":115}},"branchMap":{"0":{"loc":{"start":{"line":26,"column":8},"end":{"line":28,"column":null}},"type":"if","locations":[{"start":{"line":26,"column":8},"end":{"line":28,"column":null}},{"start":{},"end":{}}],"line":26},"1":{"loc":{"start":{"line":26,"column":12},"end":{"line":26,"column":54}},"type":"binary-expr","locations":[{"start":{"line":26,"column":12},"end":{"line":26,"column":21}},{"start":{"line":26,"column":21},"end":{"line":26,"column":54}}],"line":26},"2":{"loc":{"start":{"line":38,"column":8},"end":{"line":38,"column":null}},"type":"if","locations":[{"start":{"line":38,"column":8},"end":{"line":38,"column":null}},{"start":{},"end":{}}],"line":38},"3":{"loc":{"start":{"line":39,"column":8},"end":{"line":39,"column":null}},"type":"if","locations":[{"start":{"line":39,"column":8},"end":{"line":39,"column":null}},{"start":{},"end":{}}],"line":39},"4":{"loc":{"start":{"line":39,"column":12},"end":{"line":39,"column":43}},"type":"binary-expr","locations":[{"start":{"line":39,"column":12},"end":{"line":39,"column":27}},{"start":{"line":39,"column":27},"end":{"line":39,"column":43}}],"line":39},"5":{"loc":{"start":{"line":40,"column":8},"end":{"line":40,"column":null}},"type":"if","locations":[{"start":{"line":40,"column":8},"end":{"line":40,"column":null}},{"start":{},"end":{}}],"line":40},"6":{"loc":{"start":{"line":40,"column":12},"end":{"line":40,"column":63}},"type":"binary-expr","locations":[{"start":{"line":40,"column":12},"end":{"line":40,"column":29}},{"start":{"line":40,"column":29},"end":{"line":40,"column":46}},{"start":{"line":40,"column":46},"end":{"line":40,"column":63}}],"line":40},"7":{"loc":{"start":{"line":56,"column":8},"end":{"line":60,"column":null}},"type":"if","locations":[{"start":{"line":56,"column":8},"end":{"line":60,"column":null}},{"start":{},"end":{}}],"line":56},"8":{"loc":{"start":{"line":69,"column":8},"end":{"line":69,"column":null}},"type":"if","locations":[{"start":{"line":69,"column":8},"end":{"line":69,"column":null}},{"start":{},"end":{}}],"line":69},"9":{"loc":{"start":{"line":69,"column":12},"end":{"line":69,"column":47}},"type":"binary-expr","locations":[{"start":{"line":69,"column":12},"end":{"line":69,"column":23}},{"start":{"line":69,"column":23},"end":{"line":69,"column":47}}],"line":69},"10":{"loc":{"start":{"line":76,"column":18},"end":{"line":76,"column":null}},"type":"binary-expr","locations":[{"start":{"line":76,"column":18},"end":{"line":76,"column":26}},{"start":{"line":76,"column":26},"end":{"line":76,"column":null}}],"line":76},"11":{"loc":{"start":{"line":77,"column":19},"end":{"line":77,"column":null}},"type":"binary-expr","locations":[{"start":{"line":77,"column":19},"end":{"line":77,"column":28}},{"start":{"line":77,"column":28},"end":{"line":77,"column":null}}],"line":77},"12":{"loc":{"start":{"line":81,"column":8},"end":{"line":84,"column":null}},"type":"if","locations":[{"start":{"line":81,"column":8},"end":{"line":84,"column":null}},{"start":{},"end":{}}],"line":81},"13":{"loc":{"start":{"line":90,"column":8},"end":{"line":104,"column":null}},"type":"if","locations":[{"start":{"line":90,"column":8},"end":{"line":104,"column":null}},{"start":{"line":102,"column":15},"end":{"line":104,"column":null}}],"line":90},"14":{"loc":{"start":{"line":92,"column":24},"end":{"line":94,"column":null}},"type":"cond-expr","locations":[{"start":{"line":93,"column":18},"end":{"line":93,"column":null}},{"start":{"line":94,"column":18},"end":{"line":94,"column":null}}],"line":92},"15":{"loc":{"start":{"line":103,"column":24},"end":{"line":103,"column":63}},"type":"binary-expr","locations":[{"start":{"line":103,"column":24},"end":{"line":103,"column":40}},{"start":{"line":103,"column":40},"end":{"line":103,"column":63}}],"line":103},"16":{"loc":{"start":{"line":111,"column":16},"end":{"line":111,"column":null}},"type":"if","locations":[{"start":{"line":111,"column":16},"end":{"line":111,"column":null}},{"start":{},"end":{}}],"line":111},"17":{"loc":{"start":{"line":142,"column":21},"end":{"line":155,"column":null}},"type":"cond-expr","locations":[{"start":{"line":143,"column":24},"end":{"line":143,"column":null}},{"start":{"line":145,"column":24},"end":{"line":155,"column":null}}],"line":142},"18":{"loc":{"start":{"line":194,"column":34},"end":{"line":194,"column":null}},"type":"binary-expr","locations":[{"start":{"line":194,"column":34},"end":{"line":194,"column":45}},{"start":{"line":194,"column":45},"end":{"line":194,"column":null}}],"line":194},"19":{"loc":{"start":{"line":202,"column":25},"end":{"line":211,"column":null}},"type":"cond-expr","locations":[{"start":{"line":203,"column":28},"end":{"line":206,"column":null}},{"start":{"line":208,"column":28},"end":{"line":211,"column":null}}],"line":202}},"s":{"0":1,"1":18,"2":18,"3":18,"4":18,"5":18,"6":18,"7":18,"8":18,"9":0,"10":18,"11":18,"12":18,"13":18,"14":18,"15":18,"16":8,"17":0,"18":8,"19":0,"20":8,"21":0,"22":8,"23":8,"24":18,"25":0,"26":0,"27":18,"28":0,"29":0,"30":0,"31":0,"32":18,"33":13,"34":0,"35":13,"36":13,"37":18,"38":3,"39":0,"40":3,"41":3,"42":3,"43":3,"44":1,"45":1,"46":2,"47":2,"48":2,"49":1,"50":1,"51":1,"52":1,"53":1,"54":1,"55":1,"56":1,"57":18,"58":18,"59":0,"60":0,"61":0,"62":18,"63":18,"64":18,"65":18},"f":{"0":18,"1":18,"2":8,"3":8,"4":0,"5":0,"6":0,"7":13,"8":3,"9":18,"10":0,"11":0,"12":18},"b":{"0":[0,18],"1":[18,18],"2":[0,8],"3":[0,8],"4":[8,0],"5":[0,8],"6":[8,4,4],"7":[0,13],"8":[0,3],"9":[3,3],"10":[3,3],"11":[3,3],"12":[1,2],"13":[1,1],"14":[0,1],"15":[1,0],"16":[0,0],"17":[12,6],"18":[18,12],"19":[3,15]},"meta":{"lastBranch":20,"lastFunction":13,"lastStatement":66,"seen":{"s:17:29:219:Infinity":0,"f:17:29:17:35":0,"s:18:14:18:Infinity":1,"s:19:17:19:Infinity":2,"s:20:10:20:Infinity":3,"s:21:18:21:Infinity":4,"s:22:47:22:Infinity":5,"s:23:27:23:Infinity":6,"s:25:4:29:Infinity":7,"f:25:14:25:20":1,"b:26:8:28:Infinity:undefined:undefined:undefined:undefined":0,"s:26:8:28:Infinity":8,"b:26:12:26:21:26:21:26:54":1,"s:27:12:27:Infinity":9,"s:31:28:31:Infinity":10,"s:32:24:32:Infinity":11,"s:33:24:33:Infinity":12,"s:34:26:34:Infinity":13,"s:35:40:35:Infinity":14,"s:37:27:42:Infinity":15,"f:37:27:37:28":2,"b:38:8:38:Infinity:undefined:undefined:undefined:undefined":2,"s:38:8:38:Infinity":16,"s:38:32:38:Infinity":17,"b:39:8:39:Infinity:undefined:undefined:undefined:undefined":3,"s:39:8:39:Infinity":18,"b:39:12:39:27:39:27:39:43":4,"s:39:43:39:Infinity":19,"b:40:8:40:Infinity:undefined:undefined:undefined:undefined":5,"s:40:8:40:Infinity":20,"b:40:12:40:29:40:29:40:46:40:46:40:63":6,"s:40:63:40:Infinity":21,"s:41:8:41:Infinity":22,"f:41:18:41:19":3,"s:41:28:41:38":23,"s:44:25:46:Infinity":24,"f:44:25:44:31":4,"s:45:8:45:Infinity":25,"f:45:18:45:19":5,"s:45:28:45:45":26,"s:48:24:53:Infinity":27,"f:48:24:48:30":6,"s:49:8:49:Infinity":28,"s:50:8:50:Infinity":29,"s:51:8:51:Infinity":30,"s:52:8:52:Infinity":31,"s:55:25:66:Infinity":32,"f:55:25:55:26":7,"b:56:8:60:Infinity:undefined:undefined:undefined:undefined":7,"s:56:8:60:Infinity":33,"s:57:12:60:Infinity":34,"s:61:20:61:Infinity":35,"s:62:8:65:Infinity":36,"s:68:25:105:Infinity":37,"f:68:25:68:37":8,"b:69:8:69:Infinity:undefined:undefined:undefined:undefined":8,"s:69:8:69:Infinity":38,"b:69:12:69:23:69:23:69:47":9,"s:69:47:69:Infinity":39,"s:71:8:71:Infinity":40,"s:73:29:78:Infinity":41,"b:76:18:76:26:76:26:76:Infinity":10,"b:77:19:77:28:77:28:77:Infinity":11,"s:80:26:80:Infinity":42,"b:81:8:84:Infinity:undefined:undefined:undefined:undefined":12,"s:81:8:84:Infinity":43,"s:82:12:82:Infinity":44,"s:83:12:83:Infinity":45,"s:86:23:86:Infinity":46,"s:88:8:88:Infinity":47,"b:90:8:104:Infinity:102:15:104:Infinity":13,"s:90:8:104:Infinity":48,"s:91:36:91:Infinity":49,"s:92:24:94:Infinity":50,"b:93:18:93:Infinity:94:18:94:Infinity":14,"s:96:12:96:Infinity":51,"s:98:12:98:Infinity":52,"s:99:12:99:Infinity":53,"s:100:12:100:Infinity":54,"s:101:12:101:Infinity":55,"s:103:12:103:Infinity":56,"b:103:24:103:40:103:40:103:63":15,"s:108:4:116:Infinity":57,"f:108:14:108:20":9,"s:109:29:113:Infinity":58,"f:109:29:109:35":10,"s:110:12:112:Infinity":59,"f:110:44:110:45":11,"b:111:16:111:Infinity:undefined:undefined:undefined:undefined":16,"s:111:16:111:Infinity":60,"s:111:31:111:Infinity":61,"s:114:8:114:Infinity":62,"s:115:8:115:Infinity":63,"f:115:15:115:21":12,"s:115:21:115:Infinity":64,"s:118:4:217:Infinity":65,"b:143:24:143:Infinity:145:24:155:Infinity":17,"b:194:34:194:45:194:45:194:Infinity":18,"b:203:28:206:Infinity:208:28:211:Infinity":19}}}
,"/home/runner/work/fundraising-event/fundraising-event/apps/web/src/features/staff/pages/StaffLoginPage.tsx": {"path":"/home/runner/work/fundraising-event/fundraising-event/apps/web/src/features/staff/pages/StaffLoginPage.tsx","statementMap":{"0":{"start":{"line":11,"column":30},"end":{"line":113,"column":null}},"1":{"start":{"line":12,"column":14},"end":{"line":12,"column":null}},"2":{"start":{"line":13,"column":18},"end":{"line":13,"column":null}},"3":{"start":{"line":14,"column":51},"end":{"line":14,"column":null}},"4":{"start":{"line":15,"column":10},"end":{"line":15,"column":null}},"5":{"start":{"line":16,"column":17},"end":{"line":16,"column":null}},"6":{"start":{"line":17,"column":24},"end":{"line":17,"column":null}},"7":{"start":{"line":18,"column":26},"end":{"line":18,"column":null}},"8":{"start":{"line":20,"column":4},"end":{"line":24,"column":null}},"9":{"start":{"line":21,"column":8},"end":{"line":23,"column":null}},"10":{"start":{"line":22,"column":12},"end":{"line":22,"column":null}},"11":{"start":{"line":26,"column":25},"end":{"line":35,"column":null}},"12":{"start":{"line":27,"column":8},"end":{"line":27,"column":null}},"13":{"start":{"line":28,"column":8},"end":{"line":28,"column":null}},"14":{"start":{"line":29,"column":8},"end":{"line":29,"column":null}},"15":{"start":{"line":29,"column":20},"end":{"line":29,"column":null}},"16":{"start":{"line":31,"column":23},"end":{"line":31,"column":null}},"17":{"start":{"line":32,"column":8},"end":{"line":34,"column":null}},"18":{"start":{"line":33,"column":12},"end":{"line":33,"column":null}},"19":{"start":{"line":37,"column":4},"end":{"line":37,"column":null}},"20":{"start":{"line":37,"column":16},"end":{"line":37,"column":null}},"21":{"start":{"line":39,"column":4},"end":{"line":111,"column":null}},"22":{"start":{"line":84,"column":49},"end":{"line":84,"column":null}}},"fnMap":{"0":{"name":"(anonymous_0)","decl":{"start":{"line":11,"column":30},"end":{"line":11,"column":36}},"loc":{"start":{"line":11,"column":36},"end":{"line":113,"column":null}},"line":11},"1":{"name":"(anonymous_1)","decl":{"start":{"line":20,"column":14},"end":{"line":20,"column":20}},"loc":{"start":{"line":20,"column":20},"end":{"line":24,"column":7}},"line":20},"2":{"name":"(anonymous_2)","decl":{"start":{"line":26,"column":25},"end":{"line":26,"column":32}},"loc":{"start":{"line":26,"column":55},"end":{"line":35,"column":null}},"line":26},"3":{"name":"(anonymous_3)","decl":{"start":{"line":84,"column":42},"end":{"line":84,"column":43}},"loc":{"start":{"line":84,"column":49},"end":{"line":84,"column":null}},"line":84}},"branchMap":{"0":{"loc":{"start":{"line":21,"column":8},"end":{"line":23,"column":null}},"type":"if","locations":[{"start":{"line":21,"column":8},"end":{"line":23,"column":null}},{"start":{},"end":{}}],"line":21},"1":{"loc":{"start":{"line":21,"column":12},"end":{"line":21,"column":61}},"type":"binary-expr","locations":[{"start":{"line":21,"column":12},"end":{"line":21,"column":21}},{"start":{"line":21,"column":21},"end":{"line":21,"column":55}},{"start":{"line":21,"column":55},"end":{"line":21,"column":61}}],"line":21},"2":{"loc":{"start":{"line":29,"column":8},"end":{"line":29,"column":null}},"type":"if","locations":[{"start":{"line":29,"column":8},"end":{"line":29,"column":null}},{"start":{},"end":{}}],"line":29},"3":{"loc":{"start":{"line":32,"column":8},"end":{"line":34,"column":null}},"type":"if","locations":[{"start":{"line":32,"column":8},"end":{"line":34,"column":null}},{"start":{},"end":{}}],"line":32},"4":{"loc":{"start":{"line":33,"column":21},"end":{"line":33,"column":60}},"type":"binary-expr","locations":[{"start":{"line":33,"column":21},"end":{"line":33,"column":37}},{"start":{"line":33,"column":37},"end":{"line":33,"column":60}}],"line":33},"5":{"loc":{"start":{"line":37,"column":4},"end":{"line":37,"column":null}},"type":"if","locations":[{"start":{"line":37,"column":4},"end":{"line":37,"column":null}},{"start":{},"end":{}}],"line":37},"6":{"loc":{"start":{"line":92,"column":29},"end":{"line":92,"column":null}},"type":"binary-expr","locations":[{"start":{"line":92,"column":29},"end":{"line":92,"column":38}},{"start":{"line":92,"column":38},"end":{"line":92,"column":null}}],"line":92},"7":{"loc":{"start":{"line":98,"column":38},"end":{"line":98,"column":null}},"type":"binary-expr","locations":[{"start":{"line":98,"column":38},"end":{"line":98,"column":51}},{"start":{"line":98,"column":51},"end":{"line":98,"column":null}}],"line":98},"8":{"loc":{"start":{"line":104,"column":29},"end":{"line":106,"column":null}},"type":"cond-expr","locations":[{"start":{"line":105,"column":34},"end":{"line":105,"column":null}},{"start":{"line":106,"column":34},"end":{"line":106,"column":null}}],"line":104}},"s":{"0":1,"1":9,"2":9,"3":9,"4":9,"5":9,"6":9,"7":9,"8":9,"9":4,"10":1,"11":9,"12":2,"13":2,"14":2,"15":0,"16":2,"17":2,"18":1,"19":9,"20":0,"21":9,"22":2},"f":{"0":9,"1":4,"2":2,"3":2},"b":{"0":[1,3],"1":[4,4,1],"2":[0,2],"3":[1,1],"4":[1,0],"5":[0,9],"6":[9,1],"7":[9,9],"8":[0,9]},"meta":{"lastBranch":9,"lastFunction":4,"lastStatement":23,"seen":{"s:11:30:113:Infinity":0,"f:11:30:11:36":0,"s:12:14:12:Infinity":1,"s:13:18:13:Infinity":2,"s:14:51:14:Infinity":3,"s:15:10:15:Infinity":4,"s:16:17:16:Infinity":5,"s:17:24:17:Infinity":6,"s:18:26:18:Infinity":7,"s:20:4:24:Infinity":8,"f:20:14:20:20":1,"b:21:8:23:Infinity:undefined:undefined:undefined:undefined":0,"s:21:8:23:Infinity":9,"b:21:12:21:21:21:21:21:55:21:55:21:61":1,"s:22:12:22:Infinity":10,"s:26:25:35:Infinity":11,"f:26:25:26:32":2,"s:27:8:27:Infinity":12,"s:28:8:28:Infinity":13,"b:29:8:29:Infinity:undefined:undefined:undefined:undefined":2,"s:29:8:29:Infinity":14,"s:29:20:29:Infinity":15,"s:31:23:31:Infinity":16,"b:32:8:34:Infinity:undefined:undefined:undefined:undefined":3,"s:32:8:34:Infinity":17,"s:33:12:33:Infinity":18,"b:33:21:33:37:33:37:33:60":4,"b:37:4:37:Infinity:undefined:undefined:undefined:undefined":5,"s:37:4:37:Infinity":19,"s:37:16:37:Infinity":20,"s:39:4:111:Infinity":21,"f:84:42:84:43":3,"s:84:49:84:Infinity":22,"b:92:29:92:38:92:38:92:Infinity":6,"b:98:38:98:51:98:51:98:Infinity":7,"b:105:34:105:Infinity:106:34:106:Infinity":8}}}
,"/home/runner/work/fundraising-event/fundraising-event/apps/web/src/test/utils.tsx": {"path":"/home/runner/work/fundraising-event/fundraising-event/apps/web/src/test/utils.tsx","statementMap":{"0":{"start":{"line":8,"column":30},"end":{"line":15,"column":null}},"1":{"start":{"line":9,"column":4},"end":{"line":15,"column":null}},"2":{"start":{"line":19,"column":35},"end":{"line":22,"column":null}},"3":{"start":{"line":20,"column":24},"end":{"line":20,"column":null}},"4":{"start":{"line":21,"column":4},"end":{"line":21,"column":null}},"5":{"start":{"line":24,"column":27},"end":{"line":32,"column":null}},"6":{"start":{"line":25,"column":4},"end":{"line":30,"column":null}},"7":{"start":{"line":34,"column":21},"end":{"line":35,"column":null}},"8":{"start":{"line":34,"column":37},"end":{"line":35,"column":null}}},"fnMap":{"0":{"name":"(anonymous_0)","decl":{"start":{"line":8,"column":30},"end":{"line":8,"column":null}},"loc":{"start":{"line":9,"column":4},"end":{"line":15,"column":null}},"line":9},"1":{"name":"(anonymous_1)","decl":{"start":{"line":19,"column":35},"end":{"line":19,"column":36}},"loc":{"start":{"line":19,"column":78},"end":{"line":22,"column":null}},"line":19},"2":{"name":"(anonymous_2)","decl":{"start":{"line":24,"column":27},"end":{"line":24,"column":28}},"loc":{"start":{"line":24,"column":70},"end":{"line":32,"column":null}},"line":24},"3":{"name":"(anonymous_3)","decl":{"start":{"line":34,"column":21},"end":{"line":34,"column":22}},"loc":{"start":{"line":34,"column":37},"end":{"line":35,"column":null}},"line":34}},"branchMap":{},"s":{"0":11,"1":21,"2":11,"3":21,"4":21,"5":11,"6":19,"7":11,"8":19},"f":{"0":21,"1":21,"2":19,"3":19},"b":{},"meta":{"lastBranch":0,"lastFunction":4,"lastStatement":9,"seen":{"s:8:30:15:Infinity":0,"f:8:30:8:Infinity":0,"s:9:4:15:Infinity":1,"s:19:35:22:Infinity":2,"f:19:35:19:36":1,"s:20:24:20:Infinity":3,"s:21:4:21:Infinity":4,"s:24:27:32:Infinity":5,"f:24:27:24:28":2,"s:25:4:30:Infinity":6,"s:34:21:35:Infinity":7,"f:34:21:34:22":3,"s:34:37:35:Infinity":8}}}
}
