{"/home/runner/work/fundraising-event/fundraising-event/apps/api/src/app.module.ts": {"path":"/home/runner/work/fundraising-event/fundraising-event/apps/api/src/app.module.ts","statementMap":{"0":{"start":{"line":25,"column":52},"end":{"line":38,"column":null}}},"fnMap":{"0":{"name":"(anonymous_0)","decl":{"start":{"line":25,"column":24},"end":{"line":25,"column":25}},"loc":{"start":{"line":25,"column":52},"end":{"line":38,"column":null}},"line":25}},"branchMap":{"0":{"loc":{"start":{"line":34,"column":30},"end":{"line":34,"column":null}},"type":"binary-expr","locations":[{"start":{"line":34,"column":30},"end":{"line":34,"column":58}},{"start":{"line":34,"column":58},"end":{"line":34,"column":null}}],"line":34},"1":{"loc":{"start":{"line":35,"column":39},"end":{"line":35,"column":null}},"type":"binary-expr","locations":[{"start":{"line":35,"column":39},"end":{"line":35,"column":67}},{"start":{"line":35,"column":67},"end":{"line":35,"column":null}}],"line":35}},"s":{"0":7},"f":{"0":7},"b":{"0":[7,7],"1":[7,7]},"meta":{"lastBranch":2,"lastFunction":1,"lastStatement":1,"seen":{"f:25:24:25:25":0,"s:25:52:38:Infinity":0,"b:34:30:34:58:34:58:34:Infinity":0,"b:35:39:35:67:35:67:35:Infinity":1}}}
,"/home/runner/work/fundraising-event/fundraising-event/apps/api/src/common/utils/i18n.util.ts": {"path":"/home/runner/work/fundraising-event/fundraising-event/apps/api/src/common/utils/i18n.util.ts","statementMap":{"0":{"start":{"line":8,"column":8},"end":{"line":8,"column":null}},"1":{"start":{"line":8,"column":54},"end":{"line":8,"column":72}},"2":{"start":{"line":17,"column":14},"end":{"line":17,"column":null}},"3":{"start":{"line":20,"column":12},"end":{"line":20,"column":null}},"4":{"start":{"line":23,"column":8},"end":{"line":23,"column":null}},"5":{"start":{"line":30,"column":20},"end":{"line":30,"column":null}},"6":{"start":{"line":32,"column":8},"end":{"line":36,"column":null}},"7":{"start":{"line":34,"column":28},"end":{"line":34,"column":null}},"8":{"start":{"line":35,"column":12},"end":{"line":35,"column":null}},"9":{"start":{"line":38,"column":8},"end":{"line":40,"column":null}},"10":{"start":{"line":39,"column":12},"end":{"line":39,"column":null}},"11":{"start":{"line":43,"column":8},"end":{"line":45,"column":null}},"12":{"start":{"line":44,"column":12},"end":{"line":44,"column":null}}},"fnMap":{"0":{"name":"(anonymous_0)","decl":{"start":{"line":7,"column":19},"end":{"line":7,"column":30}},"loc":{"start":{"line":7,"column":74},"end":{"line":9,"column":null}},"line":7},"1":{"name":"(anonymous_1)","decl":{"start":{"line":8,"column":38},"end":{"line":8,"column":39}},"loc":{"start":{"line":8,"column":54},"end":{"line":8,"column":72}},"line":8},"2":{"name":"(anonymous_2)","decl":{"start":{"line":14,"column":11},"end":{"line":14,"column":34}},"loc":{"start":{"line":14,"column":88},"end":{"line":24,"column":null}},"line":14},"3":{"name":"(anonymous_3)","decl":{"start":{"line":29,"column":11},"end":{"line":29,"column":13}},"loc":{"start":{"line":29,"column":91},"end":{"line":46,"column":null}},"line":29},"4":{"name":"(anonymous_4)","decl":{"start":{"line":43,"column":43},"end":{"line":43,"column":44}},"loc":{"start":{"line":43,"column":47},"end":{"line":45,"column":null}},"line":43}},"branchMap":{"0":{"loc":{"start":{"line":8,"column":54},"end":{"line":8,"column":72}},"type":"binary-expr","locations":[{"start":{"line":8,"column":54},"end":{"line":8,"column":62}},{"start":{"line":8,"column":62},"end":{"line":8,"column":72}}],"line":8},"1":{"loc":{"start":{"line":20,"column":12},"end":{"line":20,"column":null}},"type":"cond-expr","locations":[{"start":{"line":20,"column":68},"end":{"line":20,"column":77}},{"start":{"line":20,"column":77},"end":{"line":20,"column":null}}],"line":20},"2":{"loc":{"start":{"line":29,"column":37},"end":{"line":29,"column":81}},"type":"default-arg","locations":[{"start":{"line":29,"column":79},"end":{"line":29,"column":81}}],"line":29},"3":{"loc":{"start":{"line":32,"column":8},"end":{"line":36,"column":null}},"type":"if","locations":[{"start":{"line":32,"column":8},"end":{"line":36,"column":null}},{"start":{},"end":{}}],"line":32},"4":{"loc":{"start":{"line":35,"column":20},"end":{"line":35,"column":null}},"type":"cond-expr","locations":[{"start":{"line":35,"column":44},"end":{"line":35,"column":54}},{"start":{"line":35,"column":54},"end":{"line":35,"column":null}}],"line":35},"5":{"loc":{"start":{"line":38,"column":8},"end":{"line":40,"column":null}},"type":"if","locations":[{"start":{"line":38,"column":8},"end":{"line":40,"column":null}},{"start":{},"end":{}}],"line":38},"6":{"loc":{"start":{"line":44,"column":19},"end":{"line":44,"column":96}},"type":"cond-expr","locations":[{"start":{"line":44,"column":52},"end":{"line":44,"column":79}},{"start":{"line":44,"column":79},"end":{"line":44,"column":96}}],"line":44}},"s":{"0":78,"1":219,"2":7,"3":7,"4":7,"5":77,"6":77,"7":1,"8":1,"9":77,"10":0,"11":77,"12":8},"f":{"0":9,"1":219,"2":9,"3":9,"4":8},"b":{"0":[219,217],"1":[7,0],"2":[77],"3":[1,76],"4":[0,1],"5":[0,77],"6":[7,1]},"meta":{"lastBranch":7,"lastFunction":5,"lastStatement":13,"seen":{"f:7:19:7:30":0,"s:8:8:8:Infinity":0,"f:8:38:8:39":1,"s:8:54:8:72":1,"b:8:54:8:62:8:62:8:72":0,"f:14:11:14:34":2,"s:17:14:17:Infinity":2,"s:20:12:20:Infinity":3,"b:20:68:20:77:20:77:20:Infinity":1,"s:23:8:23:Infinity":4,"f:29:11:29:13":3,"b:29:79:29:81":2,"s:30:20:30:Infinity":5,"b:32:8:36:Infinity:undefined:undefined:undefined:undefined":3,"s:32:8:36:Infinity":6,"s:34:28:34:Infinity":7,"s:35:12:35:Infinity":8,"b:35:44:35:54:35:54:35:Infinity":4,"b:38:8:40:Infinity:undefined:undefined:undefined:undefined":5,"s:38:8:40:Infinity":9,"s:39:12:39:Infinity":10,"s:43:8:45:Infinity":11,"f:43:43:43:44":4,"s:44:12:44:Infinity":12,"b:44:52:44:79:44:79:44:96":6}}}
,"/home/runner/work/fundraising-event/fundraising-event/apps/api/src/database/database.module.ts": {"path":"/home/runner/work/fundraising-event/fundraising-event/apps/api/src/database/database.module.ts","statementMap":{},"fnMap":{},"branchMap":{},"s":{},"f":{},"b":{},"meta":{"lastBranch":0,"lastFunction":0,"lastStatement":0,"seen":{}}}
,"/home/runner/work/fundraising-event/fundraising-event/apps/api/src/database/prisma.service.ts": {"path":"/home/runner/work/fundraising-event/fundraising-event/apps/api/src/database/prisma.service.ts","statementMap":{"0":{"start":{"line":9,"column":33},"end":{"line":9,"column":62}},"1":{"start":{"line":10,"column":21},"end":{"line":10,"column":null}},"2":{"start":{"line":11,"column":24},"end":{"line":11,"column":null}},"3":{"start":{"line":13,"column":8},"end":{"line":16,"column":null}},"4":{"start":{"line":23,"column":8},"end":{"line":23,"column":null}}},"fnMap":{"0":{"name":"(anonymous_0)","decl":{"start":{"line":8,"column":4},"end":{"line":8,"column":18}},"loc":{"start":{"line":8,"column":18},"end":{"line":17,"column":null}},"line":8},"1":{"name":"(anonymous_1)","decl":{"start":{"line":19,"column":10},"end":{"line":19,"column":25}},"loc":{"start":{"line":19,"column":25},"end":{"line":24,"column":null}},"line":19}},"branchMap":{},"s":{"0":0,"1":0,"2":0,"3":0,"4":0},"f":{"0":0,"1":0},"b":{},"meta":{"lastBranch":0,"lastFunction":2,"lastStatement":5,"seen":{"f:8:4:8:18":0,"s:9:33:9:62":0,"s:10:21:10:Infinity":1,"s:11:24:11:Infinity":2,"s:13:8:16:Infinity":3,"f:19:10:19:25":1,"s:23:8:23:Infinity":4}}}
,"/home/runner/work/fundraising-event/fundraising-event/apps/api/src/features/auth/auth.controller.ts": {"path":"/home/runner/work/fundraising-event/fundraising-event/apps/api/src/features/auth/auth.controller.ts","statementMap":{"0":{"start":{"line":20,"column":24},"end":{"line":20,"column":48}},"1":{"start":{"line":24,"column":21},"end":{"line":24,"column":null}},"2":{"start":{"line":25,"column":8},"end":{"line":27,"column":null}},"3":{"start":{"line":26,"column":12},"end":{"line":26,"column":null}},"4":{"start":{"line":28,"column":8},"end":{"line":28,"column":null}},"5":{"start":{"line":34,"column":22},"end":{"line":36,"column":null}},"6":{"start":{"line":38,"column":8},"end":{"line":40,"column":null}},"7":{"start":{"line":39,"column":12},"end":{"line":39,"column":null}},"8":{"start":{"line":41,"column":8},"end":{"line":41,"column":null}},"9":{"start":{"line":54,"column":21},"end":{"line":54,"column":null}},"10":{"start":{"line":55,"column":8},"end":{"line":57,"column":null}},"11":{"start":{"line":56,"column":12},"end":{"line":56,"column":null}},"12":{"start":{"line":58,"column":52},"end":{"line":58,"column":null}},"13":{"start":{"line":60,"column":28},"end":{"line":60,"column":null}},"14":{"start":{"line":62,"column":22},"end":{"line":62,"column":null}},"15":{"start":{"line":63,"column":25},"end":{"line":63,"column":null}},"16":{"start":{"line":65,"column":8},"end":{"line":65,"column":null}}},"fnMap":{"0":{"name":"(anonymous_0)","decl":{"start":{"line":20,"column":4},"end":{"line":20,"column":16}},"loc":{"start":{"line":20,"column":50},"end":{"line":20,"column":null}},"line":20},"1":{"name":"(anonymous_1)","decl":{"start":{"line":23,"column":10},"end":{"line":23,"column":16}},"loc":{"start":{"line":23,"column":44},"end":{"line":29,"column":null}},"line":23},"2":{"name":"(anonymous_2)","decl":{"start":{"line":33,"column":10},"end":{"line":33,"column":21}},"loc":{"start":{"line":33,"column":59},"end":{"line":42,"column":null}},"line":33},"3":{"name":"(anonymous_3)","decl":{"start":{"line":46,"column":10},"end":{"line":46,"column":23}},"loc":{"start":{"line":46,"column":23},"end":{"line":49,"column":null}},"line":46},"4":{"name":"(anonymous_4)","decl":{"start":{"line":53,"column":10},"end":{"line":53,"column":29}},"loc":{"start":{"line":53,"column":85},"end":{"line":66,"column":null}},"line":53}},"branchMap":{"0":{"loc":{"start":{"line":25,"column":8},"end":{"line":27,"column":null}},"type":"if","locations":[{"start":{"line":25,"column":8},"end":{"line":27,"column":null}},{"start":{},"end":{}}],"line":25},"1":{"loc":{"start":{"line":38,"column":8},"end":{"line":40,"column":null}},"type":"if","locations":[{"start":{"line":38,"column":8},"end":{"line":40,"column":null}},{"start":{},"end":{}}],"line":38},"2":{"loc":{"start":{"line":55,"column":8},"end":{"line":57,"column":null}},"type":"if","locations":[{"start":{"line":55,"column":8},"end":{"line":57,"column":null}},{"start":{},"end":{}}],"line":55},"3":{"loc":{"start":{"line":60,"column":28},"end":{"line":60,"column":null}},"type":"binary-expr","locations":[{"start":{"line":60,"column":28},"end":{"line":60,"column":52}},{"start":{"line":60,"column":56},"end":{"line":60,"column":null}}],"line":60}},"s":{"0":18,"1":4,"2":4,"3":2,"4":2,"5":5,"6":5,"7":2,"8":3,"9":3,"10":3,"11":1,"12":2,"13":2,"14":3,"15":3,"16":3},"f":{"0":18,"1":4,"2":5,"3":0,"4":3},"b":{"0":[2,2],"1":[2,3],"2":[1,2],"3":[2,2]},"meta":{"lastBranch":4,"lastFunction":5,"lastStatement":17,"seen":{"f:20:4:20:16":0,"s:20:24:20:48":0,"f:23:10:23:16":1,"s:24:21:24:Infinity":1,"b:25:8:27:Infinity:undefined:undefined:undefined:undefined":0,"s:25:8:27:Infinity":2,"s:26:12:26:Infinity":3,"s:28:8:28:Infinity":4,"f:33:10:33:21":2,"s:34:22:36:Infinity":5,"b:38:8:40:Infinity:undefined:undefined:undefined:undefined":1,"s:38:8:40:Infinity":6,"s:39:12:39:Infinity":7,"s:41:8:41:Infinity":8,"f:46:10:46:23":3,"f:53:10:53:29":4,"s:54:21:54:Infinity":9,"b:55:8:57:Infinity:undefined:undefined:undefined:undefined":2,"s:55:8:57:Infinity":10,"s:56:12:56:Infinity":11,"s:58:52:58:Infinity":12,"s:60:28:60:Infinity":13,"b:60:28:60:52:60:56:60:Infinity":3,"s:62:22:62:Infinity":14,"s:63:25:63:Infinity":15,"s:65:8:65:Infinity":16}}}
,"/home/runner/work/fundraising-event/fundraising-event/apps/api/src/features/auth/auth.module.ts": {"path":"/home/runner/work/fundraising-event/fundraising-event/apps/api/src/features/auth/auth.module.ts","statementMap":{"0":{"start":{"line":20,"column":59},"end":{"line":23,"column":null}},"1":{"start":{"line":42,"column":29},"end":{"line":42,"column":null}},"2":{"start":{"line":43,"column":16},"end":{"line":45,"column":null}},"3":{"start":{"line":44,"column":20},"end":{"line":44,"column":null}},"4":{"start":{"line":46,"column":16},"end":{"line":46,"column":null}}},"fnMap":{"0":{"name":"(anonymous_0)","decl":{"start":{"line":20,"column":24},"end":{"line":20,"column":25}},"loc":{"start":{"line":20,"column":59},"end":{"line":23,"column":null}},"line":20},"1":{"name":"(anonymous_1)","decl":{"start":{"line":37,"column":24},"end":{"line":37,"column":null}},"loc":{"start":{"line":40,"column":16},"end":{"line":47,"column":null}},"line":40}},"branchMap":{"0":{"loc":{"start":{"line":21,"column":24},"end":{"line":21,"column":null}},"type":"binary-expr","locations":[{"start":{"line":21,"column":24},"end":{"line":21,"column":67}},{"start":{"line":21,"column":67},"end":{"line":21,"column":null}}],"line":21},"1":{"loc":{"start":{"line":43,"column":16},"end":{"line":45,"column":null}},"type":"if","locations":[{"start":{"line":43,"column":16},"end":{"line":45,"column":null}},{"start":{},"end":{}}],"line":43}},"s":{"0":7,"1":7,"2":7,"3":0,"4":7},"f":{"0":7,"1":7},"b":{"0":[7,7],"1":[0,7]},"meta":{"lastBranch":2,"lastFunction":2,"lastStatement":5,"seen":{"f:20:24:20:25":0,"s:20:59:23:Infinity":0,"b:21:24:21:67:21:67:21:Infinity":0,"f:37:24:37:Infinity":1,"s:42:29:42:Infinity":1,"b:43:16:45:Infinity:undefined:undefined:undefined:undefined":1,"s:43:16:45:Infinity":2,"s:44:20:44:Infinity":3,"s:46:16:46:Infinity":4}}}
,"/home/runner/work/fundraising-event/fundraising-event/apps/api/src/features/auth/auth.service.ts": {"path":"/home/runner/work/fundraising-event/fundraising-event/apps/api/src/features/auth/auth.service.ts","statementMap":{"0":{"start":{"line":10,"column":16},"end":{"line":10,"column":38}},"1":{"start":{"line":11,"column":16},"end":{"line":11,"column":44}},"2":{"start":{"line":12,"column":16},"end":{"line":12,"column":37}},"3":{"start":{"line":13,"column":41},"end":{"line":13,"column":67}},"4":{"start":{"line":17,"column":8},"end":{"line":17,"column":null}},"5":{"start":{"line":21,"column":22},"end":{"line":30,"column":null}},"6":{"start":{"line":32,"column":8},"end":{"line":39,"column":null}},"7":{"start":{"line":33,"column":12},"end":{"line":38,"column":null}},"8":{"start":{"line":40,"column":8},"end":{"line":40,"column":null}},"9":{"start":{"line":44,"column":24},"end":{"line":48,"column":null}},"10":{"start":{"line":49,"column":8},"end":{"line":56,"column":null}},"11":{"start":{"line":60,"column":24},"end":{"line":65,"column":null}},"12":{"start":{"line":66,"column":8},"end":{"line":69,"column":null}},"13":{"start":{"line":80,"column":8},"end":{"line":85,"column":null}}},"fnMap":{"0":{"name":"(anonymous_0)","decl":{"start":{"line":9,"column":4},"end":{"line":9,"column":null}},"loc":{"start":{"line":14,"column":6},"end":{"line":14,"column":null}},"line":14},"1":{"name":"(anonymous_1)","decl":{"start":{"line":16,"column":10},"end":{"line":16,"column":23}},"loc":{"start":{"line":16,"column":78},"end":{"line":18,"column":null}},"line":16},"2":{"name":"(anonymous_2)","decl":{"start":{"line":20,"column":10},"end":{"line":20,"column":24}},"loc":{"start":{"line":20,"column":81},"end":{"line":41,"column":null}},"line":20},"3":{"name":"(anonymous_3)","decl":{"start":{"line":43,"column":4},"end":{"line":43,"column":10}},"loc":{"start":{"line":43,"column":26},"end":{"line":57,"column":null}},"line":43},"4":{"name":"(anonymous_4)","decl":{"start":{"line":59,"column":4},"end":{"line":59,"column":15}},"loc":{"start":{"line":59,"column":32},"end":{"line":70,"column":null}},"line":59},"5":{"name":"(anonymous_5)","decl":{"start":{"line":72,"column":10},"end":{"line":72,"column":29}},"loc":{"start":{"line":77,"column":7},"end":{"line":86,"column":null}},"line":77}},"branchMap":{"0":{"loc":{"start":{"line":32,"column":8},"end":{"line":39,"column":null}},"type":"if","locations":[{"start":{"line":32,"column":8},"end":{"line":39,"column":null}},{"start":{},"end":{}}],"line":32},"1":{"loc":{"start":{"line":32,"column":12},"end":{"line":32,"column":46}},"type":"binary-expr","locations":[{"start":{"line":32,"column":12},"end":{"line":32,"column":21}},{"start":{"line":32,"column":21},"end":{"line":32,"column":46}}],"line":32}},"s":{"0":21,"1":21,"2":21,"3":21,"4":3,"5":6,"6":6,"7":3,"8":3,"9":2,"10":2,"11":2,"12":2,"13":3},"f":{"0":21,"1":3,"2":6,"3":2,"4":2,"5":3},"b":{"0":[3,3],"1":[6,3]},"meta":{"lastBranch":2,"lastFunction":6,"lastStatement":14,"seen":{"f:9:4:9:Infinity":0,"s:10:16:10:38":0,"s:11:16:11:44":1,"s:12:16:12:37":2,"s:13:41:13:67":3,"f:16:10:16:23":1,"s:17:8:17:Infinity":4,"f:20:10:20:24":2,"s:21:22:30:Infinity":5,"b:32:8:39:Infinity:undefined:undefined:undefined:undefined":0,"s:32:8:39:Infinity":6,"b:32:12:32:21:32:21:32:46":1,"s:33:12:38:Infinity":7,"s:40:8:40:Infinity":8,"f:43:4:43:10":3,"s:44:24:48:Infinity":9,"s:49:8:56:Infinity":10,"f:59:4:59:15":4,"s:60:24:65:Infinity":11,"s:66:8:69:Infinity":12,"f:72:10:72:29":5,"s:80:8:85:Infinity":13}}}
,"/home/runner/work/fundraising-event/fundraising-event/apps/api/src/features/auth/google.strategy.ts": {"path":"/home/runner/work/fundraising-event/fundraising-event/apps/api/src/features/auth/google.strategy.ts","statementMap":{"0":{"start":{"line":10,"column":8},"end":{"line":17,"column":null}},"1":{"start":{"line":26,"column":41},"end":{"line":26,"column":null}},"2":{"start":{"line":27,"column":37},"end":{"line":33,"column":null}},"3":{"start":{"line":34,"column":8},"end":{"line":34,"column":null}},"4":{"start":{"line":35,"column":8},"end":{"line":35,"column":null}}},"fnMap":{"0":{"name":"(anonymous_0)","decl":{"start":{"line":9,"column":4},"end":{"line":9,"column":16}},"loc":{"start":{"line":9,"column":46},"end":{"line":18,"column":null}},"line":9},"1":{"name":"(anonymous_1)","decl":{"start":{"line":20,"column":4},"end":{"line":20,"column":null}},"loc":{"start":{"line":25,"column":22},"end":{"line":36,"column":null}},"line":25}},"branchMap":{"0":{"loc":{"start":{"line":11,"column":22},"end":{"line":11,"column":null}},"type":"binary-expr","locations":[{"start":{"line":11,"column":22},"end":{"line":11,"column":71}},{"start":{"line":11,"column":71},"end":{"line":11,"column":null}}],"line":11},"1":{"loc":{"start":{"line":12,"column":26},"end":{"line":12,"column":null}},"type":"binary-expr","locations":[{"start":{"line":12,"column":26},"end":{"line":12,"column":79}},{"start":{"line":12,"column":79},"end":{"line":12,"column":null}}],"line":12},"2":{"loc":{"start":{"line":14,"column":16},"end":{"line":15,"column":null}},"type":"binary-expr","locations":[{"start":{"line":14,"column":16},"end":{"line":14,"column":null}},{"start":{"line":15,"column":16},"end":{"line":15,"column":null}}],"line":14},"3":{"loc":{"start":{"line":28,"column":19},"end":{"line":28,"column":null}},"type":"cond-expr","locations":[{"start":{"line":28,"column":41},"end":{"line":28,"column":56}},{"start":{"line":28,"column":59},"end":{"line":28,"column":null}}],"line":28},"4":{"loc":{"start":{"line":28,"column":19},"end":{"line":28,"column":38}},"type":"binary-expr","locations":[{"start":{"line":28,"column":19},"end":{"line":28,"column":29}},{"start":{"line":28,"column":29},"end":{"line":28,"column":38}}],"line":28},"5":{"loc":{"start":{"line":29,"column":23},"end":{"line":29,"column":null}},"type":"cond-expr","locations":[{"start":{"line":29,"column":30},"end":{"line":29,"column":44}},{"start":{"line":29,"column":47},"end":{"line":29,"column":null}}],"line":29},"6":{"loc":{"start":{"line":30,"column":22},"end":{"line":30,"column":null}},"type":"cond-expr","locations":[{"start":{"line":30,"column":29},"end":{"line":30,"column":44}},{"start":{"line":30,"column":47},"end":{"line":30,"column":null}}],"line":30},"7":{"loc":{"start":{"line":31,"column":21},"end":{"line":31,"column":null}},"type":"cond-expr","locations":[{"start":{"line":31,"column":43},"end":{"line":31,"column":58}},{"start":{"line":31,"column":61},"end":{"line":31,"column":null}}],"line":31},"8":{"loc":{"start":{"line":31,"column":21},"end":{"line":31,"column":40}},"type":"binary-expr","locations":[{"start":{"line":31,"column":21},"end":{"line":31,"column":31}},{"start":{"line":31,"column":31},"end":{"line":31,"column":40}}],"line":31}},"s":{"0":10,"1":2,"2":2,"3":2,"4":2},"f":{"0":10,"1":2},"b":{"0":[10,7],"1":[10,7],"2":[10,7],"3":[1,1],"4":[2,1],"5":[1,1],"6":[1,1],"7":[1,1],"8":[2,1]},"meta":{"lastBranch":9,"lastFunction":2,"lastStatement":5,"seen":{"f:9:4:9:16":0,"s:10:8:17:Infinity":0,"b:11:22:11:71:11:71:11:Infinity":0,"b:12:26:12:79:12:79:12:Infinity":1,"b:14:16:14:Infinity:15:16:15:Infinity":2,"f:20:4:20:Infinity":1,"s:26:41:26:Infinity":1,"s:27:37:33:Infinity":2,"b:28:41:28:56:28:59:28:Infinity":3,"b:28:19:28:29:28:29:28:38":4,"b:29:30:29:44:29:47:29:Infinity":5,"b:30:29:30:44:30:47:30:Infinity":6,"b:31:43:31:58:31:61:31:Infinity":7,"b:31:21:31:31:31:31:31:40":8,"s:34:8:34:Infinity":3,"s:35:8:35:Infinity":4}}}
,"/home/runner/work/fundraising-event/fundraising-event/apps/api/src/features/auth/jwt.strategy.ts": {"path":"/home/runner/work/fundraising-event/fundraising-event/apps/api/src/features/auth/jwt.strategy.ts","statementMap":{"0":{"start":{"line":9,"column":8},"end":{"line":13,"column":null}},"1":{"start":{"line":17,"column":8},"end":{"line":22,"column":null}}},"fnMap":{"0":{"name":"(anonymous_0)","decl":{"start":{"line":8,"column":4},"end":{"line":8,"column":16}},"loc":{"start":{"line":8,"column":46},"end":{"line":14,"column":null}},"line":8},"1":{"name":"(anonymous_1)","decl":{"start":{"line":16,"column":4},"end":{"line":16,"column":13}},"loc":{"start":{"line":16,"column":86},"end":{"line":23,"column":null}},"line":16}},"branchMap":{"0":{"loc":{"start":{"line":12,"column":25},"end":{"line":12,"column":null}},"type":"binary-expr","locations":[{"start":{"line":12,"column":25},"end":{"line":12,"column":68}},{"start":{"line":12,"column":68},"end":{"line":12,"column":null}}],"line":12}},"s":{"0":10,"1":1},"f":{"0":10,"1":1},"b":{"0":[10,7]},"meta":{"lastBranch":1,"lastFunction":2,"lastStatement":2,"seen":{"f:8:4:8:16":0,"s:9:8:13:Infinity":0,"b:12:25:12:68:12:68:12:Infinity":0,"f:16:4:16:13":1,"s:17:8:22:Infinity":1}}}
,"/home/runner/work/fundraising-event/fundraising-event/apps/api/src/features/auth/decorators/roles.decorator.ts": {"path":"/home/runner/work/fundraising-event/fundraising-event/apps/api/src/features/auth/decorators/roles.decorator.ts","statementMap":{"0":{"start":{"line":3,"column":25},"end":{"line":3,"column":null}},"1":{"start":{"line":4,"column":21},"end":{"line":4,"column":null}},"2":{"start":{"line":4,"column":25},"end":{"line":4,"column":null}}},"fnMap":{"0":{"name":"(anonymous_0)","decl":{"start":{"line":4,"column":21},"end":{"line":4,"column":22}},"loc":{"start":{"line":4,"column":25},"end":{"line":4,"column":null}},"line":4}},"branchMap":{},"s":{"0":9,"1":9,"2":76},"f":{"0":76},"b":{},"meta":{"lastBranch":0,"lastFunction":1,"lastStatement":3,"seen":{"s:3:25:3:Infinity":0,"s:4:21:4:Infinity":1,"f:4:21:4:22":0,"s:4:25:4:Infinity":2}}}
,"/home/runner/work/fundraising-event/fundraising-event/apps/api/src/features/auth/guards/roles.guard.ts": {"path":"/home/runner/work/fundraising-event/fundraising-event/apps/api/src/features/auth/guards/roles.guard.ts","statementMap":{"0":{"start":{"line":8,"column":24},"end":{"line":8,"column":44}},"1":{"start":{"line":11,"column":30},"end":{"line":14,"column":null}},"2":{"start":{"line":15,"column":8},"end":{"line":17,"column":null}},"3":{"start":{"line":16,"column":12},"end":{"line":16,"column":null}},"4":{"start":{"line":18,"column":24},"end":{"line":18,"column":null}},"5":{"start":{"line":19,"column":21},"end":{"line":19,"column":33}},"6":{"start":{"line":23,"column":8},"end":{"line":23,"column":null}},"7":{"start":{"line":23,"column":19},"end":{"line":23,"column":null}},"8":{"start":{"line":26,"column":8},"end":{"line":26,"column":null}},"9":{"start":{"line":26,"column":44},"end":{"line":26,"column":null}}},"fnMap":{"0":{"name":"(anonymous_0)","decl":{"start":{"line":8,"column":4},"end":{"line":8,"column":16}},"loc":{"start":{"line":8,"column":46},"end":{"line":8,"column":null}},"line":8},"1":{"name":"(anonymous_1)","decl":{"start":{"line":10,"column":4},"end":{"line":10,"column":16}},"loc":{"start":{"line":10,"column":52},"end":{"line":27,"column":null}},"line":10},"2":{"name":"(anonymous_2)","decl":{"start":{"line":26,"column":34},"end":{"line":26,"column":35}},"loc":{"start":{"line":26,"column":44},"end":{"line":26,"column":null}},"line":26}},"branchMap":{"0":{"loc":{"start":{"line":15,"column":8},"end":{"line":17,"column":null}},"type":"if","locations":[{"start":{"line":15,"column":8},"end":{"line":17,"column":null}},{"start":{},"end":{}}],"line":15},"1":{"loc":{"start":{"line":23,"column":8},"end":{"line":23,"column":null}},"type":"if","locations":[{"start":{"line":23,"column":8},"end":{"line":23,"column":null}},{"start":{},"end":{}}],"line":23}},"s":{"0":62,"1":5,"2":5,"3":1,"4":4,"5":4,"6":4,"7":1,"8":3,"9":4},"f":{"0":62,"1":5,"2":4},"b":{"0":[1,4],"1":[1,3]},"meta":{"lastBranch":2,"lastFunction":3,"lastStatement":10,"seen":{"f:8:4:8:16":0,"s:8:24:8:44":0,"f:10:4:10:16":1,"s:11:30:14:Infinity":1,"b:15:8:17:Infinity:undefined:undefined:undefined:undefined":0,"s:15:8:17:Infinity":2,"s:16:12:16:Infinity":3,"s:18:24:18:Infinity":4,"s:19:21:19:33":5,"b:23:8:23:Infinity:undefined:undefined:undefined:undefined":1,"s:23:8:23:Infinity":6,"s:23:19:23:Infinity":7,"s:26:8:26:Infinity":8,"f:26:34:26:35":2,"s:26:44:26:Infinity":9}}}
,"/home/runner/work/fundraising-event/fundraising-event/apps/api/src/features/auth/providers/auth0.provider.ts": {"path":"/home/runner/work/fundraising-event/fundraising-event/apps/api/src/features/auth/providers/auth0.provider.ts","statementMap":{"0":{"start":{"line":14,"column":16},"end":{"line":14,"column":44}},"1":{"start":{"line":15,"column":25},"end":{"line":15,"column":49}},"2":{"start":{"line":17,"column":8},"end":{"line":17,"column":null}},"3":{"start":{"line":18,"column":8},"end":{"line":18,"column":null}},"4":{"start":{"line":19,"column":8},"end":{"line":19,"column":null}},"5":{"start":{"line":24,"column":8},"end":{"line":34,"column":null}},"6":{"start":{"line":27,"column":12},"end":{"line":33,"column":null}},"7":{"start":{"line":38,"column":8},"end":{"line":74,"column":null}},"8":{"start":{"line":39,"column":12},"end":{"line":73,"column":null}},"9":{"start":{"line":40,"column":33},"end":{"line":54,"column":null}},"10":{"start":{"line":58,"column":41},"end":{"line":58,"column":null}},"11":{"start":{"line":61,"column":36},"end":{"line":61,"column":null}},"12":{"start":{"line":63,"column":16},"end":{"line":69,"column":null}},"13":{"start":{"line":71,"column":16},"end":{"line":71,"column":null}},"14":{"start":{"line":72,"column":16},"end":{"line":72,"column":null}},"15":{"start":{"line":76,"column":8},"end":{"line":76,"column":null}},"16":{"start":{"line":80,"column":8},"end":{"line":91,"column":null}},"17":{"start":{"line":81,"column":29},"end":{"line":86,"column":null}},"18":{"start":{"line":88,"column":12},"end":{"line":88,"column":null}},"19":{"start":{"line":90,"column":12},"end":{"line":90,"column":null}}},"fnMap":{"0":{"name":"(anonymous_0)","decl":{"start":{"line":13,"column":4},"end":{"line":13,"column":null}},"loc":{"start":{"line":16,"column":6},"end":{"line":20,"column":null}},"line":16},"1":{"name":"(anonymous_1)","decl":{"start":{"line":22,"column":10},"end":{"line":22,"column":17}},"loc":{"start":{"line":22,"column":77},"end":{"line":77,"column":null}},"line":22},"2":{"name":"(anonymous_2)","decl":{"start":{"line":79,"column":18},"end":{"line":79,"column":33}},"loc":{"start":{"line":79,"column":81},"end":{"line":92,"column":null}},"line":79}},"branchMap":{"0":{"loc":{"start":{"line":17,"column":22},"end":{"line":17,"column":null}},"type":"binary-expr","locations":[{"start":{"line":17,"column":22},"end":{"line":17,"column":72}},{"start":{"line":17,"column":72},"end":{"line":17,"column":null}}],"line":17},"1":{"loc":{"start":{"line":18,"column":24},"end":{"line":18,"column":null}},"type":"binary-expr","locations":[{"start":{"line":18,"column":24},"end":{"line":18,"column":77}},{"start":{"line":18,"column":77},"end":{"line":18,"column":null}}],"line":18},"2":{"loc":{"start":{"line":19,"column":28},"end":{"line":19,"column":null}},"type":"binary-expr","locations":[{"start":{"line":19,"column":28},"end":{"line":19,"column":85}},{"start":{"line":19,"column":85},"end":{"line":19,"column":null}}],"line":19},"3":{"loc":{"start":{"line":24,"column":8},"end":{"line":34,"column":null}},"type":"if","locations":[{"start":{"line":24,"column":8},"end":{"line":34,"column":null}},{"start":{},"end":{}}],"line":24},"4":{"loc":{"start":{"line":24,"column":12},"end":{"line":24,"column":54}},"type":"binary-expr","locations":[{"start":{"line":24,"column":12},"end":{"line":24,"column":33}},{"start":{"line":24,"column":37},"end":{"line":24,"column":54}}],"line":24},"5":{"loc":{"start":{"line":28,"column":20},"end":{"line":28,"column":null}},"type":"binary-expr","locations":[{"start":{"line":28,"column":20},"end":{"line":28,"column":35}},{"start":{"line":28,"column":39},"end":{"line":28,"column":null}}],"line":28},"6":{"loc":{"start":{"line":38,"column":8},"end":{"line":74,"column":null}},"type":"if","locations":[{"start":{"line":38,"column":8},"end":{"line":74,"column":null}},{"start":{},"end":{}}],"line":38},"7":{"loc":{"start":{"line":38,"column":12},"end":{"line":38,"column":53}},"type":"binary-expr","locations":[{"start":{"line":38,"column":12},"end":{"line":38,"column":29}},{"start":{"line":38,"column":33},"end":{"line":38,"column":53}}],"line":38}},"s":{"0":12,"1":12,"2":12,"3":12,"4":12,"5":5,"6":1,"7":4,"8":3,"9":3,"10":2,"11":2,"12":1,"13":2,"14":2,"15":1,"16":2,"17":2,"18":1,"19":1},"f":{"0":12,"1":5,"2":2},"b":{"0":[12,7],"1":[12,7],"2":[12,7],"3":[1,4],"4":[5,1],"5":[1,0],"6":[3,1],"7":[4,3]},"meta":{"lastBranch":8,"lastFunction":3,"lastStatement":20,"seen":{"f:13:4:13:Infinity":0,"s:14:16:14:44":0,"s:15:25:15:49":1,"s:17:8:17:Infinity":2,"b:17:22:17:72:17:72:17:Infinity":0,"s:18:8:18:Infinity":3,"b:18:24:18:77:18:77:18:Infinity":1,"s:19:8:19:Infinity":4,"b:19:28:19:85:19:85:19:Infinity":2,"f:22:10:22:17":1,"b:24:8:34:Infinity:undefined:undefined:undefined:undefined":3,"s:24:8:34:Infinity":5,"b:24:12:24:33:24:37:24:54":4,"s:27:12:33:Infinity":6,"b:28:20:28:35:28:39:28:Infinity":5,"b:38:8:74:Infinity:undefined:undefined:undefined:undefined":6,"s:38:8:74:Infinity":7,"b:38:12:38:29:38:33:38:53":7,"s:39:12:73:Infinity":8,"s:40:33:54:Infinity":9,"s:58:41:58:Infinity":10,"s:61:36:61:Infinity":11,"s:63:16:69:Infinity":12,"s:71:16:71:Infinity":13,"s:72:16:72:Infinity":14,"s:76:8:76:Infinity":15,"f:79:18:79:33":2,"s:80:8:91:Infinity":16,"s:81:29:86:Infinity":17,"s:88:12:88:Infinity":18,"s:90:12:90:Infinity":19}}}
,"/home/runner/work/fundraising-event/fundraising-event/apps/api/src/features/auth/providers/local.provider.ts": {"path":"/home/runner/work/fundraising-event/fundraising-event/apps/api/src/features/auth/providers/local.provider.ts","statementMap":{"0":{"start":{"line":8,"column":30},"end":{"line":8,"column":null}},"1":{"start":{"line":10,"column":24},"end":{"line":10,"column":52}},"2":{"start":{"line":13,"column":27},"end":{"line":13,"column":null}},"3":{"start":{"line":15,"column":8},"end":{"line":18,"column":null}},"4":{"start":{"line":16,"column":12},"end":{"line":16,"column":null}},"5":{"start":{"line":17,"column":12},"end":{"line":17,"column":null}},"6":{"start":{"line":20,"column":8},"end":{"line":22,"column":null}},"7":{"start":{"line":21,"column":12},"end":{"line":21,"column":null}},"8":{"start":{"line":24,"column":8},"end":{"line":26,"column":null}},"9":{"start":{"line":25,"column":12},"end":{"line":25,"column":null}},"10":{"start":{"line":28,"column":8},"end":{"line":28,"column":null}},"11":{"start":{"line":35,"column":8},"end":{"line":37,"column":null}},"12":{"start":{"line":36,"column":12},"end":{"line":36,"column":null}},"13":{"start":{"line":39,"column":8},"end":{"line":42,"column":null}},"14":{"start":{"line":47,"column":30},"end":{"line":47,"column":null}},"15":{"start":{"line":50,"column":8},"end":{"line":52,"column":null}},"16":{"start":{"line":51,"column":12},"end":{"line":51,"column":null}},"17":{"start":{"line":55,"column":8},"end":{"line":62,"column":null}},"18":{"start":{"line":56,"column":28},"end":{"line":56,"column":null}},"19":{"start":{"line":57,"column":12},"end":{"line":59,"column":null}},"20":{"start":{"line":58,"column":16},"end":{"line":58,"column":null}},"21":{"start":{"line":61,"column":12},"end":{"line":61,"column":null}},"22":{"start":{"line":64,"column":8},"end":{"line":64,"column":null}},"23":{"start":{"line":68,"column":8},"end":{"line":74,"column":null}}},"fnMap":{"0":{"name":"(anonymous_0)","decl":{"start":{"line":10,"column":4},"end":{"line":10,"column":16}},"loc":{"start":{"line":10,"column":54},"end":{"line":10,"column":null}},"line":10},"1":{"name":"(anonymous_1)","decl":{"start":{"line":12,"column":10},"end":{"line":12,"column":17}},"loc":{"start":{"line":12,"column":77},"end":{"line":29,"column":null}},"line":12},"2":{"name":"(anonymous_2)","decl":{"start":{"line":31,"column":12},"end":{"line":31,"column":null}},"loc":{"start":{"line":34,"column":23},"end":{"line":44,"column":null}},"line":34},"3":{"name":"(anonymous_3)","decl":{"start":{"line":46,"column":18},"end":{"line":46,"column":33}},"loc":{"start":{"line":46,"column":97},"end":{"line":65,"column":null}},"line":46},"4":{"name":"(anonymous_4)","decl":{"start":{"line":67,"column":12},"end":{"line":67,"column":28}},"loc":{"start":{"line":67,"column":85},"end":{"line":75,"column":null}},"line":67}},"branchMap":{"0":{"loc":{"start":{"line":15,"column":8},"end":{"line":18,"column":null}},"type":"if","locations":[{"start":{"line":15,"column":8},"end":{"line":18,"column":null}},{"start":{},"end":{}}],"line":15},"1":{"loc":{"start":{"line":20,"column":8},"end":{"line":22,"column":null}},"type":"if","locations":[{"start":{"line":20,"column":8},"end":{"line":22,"column":null}},{"start":{},"end":{}}],"line":20},"2":{"loc":{"start":{"line":24,"column":8},"end":{"line":26,"column":null}},"type":"if","locations":[{"start":{"line":24,"column":8},"end":{"line":26,"column":null}},{"start":{},"end":{}}],"line":24},"3":{"loc":{"start":{"line":24,"column":12},"end":{"line":24,"column":68}},"type":"binary-expr","locations":[{"start":{"line":24,"column":12},"end":{"line":24,"column":48}},{"start":{"line":24,"column":48},"end":{"line":24,"column":68}}],"line":24},"4":{"loc":{"start":{"line":35,"column":8},"end":{"line":37,"column":null}},"type":"if","locations":[{"start":{"line":35,"column":8},"end":{"line":37,"column":null}},{"start":{},"end":{}}],"line":35},"5":{"loc":{"start":{"line":41,"column":12},"end":{"line":41,"column":null}},"type":"binary-expr","locations":[{"start":{"line":41,"column":12},"end":{"line":41,"column":29}},{"start":{"line":41,"column":44},"end":{"line":41,"column":null}}],"line":41},"6":{"loc":{"start":{"line":47,"column":30},"end":{"line":47,"column":null}},"type":"binary-expr","locations":[{"start":{"line":47,"column":30},"end":{"line":47,"column":82}},{"start":{"line":47,"column":82},"end":{"line":47,"column":null}}],"line":47},"7":{"loc":{"start":{"line":50,"column":8},"end":{"line":52,"column":null}},"type":"if","locations":[{"start":{"line":50,"column":8},"end":{"line":52,"column":null}},{"start":{},"end":{}}],"line":50},"8":{"loc":{"start":{"line":57,"column":12},"end":{"line":59,"column":null}},"type":"if","locations":[{"start":{"line":57,"column":12},"end":{"line":59,"column":null}},{"start":{},"end":{}}],"line":57},"9":{"loc":{"start":{"line":61,"column":59},"end":{"line":61,"column":95}},"type":"cond-expr","locations":[{"start":{"line":61,"column":80},"end":{"line":61,"column":89}},{"start":{"line":61,"column":92},"end":{"line":61,"column":95}}],"line":61}},"s":{"0":12,"1":12,"2":6,"3":6,"4":0,"5":0,"6":6,"7":2,"8":4,"9":3,"10":1,"11":2,"12":1,"13":1,"14":3,"15":3,"16":1,"17":2,"18":2,"19":2,"20":1,"21":0,"22":1,"23":3},"f":{"0":12,"1":6,"2":2,"3":3,"4":3},"b":{"0":[0,6],"1":[2,4],"2":[3,1],"3":[4,3],"4":[1,1],"5":[1,0],"6":[3,0],"7":[1,2],"8":[1,1],"9":[0,0]},"meta":{"lastBranch":10,"lastFunction":5,"lastStatement":24,"seen":{"s:8:30:8:Infinity":0,"f:10:4:10:16":0,"s:10:24:10:52":1,"f:12:10:12:17":1,"s:13:27:13:Infinity":2,"b:15:8:18:Infinity:undefined:undefined:undefined:undefined":0,"s:15:8:18:Infinity":3,"s:16:12:16:Infinity":4,"s:17:12:17:Infinity":5,"b:20:8:22:Infinity:undefined:undefined:undefined:undefined":1,"s:20:8:22:Infinity":6,"s:21:12:21:Infinity":7,"b:24:8:26:Infinity:undefined:undefined:undefined:undefined":2,"s:24:8:26:Infinity":8,"b:24:12:24:48:24:48:24:68":3,"s:25:12:25:Infinity":9,"s:28:8:28:Infinity":10,"f:31:12:31:Infinity":2,"b:35:8:37:Infinity:undefined:undefined:undefined:undefined":4,"s:35:8:37:Infinity":11,"s:36:12:36:Infinity":12,"s:39:8:42:Infinity":13,"b:41:12:41:29:41:44:41:Infinity":5,"f:46:18:46:33":3,"s:47:30:47:Infinity":14,"b:47:30:47:82:47:82:47:Infinity":6,"b:50:8:52:Infinity:undefined:undefined:undefined:undefined":7,"s:50:8:52:Infinity":15,"s:51:12:51:Infinity":16,"s:55:8:62:Infinity":17,"s:56:28:56:Infinity":18,"b:57:12:59:Infinity:undefined:undefined:undefined:undefined":8,"s:57:12:59:Infinity":19,"s:58:16:58:Infinity":20,"s:61:12:61:Infinity":21,"b:61:80:61:89:61:92:61:95":9,"s:64:8:64:Infinity":22,"f:67:12:67:28":4,"s:68:8:74:Infinity":23}}}
,"/home/runner/work/fundraising-event/fundraising-event/apps/api/src/features/donation/donation.controller.ts": {"path":"/home/runner/work/fundraising-event/fundraising-event/apps/api/src/features/donation/donation.controller.ts","statementMap":{"0":{"start":{"line":30,"column":25},"end":{"line":30,"column":55}},"1":{"start":{"line":31,"column":25},"end":{"line":31,"column":57}},"2":{"start":{"line":42,"column":8},"end":{"line":42,"column":null}},"3":{"start":{"line":54,"column":20},"end":{"line":54,"column":null}},"4":{"start":{"line":55,"column":25},"end":{"line":55,"column":82}},"5":{"start":{"line":57,"column":8},"end":{"line":60,"column":null}},"6":{"start":{"line":62,"column":8},"end":{"line":62,"column":null}},"7":{"start":{"line":67,"column":8},"end":{"line":69,"column":null}},"8":{"start":{"line":68,"column":12},"end":{"line":68,"column":null}},"9":{"start":{"line":70,"column":8},"end":{"line":73,"column":null}},"10":{"start":{"line":79,"column":8},"end":{"line":117,"column":null}},"11":{"start":{"line":80,"column":12},"end":{"line":82,"column":null}},"12":{"start":{"line":81,"column":16},"end":{"line":81,"column":null}},"13":{"start":{"line":84,"column":26},"end":{"line":87,"column":null}},"14":{"start":{"line":91,"column":12},"end":{"line":112,"column":null}},"15":{"start":{"line":93,"column":42},"end":{"line":93,"column":59}},"16":{"start":{"line":94,"column":20},"end":{"line":94,"column":null}},"17":{"start":{"line":96,"column":20},"end":{"line":107,"column":null}},"18":{"start":{"line":108,"column":20},"end":{"line":108,"column":null}},"19":{"start":{"line":111,"column":20},"end":{"line":111,"column":null}},"20":{"start":{"line":114,"column":12},"end":{"line":114,"column":null}},"21":{"start":{"line":116,"column":12},"end":{"line":116,"column":null}},"22":{"start":{"line":122,"column":8},"end":{"line":173,"column":null}},"23":{"start":{"line":123,"column":12},"end":{"line":125,"column":null}},"24":{"start":{"line":124,"column":16},"end":{"line":124,"column":null}},"25":{"start":{"line":127,"column":26},"end":{"line":130,"column":null}},"26":{"start":{"line":133,"column":12},"end":{"line":168,"column":null}},"27":{"start":{"line":134,"column":33},"end":{"line":134,"column":47}},"28":{"start":{"line":135,"column":33},"end":{"line":135,"column":44}},"29":{"start":{"line":136,"column":37},"end":{"line":136,"column":65}},"30":{"start":{"line":137,"column":36},"end":{"line":137,"column":null}},"31":{"start":{"line":138,"column":36},"end":{"line":138,"column":null}},"32":{"start":{"line":141,"column":36},"end":{"line":141,"column":null}},"33":{"start":{"line":142,"column":16},"end":{"line":148,"column":null}},"34":{"start":{"line":143,"column":20},"end":{"line":147,"column":null}},"35":{"start":{"line":144,"column":24},"end":{"line":144,"column":null}},"36":{"start":{"line":146,"column":24},"end":{"line":146,"column":null}},"37":{"start":{"line":151,"column":35},"end":{"line":151,"column":null}},"38":{"start":{"line":152,"column":34},"end":{"line":154,"column":null}},"39":{"start":{"line":156,"column":16},"end":{"line":167,"column":null}},"40":{"start":{"line":170,"column":12},"end":{"line":170,"column":null}},"41":{"start":{"line":172,"column":12},"end":{"line":172,"column":null}},"42":{"start":{"line":179,"column":21},"end":{"line":179,"column":29}},"43":{"start":{"line":180,"column":24},"end":{"line":180,"column":52}},"44":{"start":{"line":182,"column":8},"end":{"line":184,"column":null}},"45":{"start":{"line":183,"column":12},"end":{"line":183,"column":null}},"46":{"start":{"line":185,"column":8},"end":{"line":187,"column":null}},"47":{"start":{"line":186,"column":12},"end":{"line":186,"column":null}},"48":{"start":{"line":189,"column":8},"end":{"line":189,"column":null}},"49":{"start":{"line":192,"column":21},"end":{"line":192,"column":80}},"50":{"start":{"line":194,"column":25},"end":{"line":194,"column":null}},"51":{"start":{"line":196,"column":8},"end":{"line":211,"column":null}},"52":{"start":{"line":213,"column":8},"end":{"line":213,"column":null}},"53":{"start":{"line":229,"column":8},"end":{"line":229,"column":null}},"54":{"start":{"line":236,"column":8},"end":{"line":236,"column":null}}},"fnMap":{"0":{"name":"(anonymous_0)","decl":{"start":{"line":29,"column":4},"end":{"line":29,"column":null}},"loc":{"start":{"line":32,"column":6},"end":{"line":32,"column":null}},"line":32},"1":{"name":"(anonymous_1)","decl":{"start":{"line":35,"column":10},"end":{"line":35,"column":null}},"loc":{"start":{"line":41,"column":6},"end":{"line":43,"column":null}},"line":41},"2":{"name":"(anonymous_2)","decl":{"start":{"line":48,"column":10},"end":{"line":48,"column":null}},"loc":{"start":{"line":53,"column":6},"end":{"line":63,"column":null}},"line":53},"3":{"name":"(anonymous_3)","decl":{"start":{"line":66,"column":10},"end":{"line":66,"column":30}},"loc":{"start":{"line":66,"column":63},"end":{"line":75,"column":null}},"line":66},"4":{"name":"(anonymous_4)","decl":{"start":{"line":78,"column":10},"end":{"line":78,"column":30}},"loc":{"start":{"line":78,"column":67},"end":{"line":118,"column":null}},"line":78},"5":{"name":"(anonymous_5)","decl":{"start":{"line":121,"column":10},"end":{"line":121,"column":30}},"loc":{"start":{"line":121,"column":67},"end":{"line":174,"column":null}},"line":121},"6":{"name":"(anonymous_6)","decl":{"start":{"line":178,"column":10},"end":{"line":178,"column":32}},"loc":{"start":{"line":178,"column":83},"end":{"line":214,"column":null}},"line":178},"7":{"name":"(anonymous_7)","decl":{"start":{"line":219,"column":10},"end":{"line":219,"column":null}},"loc":{"start":{"line":228,"column":6},"end":{"line":230,"column":null}},"line":228},"8":{"name":"(anonymous_8)","decl":{"start":{"line":235,"column":10},"end":{"line":235,"column":25}},"loc":{"start":{"line":235,"column":92},"end":{"line":237,"column":null}},"line":235}},"branchMap":{"0":{"loc":{"start":{"line":37,"column":8},"end":{"line":37,"column":42}},"type":"default-arg","locations":[{"start":{"line":37,"column":40},"end":{"line":37,"column":42}}],"line":37},"1":{"loc":{"start":{"line":38,"column":8},"end":{"line":38,"column":43}},"type":"default-arg","locations":[{"start":{"line":38,"column":42},"end":{"line":38,"column":43}}],"line":38},"2":{"loc":{"start":{"line":67,"column":8},"end":{"line":69,"column":null}},"type":"if","locations":[{"start":{"line":67,"column":8},"end":{"line":69,"column":null}},{"start":{},"end":{}}],"line":67},"3":{"loc":{"start":{"line":67,"column":12},"end":{"line":67,"column":46}},"type":"binary-expr","locations":[{"start":{"line":67,"column":12},"end":{"line":67,"column":24}},{"start":{"line":67,"column":28},"end":{"line":67,"column":46}}],"line":67},"4":{"loc":{"start":{"line":72,"column":12},"end":{"line":72,"column":null}},"type":"binary-expr","locations":[{"start":{"line":72,"column":12},"end":{"line":72,"column":25}},{"start":{"line":72,"column":29},"end":{"line":72,"column":null}}],"line":72},"5":{"loc":{"start":{"line":80,"column":12},"end":{"line":82,"column":null}},"type":"if","locations":[{"start":{"line":80,"column":12},"end":{"line":82,"column":null}},{"start":{},"end":{}}],"line":80},"6":{"loc":{"start":{"line":91,"column":12},"end":{"line":112,"column":null}},"type":"switch","locations":[{"start":{"line":92,"column":16},"end":{"line":109,"column":null}},{"start":{"line":110,"column":16},"end":{"line":111,"column":null}}],"line":91},"7":{"loc":{"start":{"line":123,"column":12},"end":{"line":125,"column":null}},"type":"if","locations":[{"start":{"line":123,"column":12},"end":{"line":125,"column":null}},{"start":{},"end":{}}],"line":123},"8":{"loc":{"start":{"line":133,"column":12},"end":{"line":168,"column":null}},"type":"if","locations":[{"start":{"line":133,"column":12},"end":{"line":168,"column":null}},{"start":{},"end":{}}],"line":133},"9":{"loc":{"start":{"line":138,"column":58},"end":{"line":138,"column":80}},"type":"binary-expr","locations":[{"start":{"line":138,"column":58},"end":{"line":138,"column":73}},{"start":{"line":138,"column":73},"end":{"line":138,"column":80}}],"line":138},"10":{"loc":{"start":{"line":142,"column":16},"end":{"line":148,"column":null}},"type":"if","locations":[{"start":{"line":142,"column":16},"end":{"line":148,"column":null}},{"start":{},"end":{}}],"line":142},"11":{"loc":{"start":{"line":158,"column":30},"end":{"line":158,"column":null}},"type":"binary-expr","locations":[{"start":{"line":158,"column":30},"end":{"line":158,"column":69}},{"start":{"line":158,"column":69},"end":{"line":158,"column":null}}],"line":158},"12":{"loc":{"start":{"line":161,"column":31},"end":{"line":161,"column":62}},"type":"binary-expr","locations":[{"start":{"line":161,"column":31},"end":{"line":161,"column":44}},{"start":{"line":161,"column":44},"end":{"line":161,"column":62}}],"line":161},"13":{"loc":{"start":{"line":162,"column":32},"end":{"line":162,"column":65}},"type":"binary-expr","locations":[{"start":{"line":162,"column":32},"end":{"line":162,"column":46}},{"start":{"line":162,"column":46},"end":{"line":162,"column":65}}],"line":162},"14":{"loc":{"start":{"line":180,"column":24},"end":{"line":180,"column":52}},"type":"binary-expr","locations":[{"start":{"line":180,"column":24},"end":{"line":180,"column":36}},{"start":{"line":180,"column":40},"end":{"line":180,"column":52}}],"line":180},"15":{"loc":{"start":{"line":182,"column":8},"end":{"line":184,"column":null}},"type":"if","locations":[{"start":{"line":182,"column":8},"end":{"line":184,"column":null}},{"start":{},"end":{}}],"line":182},"16":{"loc":{"start":{"line":185,"column":8},"end":{"line":187,"column":null}},"type":"if","locations":[{"start":{"line":185,"column":8},"end":{"line":187,"column":null}},{"start":{},"end":{}}],"line":185},"17":{"loc":{"start":{"line":185,"column":12},"end":{"line":185,"column":46}},"type":"binary-expr","locations":[{"start":{"line":185,"column":12},"end":{"line":185,"column":24}},{"start":{"line":185,"column":28},"end":{"line":185,"column":46}}],"line":185},"18":{"loc":{"start":{"line":200,"column":27},"end":{"line":200,"column":null}},"type":"binary-expr","locations":[{"start":{"line":200,"column":27},"end":{"line":200,"column":36}},{"start":{"line":200,"column":40},"end":{"line":200,"column":null}}],"line":200}},"s":{"0":19,"1":19,"2":0,"3":0,"4":0,"5":0,"6":0,"7":2,"8":1,"9":1,"10":2,"11":2,"12":0,"13":2,"14":1,"15":1,"16":1,"17":1,"18":1,"19":0,"20":1,"21":1,"22":2,"23":2,"24":0,"25":2,"26":1,"27":1,"28":1,"29":1,"30":1,"31":1,"32":1,"33":1,"34":0,"35":0,"36":0,"37":1,"38":1,"39":1,"40":1,"41":1,"42":3,"43":3,"44":3,"45":1,"46":2,"47":1,"48":1,"49":1,"50":1,"51":1,"52":1,"53":1,"54":1},"f":{"0":19,"1":0,"2":0,"3":2,"4":2,"5":2,"6":3,"7":1,"8":1},"b":{"0":[0],"1":[0],"2":[1,1],"3":[2,1],"4":[1,1],"5":[0,2],"6":[1,0],"7":[0,2],"8":[1,0],"9":[1,0],"10":[0,1],"11":[1,0],"12":[1,1],"13":[1,0],"14":[3,2],"15":[1,2],"16":[1,1],"17":[2,1],"18":[1,0]},"meta":{"lastBranch":19,"lastFunction":9,"lastStatement":55,"seen":{"f:29:4:29:Infinity":0,"s:30:25:30:55":0,"s:31:25:31:57":1,"f:35:10:35:Infinity":1,"b:37:40:37:42":0,"b:38:42:38:43":1,"s:42:8:42:Infinity":2,"f:48:10:48:Infinity":2,"s:54:20:54:Infinity":3,"s:55:25:55:82":4,"s:57:8:60:Infinity":5,"s:62:8:62:Infinity":6,"f:66:10:66:30":3,"b:67:8:69:Infinity:undefined:undefined:undefined:undefined":2,"s:67:8:69:Infinity":7,"b:67:12:67:24:67:28:67:46":3,"s:68:12:68:Infinity":8,"s:70:8:73:Infinity":9,"b:72:12:72:25:72:29:72:Infinity":4,"f:78:10:78:30":4,"s:79:8:117:Infinity":10,"b:80:12:82:Infinity:undefined:undefined:undefined:undefined":5,"s:80:12:82:Infinity":11,"s:81:16:81:Infinity":12,"s:84:26:87:Infinity":13,"b:92:16:109:Infinity:110:16:111:Infinity":6,"s:91:12:112:Infinity":14,"s:93:42:93:59":15,"s:94:20:94:Infinity":16,"s:96:20:107:Infinity":17,"s:108:20:108:Infinity":18,"s:111:20:111:Infinity":19,"s:114:12:114:Infinity":20,"s:116:12:116:Infinity":21,"f:121:10:121:30":5,"s:122:8:173:Infinity":22,"b:123:12:125:Infinity:undefined:undefined:undefined:undefined":7,"s:123:12:125:Infinity":23,"s:124:16:124:Infinity":24,"s:127:26:130:Infinity":25,"b:133:12:168:Infinity:undefined:undefined:undefined:undefined":8,"s:133:12:168:Infinity":26,"s:134:33:134:47":27,"s:135:33:135:44":28,"s:136:37:136:65":29,"s:137:36:137:Infinity":30,"s:138:36:138:Infinity":31,"b:138:58:138:73:138:73:138:80":9,"s:141:36:141:Infinity":32,"b:142:16:148:Infinity:undefined:undefined:undefined:undefined":10,"s:142:16:148:Infinity":33,"s:143:20:147:Infinity":34,"s:144:24:144:Infinity":35,"s:146:24:146:Infinity":36,"s:151:35:151:Infinity":37,"s:152:34:154:Infinity":38,"s:156:16:167:Infinity":39,"b:158:30:158:69:158:69:158:Infinity":11,"b:161:31:161:44:161:44:161:62":12,"b:162:32:162:46:162:46:162:65":13,"s:170:12:170:Infinity":40,"s:172:12:172:Infinity":41,"f:178:10:178:32":6,"s:179:21:179:29":42,"s:180:24:180:52":43,"b:180:24:180:36:180:40:180:52":14,"b:182:8:184:Infinity:undefined:undefined:undefined:undefined":15,"s:182:8:184:Infinity":44,"s:183:12:183:Infinity":45,"b:185:8:187:Infinity:undefined:undefined:undefined:undefined":16,"s:185:8:187:Infinity":46,"b:185:12:185:24:185:28:185:46":17,"s:186:12:186:Infinity":47,"s:189:8:189:Infinity":48,"s:192:21:192:80":49,"s:194:25:194:Infinity":50,"s:196:8:211:Infinity":51,"b:200:27:200:36:200:40:200:Infinity":18,"s:213:8:213:Infinity":52,"f:219:10:219:Infinity":7,"s:229:8:229:Infinity":53,"f:235:10:235:25":8,"s:236:8:236:Infinity":54}}}
,"/home/runner/work/fundraising-event/fundraising-event/apps/api/src/features/donation/donation.module.ts": {"path":"/home/runner/work/fundraising-event/fundraising-event/apps/api/src/features/donation/donation.module.ts","statementMap":{},"fnMap":{},"branchMap":{},"s":{},"f":{},"b":{},"meta":{"lastBranch":0,"lastFunction":0,"lastStatement":0,"seen":{}}}
,"/home/runner/work/fundraising-event/fundraising-event/apps/api/src/features/donation/donation.service.ts": {"path":"/home/runner/work/fundraising-event/fundraising-event/apps/api/src/features/donation/donation.service.ts","statementMap":{"0":{"start":{"line":14,"column":25},"end":{"line":14,"column":46}},"1":{"start":{"line":15,"column":25},"end":{"line":15,"column":55}},"2":{"start":{"line":16,"column":25},"end":{"line":16,"column":56}},"3":{"start":{"line":17,"column":25},"end":{"line":17,"column":53}},"4":{"start":{"line":18,"column":25},"end":{"line":18,"column":53}},"5":{"start":{"line":38,"column":25},"end":{"line":51,"column":null}},"6":{"start":{"line":54,"column":8},"end":{"line":61,"column":null}},"7":{"start":{"line":64,"column":8},"end":{"line":78,"column":null}},"8":{"start":{"line":65,"column":12},"end":{"line":77,"column":null}},"9":{"start":{"line":66,"column":30},"end":{"line":66,"column":null}},"10":{"start":{"line":67,"column":16},"end":{"line":74,"column":null}},"11":{"start":{"line":68,"column":20},"end":{"line":72,"column":null}},"12":{"start":{"line":76,"column":16},"end":{"line":76,"column":null}},"13":{"start":{"line":80,"column":8},"end":{"line":80,"column":null}},"14":{"start":{"line":84,"column":22},"end":{"line":84,"column":34}},"15":{"start":{"line":87,"column":8},"end":{"line":95,"column":null}},"16":{"start":{"line":88,"column":27},"end":{"line":88,"column":null}},"17":{"start":{"line":89,"column":12},"end":{"line":94,"column":null}},"18":{"start":{"line":90,"column":16},"end":{"line":91,"column":null}},"19":{"start":{"line":93,"column":16},"end":{"line":93,"column":null}},"20":{"start":{"line":97,"column":8},"end":{"line":106,"column":null}},"21":{"start":{"line":98,"column":33},"end":{"line":100,"column":null}},"22":{"start":{"line":101,"column":12},"end":{"line":105,"column":null}},"23":{"start":{"line":102,"column":16},"end":{"line":102,"column":null}},"24":{"start":{"line":104,"column":16},"end":{"line":104,"column":null}},"25":{"start":{"line":108,"column":8},"end":{"line":127,"column":null}},"26":{"start":{"line":109,"column":12},"end":{"line":123,"column":null}},"27":{"start":{"line":125,"column":12},"end":{"line":125,"column":null}},"28":{"start":{"line":126,"column":12},"end":{"line":126,"column":null}},"29":{"start":{"line":139,"column":8},"end":{"line":142,"column":null}},"30":{"start":{"line":146,"column":25},"end":{"line":146,"column":null}},"31":{"start":{"line":147,"column":8},"end":{"line":147,"column":null}},"32":{"start":{"line":147,"column":23},"end":{"line":147,"column":null}},"33":{"start":{"line":149,"column":8},"end":{"line":151,"column":null}},"34":{"start":{"line":150,"column":12},"end":{"line":150,"column":null}},"35":{"start":{"line":153,"column":24},"end":{"line":153,"column":null}},"36":{"start":{"line":155,"column":8},"end":{"line":173,"column":null}},"37":{"start":{"line":157,"column":12},"end":{"line":172,"column":null}},"38":{"start":{"line":158,"column":16},"end":{"line":160,"column":null}},"39":{"start":{"line":159,"column":20},"end":{"line":159,"column":null}},"40":{"start":{"line":161,"column":16},"end":{"line":161,"column":39}},"41":{"start":{"line":163,"column":16},"end":{"line":171,"column":null}},"42":{"start":{"line":164,"column":20},"end":{"line":166,"column":null}},"43":{"start":{"line":165,"column":24},"end":{"line":165,"column":null}},"44":{"start":{"line":167,"column":20},"end":{"line":167,"column":null}},"45":{"start":{"line":169,"column":20},"end":{"line":169,"column":null}},"46":{"start":{"line":170,"column":20},"end":{"line":170,"column":null}},"47":{"start":{"line":175,"column":8},"end":{"line":178,"column":null}},"48":{"start":{"line":188,"column":27},"end":{"line":188,"column":null}},"49":{"start":{"line":190,"column":8},"end":{"line":190,"column":null}},"50":{"start":{"line":190,"column":21},"end":{"line":190,"column":null}},"51":{"start":{"line":191,"column":8},"end":{"line":191,"column":null}},"52":{"start":{"line":191,"column":40},"end":{"line":191,"column":null}},"53":{"start":{"line":193,"column":8},"end":{"line":198,"column":null}},"54":{"start":{"line":194,"column":12},"end":{"line":197,"column":null}},"55":{"start":{"line":200,"column":30},"end":{"line":213,"column":null}},"56":{"start":{"line":215,"column":8},"end":{"line":215,"column":null}},"57":{"start":{"line":222,"column":27},"end":{"line":222,"column":null}},"58":{"start":{"line":223,"column":8},"end":{"line":223,"column":null}},"59":{"start":{"line":223,"column":21},"end":{"line":223,"column":null}},"60":{"start":{"line":224,"column":8},"end":{"line":224,"column":null}},"61":{"start":{"line":224,"column":40},"end":{"line":224,"column":null}},"62":{"start":{"line":225,"column":8},"end":{"line":230,"column":null}},"63":{"start":{"line":226,"column":12},"end":{"line":229,"column":null}},"64":{"start":{"line":232,"column":26},"end":{"line":235,"column":null}},"65":{"start":{"line":237,"column":24},"end":{"line":248,"column":null}},"66":{"start":{"line":249,"column":24},"end":{"line":249,"column":null}},"67":{"start":{"line":251,"column":8},"end":{"line":265,"column":null}},"68":{"start":{"line":252,"column":24},"end":{"line":263,"column":null}},"69":{"start":{"line":264,"column":12},"end":{"line":264,"column":null}},"70":{"start":{"line":267,"column":8},"end":{"line":267,"column":null}}},"fnMap":{"0":{"name":"(anonymous_0)","decl":{"start":{"line":13,"column":4},"end":{"line":13,"column":null}},"loc":{"start":{"line":19,"column":6},"end":{"line":19,"column":null}},"line":19},"1":{"name":"(anonymous_1)","decl":{"start":{"line":24,"column":10},"end":{"line":24,"column":36}},"loc":{"start":{"line":36,"column":7},"end":{"line":81,"column":null}},"line":36},"2":{"name":"(anonymous_2)","decl":{"start":{"line":83,"column":10},"end":{"line":83,"column":17}},"loc":{"start":{"line":83,"column":45},"end":{"line":128,"column":null}},"line":83},"3":{"name":"(anonymous_3)","decl":{"start":{"line":130,"column":10},"end":{"line":130,"column":null}},"loc":{"start":{"line":138,"column":6},"end":{"line":143,"column":null}},"line":138},"4":{"name":"(anonymous_4)","decl":{"start":{"line":145,"column":10},"end":{"line":145,"column":17}},"loc":{"start":{"line":145,"column":60},"end":{"line":179,"column":null}},"line":145},"5":{"name":"(anonymous_5)","decl":{"start":{"line":181,"column":10},"end":{"line":181,"column":null}},"loc":{"start":{"line":187,"column":6},"end":{"line":216,"column":null}},"line":187},"6":{"name":"(anonymous_6)","decl":{"start":{"line":221,"column":10},"end":{"line":221,"column":24}},"loc":{"start":{"line":221,"column":93},"end":{"line":268,"column":null}},"line":221}},"branchMap":{"0":{"loc":{"start":{"line":57,"column":23},"end":{"line":57,"column":null}},"type":"binary-expr","locations":[{"start":{"line":57,"column":23},"end":{"line":57,"column":37}},{"start":{"line":57,"column":41},"end":{"line":57,"column":null}}],"line":57},"1":{"loc":{"start":{"line":64,"column":8},"end":{"line":78,"column":null}},"type":"if","locations":[{"start":{"line":64,"column":8},"end":{"line":78,"column":null}},{"start":{},"end":{}}],"line":64},"2":{"loc":{"start":{"line":67,"column":16},"end":{"line":74,"column":null}},"type":"if","locations":[{"start":{"line":67,"column":16},"end":{"line":74,"column":null}},{"start":{},"end":{}}],"line":67},"3":{"loc":{"start":{"line":87,"column":8},"end":{"line":95,"column":null}},"type":"if","locations":[{"start":{"line":87,"column":8},"end":{"line":95,"column":null}},{"start":{},"end":{}}],"line":87},"4":{"loc":{"start":{"line":89,"column":12},"end":{"line":94,"column":null}},"type":"if","locations":[{"start":{"line":89,"column":12},"end":{"line":94,"column":null}},{"start":{},"end":{}}],"line":89},"5":{"loc":{"start":{"line":97,"column":8},"end":{"line":106,"column":null}},"type":"if","locations":[{"start":{"line":97,"column":8},"end":{"line":106,"column":null}},{"start":{},"end":{}}],"line":97},"6":{"loc":{"start":{"line":101,"column":12},"end":{"line":105,"column":null}},"type":"if","locations":[{"start":{"line":101,"column":12},"end":{"line":105,"column":null}},{"start":{"line":103,"column":19},"end":{"line":105,"column":null}}],"line":101},"7":{"loc":{"start":{"line":112,"column":30},"end":{"line":112,"column":null}},"type":"binary-expr","locations":[{"start":{"line":112,"column":30},"end":{"line":112,"column":43}},{"start":{"line":112,"column":47},"end":{"line":112,"column":null}}],"line":112},"8":{"loc":{"start":{"line":116,"column":33},"end":{"line":116,"column":null}},"type":"binary-expr","locations":[{"start":{"line":116,"column":33},"end":{"line":116,"column":49}},{"start":{"line":116,"column":53},"end":{"line":116,"column":null}}],"line":116},"9":{"loc":{"start":{"line":145,"column":29},"end":{"line":145,"column":58}},"type":"default-arg","locations":[{"start":{"line":145,"column":53},"end":{"line":145,"column":58}}],"line":145},"10":{"loc":{"start":{"line":147,"column":8},"end":{"line":147,"column":null}},"type":"if","locations":[{"start":{"line":147,"column":8},"end":{"line":147,"column":null}},{"start":{},"end":{}}],"line":147},"11":{"loc":{"start":{"line":149,"column":8},"end":{"line":151,"column":null}},"type":"if","locations":[{"start":{"line":149,"column":8},"end":{"line":151,"column":null}},{"start":{},"end":{}}],"line":149},"12":{"loc":{"start":{"line":149,"column":12},"end":{"line":149,"column":79}},"type":"binary-expr","locations":[{"start":{"line":149,"column":12},"end":{"line":149,"column":47}},{"start":{"line":149,"column":47},"end":{"line":149,"column":79}}],"line":149},"13":{"loc":{"start":{"line":155,"column":8},"end":{"line":173,"column":null}},"type":"if","locations":[{"start":{"line":155,"column":8},"end":{"line":173,"column":null}},{"start":{},"end":{}}],"line":155},"14":{"loc":{"start":{"line":157,"column":12},"end":{"line":172,"column":null}},"type":"if","locations":[{"start":{"line":157,"column":12},"end":{"line":172,"column":null}},{"start":{"line":162,"column":19},"end":{"line":172,"column":null}}],"line":157},"15":{"loc":{"start":{"line":158,"column":16},"end":{"line":160,"column":null}},"type":"if","locations":[{"start":{"line":158,"column":16},"end":{"line":160,"column":null}},{"start":{},"end":{}}],"line":158},"16":{"loc":{"start":{"line":158,"column":20},"end":{"line":158,"column":96}},"type":"binary-expr","locations":[{"start":{"line":158,"column":20},"end":{"line":158,"column":59}},{"start":{"line":158,"column":59},"end":{"line":158,"column":96}}],"line":158},"17":{"loc":{"start":{"line":164,"column":20},"end":{"line":166,"column":null}},"type":"if","locations":[{"start":{"line":164,"column":20},"end":{"line":166,"column":null}},{"start":{},"end":{}}],"line":164},"18":{"loc":{"start":{"line":183,"column":8},"end":{"line":183,"column":26}},"type":"default-arg","locations":[{"start":{"line":183,"column":24},"end":{"line":183,"column":26}}],"line":183},"19":{"loc":{"start":{"line":184,"column":8},"end":{"line":184,"column":26}},"type":"default-arg","locations":[{"start":{"line":184,"column":25},"end":{"line":184,"column":26}}],"line":184},"20":{"loc":{"start":{"line":190,"column":8},"end":{"line":190,"column":null}},"type":"if","locations":[{"start":{"line":190,"column":8},"end":{"line":190,"column":null}},{"start":{},"end":{}}],"line":190},"21":{"loc":{"start":{"line":191,"column":8},"end":{"line":191,"column":null}},"type":"if","locations":[{"start":{"line":191,"column":8},"end":{"line":191,"column":null}},{"start":{},"end":{}}],"line":191},"22":{"loc":{"start":{"line":191,"column":12},"end":{"line":191,"column":40}},"type":"binary-expr","locations":[{"start":{"line":191,"column":12},"end":{"line":191,"column":22}},{"start":{"line":191,"column":22},"end":{"line":191,"column":40}}],"line":191},"23":{"loc":{"start":{"line":193,"column":8},"end":{"line":198,"column":null}},"type":"if","locations":[{"start":{"line":193,"column":8},"end":{"line":198,"column":null}},{"start":{},"end":{}}],"line":193},"24":{"loc":{"start":{"line":223,"column":8},"end":{"line":223,"column":null}},"type":"if","locations":[{"start":{"line":223,"column":8},"end":{"line":223,"column":null}},{"start":{},"end":{}}],"line":223},"25":{"loc":{"start":{"line":224,"column":8},"end":{"line":224,"column":null}},"type":"if","locations":[{"start":{"line":224,"column":8},"end":{"line":224,"column":null}},{"start":{},"end":{}}],"line":224},"26":{"loc":{"start":{"line":224,"column":12},"end":{"line":224,"column":40}},"type":"binary-expr","locations":[{"start":{"line":224,"column":12},"end":{"line":224,"column":22}},{"start":{"line":224,"column":22},"end":{"line":224,"column":40}}],"line":224},"27":{"loc":{"start":{"line":225,"column":8},"end":{"line":230,"column":null}},"type":"if","locations":[{"start":{"line":225,"column":8},"end":{"line":230,"column":null}},{"start":{},"end":{}}],"line":225},"28":{"loc":{"start":{"line":255,"column":21},"end":{"line":255,"column":44}},"type":"binary-expr","locations":[{"start":{"line":255,"column":21},"end":{"line":255,"column":39}},{"start":{"line":255,"column":43},"end":{"line":255,"column":44}}],"line":255},"29":{"loc":{"start":{"line":256,"column":16},"end":{"line":256,"column":null}},"type":"binary-expr","locations":[{"start":{"line":256,"column":16},"end":{"line":256,"column":35}},{"start":{"line":256,"column":39},"end":{"line":256,"column":null}}],"line":256},"30":{"loc":{"start":{"line":261,"column":21},"end":{"line":261,"column":42}},"type":"binary-expr","locations":[{"start":{"line":261,"column":21},"end":{"line":261,"column":37}},{"start":{"line":261,"column":41},"end":{"line":261,"column":42}}],"line":261}},"s":{"0":24,"1":24,"2":24,"3":24,"4":24,"5":1,"6":1,"7":1,"8":1,"9":1,"10":1,"11":1,"12":0,"13":1,"14":6,"15":6,"16":4,"17":4,"18":1,"19":1,"20":6,"21":3,"22":3,"23":1,"24":2,"25":4,"26":4,"27":1,"28":1,"29":1,"30":7,"31":7,"32":1,"33":6,"34":1,"35":5,"36":5,"37":4,"38":2,"39":1,"40":1,"41":2,"42":2,"43":2,"44":1,"45":1,"46":1,"47":3,"48":1,"49":1,"50":1,"51":1,"52":1,"53":1,"54":1,"55":1,"56":1,"57":1,"58":1,"59":1,"60":1,"61":1,"62":1,"63":1,"64":1,"65":1,"66":1,"67":1,"68":1,"69":1,"70":1},"f":{"0":24,"1":1,"2":6,"3":1,"4":7,"5":1,"6":1},"b":{"0":[1,1],"1":[1,0],"2":[1,0],"3":[4,2],"4":[1,3],"5":[3,3],"6":[1,2],"7":[4,3],"8":[6,4],"9":[7],"10":[1,6],"11":[1,5],"12":[6,5],"13":[4,1],"14":[2,2],"15":[1,1],"16":[2,1],"17":[2,0],"18":[1],"19":[1],"20":[1,0],"21":[1,0],"22":[1,1],"23":[1,0],"24":[1,0],"25":[1,0],"26":[1,1],"27":[1,0],"28":[1,0],"29":[1,0],"30":[1,0]},"meta":{"lastBranch":31,"lastFunction":7,"lastStatement":71,"seen":{"f:13:4:13:Infinity":0,"s:14:25:14:46":0,"s:15:25:15:55":1,"s:16:25:16:56":2,"s:17:25:17:53":3,"s:18:25:18:53":4,"f:24:10:24:36":1,"s:38:25:51:Infinity":5,"s:54:8:61:Infinity":6,"b:57:23:57:37:57:41:57:Infinity":0,"b:64:8:78:Infinity:undefined:undefined:undefined:undefined":1,"s:64:8:78:Infinity":7,"s:65:12:77:Infinity":8,"s:66:30:66:Infinity":9,"b:67:16:74:Infinity:undefined:undefined:undefined:undefined":2,"s:67:16:74:Infinity":10,"s:68:20:72:Infinity":11,"s:76:16:76:Infinity":12,"s:80:8:80:Infinity":13,"f:83:10:83:17":2,"s:84:22:84:34":14,"b:87:8:95:Infinity:undefined:undefined:undefined:undefined":3,"s:87:8:95:Infinity":15,"s:88:27:88:Infinity":16,"b:89:12:94:Infinity:undefined:undefined:undefined:undefined":4,"s:89:12:94:Infinity":17,"s:90:16:91:Infinity":18,"s:93:16:93:Infinity":19,"b:97:8:106:Infinity:undefined:undefined:undefined:undefined":5,"s:97:8:106:Infinity":20,"s:98:33:100:Infinity":21,"b:101:12:105:Infinity:103:19:105:Infinity":6,"s:101:12:105:Infinity":22,"s:102:16:102:Infinity":23,"s:104:16:104:Infinity":24,"s:108:8:127:Infinity":25,"s:109:12:123:Infinity":26,"b:112:30:112:43:112:47:112:Infinity":7,"b:116:33:116:49:116:53:116:Infinity":8,"s:125:12:125:Infinity":27,"s:126:12:126:Infinity":28,"f:130:10:130:Infinity":3,"s:139:8:142:Infinity":29,"f:145:10:145:17":4,"b:145:53:145:58":9,"s:146:25:146:Infinity":30,"b:147:8:147:Infinity:undefined:undefined:undefined:undefined":10,"s:147:8:147:Infinity":31,"s:147:23:147:Infinity":32,"b:149:8:151:Infinity:undefined:undefined:undefined:undefined":11,"s:149:8:151:Infinity":33,"b:149:12:149:47:149:47:149:79":12,"s:150:12:150:Infinity":34,"s:153:24:153:Infinity":35,"b:155:8:173:Infinity:undefined:undefined:undefined:undefined":13,"s:155:8:173:Infinity":36,"b:157:12:172:Infinity:162:19:172:Infinity":14,"s:157:12:172:Infinity":37,"b:158:16:160:Infinity:undefined:undefined:undefined:undefined":15,"s:158:16:160:Infinity":38,"b:158:20:158:59:158:59:158:96":16,"s:159:20:159:Infinity":39,"s:161:16:161:39":40,"s:163:16:171:Infinity":41,"b:164:20:166:Infinity:undefined:undefined:undefined:undefined":17,"s:164:20:166:Infinity":42,"s:165:24:165:Infinity":43,"s:167:20:167:Infinity":44,"s:169:20:169:Infinity":45,"s:170:20:170:Infinity":46,"s:175:8:178:Infinity":47,"f:181:10:181:Infinity":5,"b:183:24:183:26":18,"b:184:25:184:26":19,"s:188:27:188:Infinity":48,"b:190:8:190:Infinity:undefined:undefined:undefined:undefined":20,"s:190:8:190:Infinity":49,"s:190:21:190:Infinity":50,"b:191:8:191:Infinity:undefined:undefined:undefined:undefined":21,"s:191:8:191:Infinity":51,"b:191:12:191:22:191:22:191:40":22,"s:191:40:191:Infinity":52,"b:193:8:198:Infinity:undefined:undefined:undefined:undefined":23,"s:193:8:198:Infinity":53,"s:194:12:197:Infinity":54,"s:200:30:213:Infinity":55,"s:215:8:215:Infinity":56,"f:221:10:221:24":6,"s:222:27:222:Infinity":57,"b:223:8:223:Infinity:undefined:undefined:undefined:undefined":24,"s:223:8:223:Infinity":58,"s:223:21:223:Infinity":59,"b:224:8:224:Infinity:undefined:undefined:undefined:undefined":25,"s:224:8:224:Infinity":60,"b:224:12:224:22:224:22:224:40":26,"s:224:40:224:Infinity":61,"b:225:8:230:Infinity:undefined:undefined:undefined:undefined":27,"s:225:8:230:Infinity":62,"s:226:12:229:Infinity":63,"s:232:26:235:Infinity":64,"s:237:24:248:Infinity":65,"s:249:24:249:Infinity":66,"s:251:8:265:Infinity":67,"s:252:24:263:Infinity":68,"b:255:21:255:39:255:43:255:44":28,"b:256:16:256:35:256:39:256:Infinity":29,"b:261:21:261:37:261:41:261:42":30,"s:264:12:264:Infinity":69,"s:267:8:267:Infinity":70}}}
,"/home/runner/work/fundraising-event/fundraising-event/apps/api/src/features/donation/services/payment.service.ts": {"path":"/home/runner/work/fundraising-event/fundraising-event/apps/api/src/features/donation/services/payment.service.ts","statementMap":{"0":{"start":{"line":12,"column":25},"end":{"line":12,"column":53}},"1":{"start":{"line":13,"column":25},"end":{"line":13,"column":53}},"2":{"start":{"line":14,"column":25},"end":{"line":14,"column":67}},"3":{"start":{"line":18,"column":29},"end":{"line":18,"column":null}},"4":{"start":{"line":19,"column":8},"end":{"line":19,"column":null}},"5":{"start":{"line":24,"column":25},"end":{"line":24,"column":null}},"6":{"start":{"line":26,"column":8},"end":{"line":26,"column":null}},"7":{"start":{"line":30,"column":29},"end":{"line":30,"column":null}},"8":{"start":{"line":31,"column":23},"end":{"line":31,"column":null}},"9":{"start":{"line":33,"column":31},"end":{"line":33,"column":null}},"10":{"start":{"line":35,"column":32},"end":{"line":35,"column":99}},"11":{"start":{"line":37,"column":8},"end":{"line":41,"column":null}},"12":{"start":{"line":45,"column":25},"end":{"line":45,"column":null}},"13":{"start":{"line":46,"column":8},"end":{"line":46,"column":null}},"14":{"start":{"line":51,"column":37},"end":{"line":51,"column":null}},"15":{"start":{"line":52,"column":8},"end":{"line":52,"column":null}},"16":{"start":{"line":60,"column":25},"end":{"line":60,"column":null}},"17":{"start":{"line":62,"column":12},"end":{"line":62,"column":null}},"18":{"start":{"line":64,"column":25},"end":{"line":64,"column":100}},"19":{"start":{"line":66,"column":12},"end":{"line":68,"column":null}},"20":{"start":{"line":70,"column":8},"end":{"line":70,"column":null}},"21":{"start":{"line":74,"column":37},"end":{"line":74,"column":null}},"22":{"start":{"line":75,"column":8},"end":{"line":75,"column":null}}},"fnMap":{"0":{"name":"(anonymous_0)","decl":{"start":{"line":11,"column":4},"end":{"line":11,"column":null}},"loc":{"start":{"line":15,"column":6},"end":{"line":15,"column":null}},"line":15},"1":{"name":"(anonymous_1)","decl":{"start":{"line":17,"column":10},"end":{"line":17,"column":24}},"loc":{"start":{"line":17,"column":24},"end":{"line":20,"column":null}},"line":17},"2":{"name":"(anonymous_2)","decl":{"start":{"line":22,"column":18},"end":{"line":22,"column":38}},"loc":{"start":{"line":22,"column":38},"end":{"line":27,"column":null}},"line":22},"3":{"name":"(anonymous_3)","decl":{"start":{"line":29,"column":12},"end":{"line":29,"column":27}},"loc":{"start":{"line":29,"column":42},"end":{"line":42,"column":null}},"line":29},"4":{"name":"(anonymous_4)","decl":{"start":{"line":44,"column":10},"end":{"line":44,"column":47}},"loc":{"start":{"line":44,"column":47},"end":{"line":47,"column":null}},"line":44},"5":{"name":"(anonymous_5)","decl":{"start":{"line":50,"column":10},"end":{"line":50,"column":30}},"loc":{"start":{"line":50,"column":79},"end":{"line":53,"column":null}},"line":50},"6":{"name":"(anonymous_6)","decl":{"start":{"line":55,"column":10},"end":{"line":55,"column":null}},"loc":{"start":{"line":59,"column":6},"end":{"line":71,"column":null}},"line":59},"7":{"name":"(anonymous_7)","decl":{"start":{"line":73,"column":10},"end":{"line":73,"column":25}},"loc":{"start":{"line":73,"column":48},"end":{"line":76,"column":null}},"line":73}},"branchMap":{"0":{"loc":{"start":{"line":26,"column":35},"end":{"line":26,"column":null}},"type":"binary-expr","locations":[{"start":{"line":26,"column":35},"end":{"line":26,"column":47}},{"start":{"line":26,"column":47},"end":{"line":26,"column":null}}],"line":26},"1":{"loc":{"start":{"line":30,"column":29},"end":{"line":30,"column":null}},"type":"binary-expr","locations":[{"start":{"line":30,"column":29},"end":{"line":30,"column":70}},{"start":{"line":30,"column":70},"end":{"line":30,"column":null}}],"line":30},"2":{"loc":{"start":{"line":31,"column":23},"end":{"line":31,"column":null}},"type":"binary-expr","locations":[{"start":{"line":31,"column":23},"end":{"line":31,"column":62}},{"start":{"line":31,"column":62},"end":{"line":31,"column":null}}],"line":31},"3":{"loc":{"start":{"line":33,"column":31},"end":{"line":33,"column":null}},"type":"binary-expr","locations":[{"start":{"line":33,"column":32},"end":{"line":33,"column":88}},{"start":{"line":33,"column":94},"end":{"line":33,"column":null}}],"line":33},"4":{"loc":{"start":{"line":33,"column":32},"end":{"line":33,"column":88}},"type":"cond-expr","locations":[{"start":{"line":33,"column":60},"end":{"line":33,"column":73}},{"start":{"line":33,"column":76},"end":{"line":33,"column":88}}],"line":33},"5":{"loc":{"start":{"line":35,"column":32},"end":{"line":35,"column":99}},"type":"cond-expr","locations":[{"start":{"line":35,"column":60},"end":{"line":35,"column":78}},{"start":{"line":35,"column":81},"end":{"line":35,"column":99}}],"line":35},"6":{"loc":{"start":{"line":46,"column":15},"end":{"line":46,"column":null}},"type":"binary-expr","locations":[{"start":{"line":46,"column":15},"end":{"line":46,"column":55}},{"start":{"line":46,"column":55},"end":{"line":46,"column":null}}],"line":46},"7":{"loc":{"start":{"line":62,"column":12},"end":{"line":62,"column":null}},"type":"binary-expr","locations":[{"start":{"line":62,"column":12},"end":{"line":62,"column":28}},{"start":{"line":62,"column":28},"end":{"line":62,"column":69}},{"start":{"line":62,"column":69},"end":{"line":62,"column":null}}],"line":62},"8":{"loc":{"start":{"line":64,"column":25},"end":{"line":64,"column":100}},"type":"cond-expr","locations":[{"start":{"line":64,"column":61},"end":{"line":64,"column":79}},{"start":{"line":64,"column":82},"end":{"line":64,"column":100}}],"line":64},"9":{"loc":{"start":{"line":66,"column":12},"end":{"line":68,"column":null}},"type":"binary-expr","locations":[{"start":{"line":66,"column":13},"end":{"line":68,"column":60}},{"start":{"line":68,"column":66},"end":{"line":68,"column":null}}],"line":66},"10":{"loc":{"start":{"line":66,"column":13},"end":{"line":68,"column":60}},"type":"cond-expr","locations":[{"start":{"line":67,"column":18},"end":{"line":67,"column":null}},{"start":{"line":68,"column":18},"end":{"line":68,"column":60}}],"line":66}},"s":{"0":15,"1":15,"2":15,"3":2,"4":2,"5":4,"6":4,"7":4,"8":4,"9":4,"10":4,"11":4,"12":2,"13":2,"14":1,"15":1,"16":2,"17":2,"18":2,"19":2,"20":2,"21":1,"22":1},"f":{"0":15,"1":2,"2":4,"3":4,"4":2,"5":1,"6":2,"7":1},"b":{"0":[4,0],"1":[4,0],"2":[4,4],"3":[4,4],"4":[2,2],"5":[2,2],"6":[2,1],"7":[2,0,0],"8":[1,1],"9":[2,2],"10":[1,1]},"meta":{"lastBranch":11,"lastFunction":8,"lastStatement":23,"seen":{"f:11:4:11:Infinity":0,"s:12:25:12:53":0,"s:13:25:13:53":1,"s:14:25:14:67":2,"f:17:10:17:24":1,"s:18:29:18:Infinity":3,"s:19:8:19:Infinity":4,"f:22:18:22:38":2,"s:24:25:24:Infinity":5,"s:26:8:26:Infinity":6,"b:26:35:26:47:26:47:26:Infinity":0,"f:29:12:29:27":3,"s:30:29:30:Infinity":7,"b:30:29:30:70:30:70:30:Infinity":1,"s:31:23:31:Infinity":8,"b:31:23:31:62:31:62:31:Infinity":2,"s:33:31:33:Infinity":9,"b:33:32:33:88:33:94:33:Infinity":3,"b:33:60:33:73:33:76:33:88":4,"s:35:32:35:99":10,"b:35:60:35:78:35:81:35:99":5,"s:37:8:41:Infinity":11,"f:44:10:44:47":4,"s:45:25:45:Infinity":12,"s:46:8:46:Infinity":13,"b:46:15:46:55:46:55:46:Infinity":6,"f:50:10:50:30":5,"s:51:37:51:Infinity":14,"s:52:8:52:Infinity":15,"f:55:10:55:Infinity":6,"s:60:25:60:Infinity":16,"s:62:12:62:Infinity":17,"b:62:12:62:28:62:28:62:69:62:69:62:Infinity":7,"s:64:25:64:100":18,"b:64:61:64:79:64:82:64:100":8,"s:66:12:68:Infinity":19,"b:66:13:68:60:68:66:68:Infinity":9,"b:67:18:67:Infinity:68:18:68:60":10,"s:70:8:70:Infinity":20,"f:73:10:73:25":7,"s:74:37:74:Infinity":21,"s:75:8:75:Infinity":22}}}
,"/home/runner/work/fundraising-event/fundraising-event/apps/api/src/features/donation/services/paypal.service.ts": {"path":"/home/runner/work/fundraising-event/fundraising-event/apps/api/src/features/donation/services/paypal.service.ts","statementMap":{"0":{"start":{"line":15,"column":30},"end":{"line":15,"column":null}},"1":{"start":{"line":18,"column":16},"end":{"line":18,"column":44}},"2":{"start":{"line":19,"column":25},"end":{"line":19,"column":49}},"3":{"start":{"line":23,"column":25},"end":{"line":23,"column":null}},"4":{"start":{"line":24,"column":25},"end":{"line":24,"column":null}},"5":{"start":{"line":26,"column":12},"end":{"line":26,"column":null}},"6":{"start":{"line":28,"column":12},"end":{"line":28,"column":null}},"7":{"start":{"line":30,"column":8},"end":{"line":32,"column":null}},"8":{"start":{"line":31,"column":12},"end":{"line":31,"column":null}},"9":{"start":{"line":34,"column":8},"end":{"line":34,"column":null}},"10":{"start":{"line":38,"column":8},"end":{"line":38,"column":null}},"11":{"start":{"line":42,"column":52},"end":{"line":42,"column":null}},"12":{"start":{"line":43,"column":24},"end":{"line":43,"column":null}},"13":{"start":{"line":45,"column":21},"end":{"line":45,"column":null}},"14":{"start":{"line":46,"column":8},"end":{"line":63,"column":null}},"15":{"start":{"line":47,"column":29},"end":{"line":56,"column":null}},"16":{"start":{"line":59,"column":12},"end":{"line":59,"column":null}},"17":{"start":{"line":61,"column":12},"end":{"line":61,"column":null}},"18":{"start":{"line":62,"column":12},"end":{"line":62,"column":null}},"19":{"start":{"line":75,"column":8},"end":{"line":116,"column":null}},"20":{"start":{"line":76,"column":32},"end":{"line":76,"column":null}},"21":{"start":{"line":77,"column":32},"end":{"line":77,"column":null}},"22":{"start":{"line":78,"column":28},"end":{"line":78,"column":null}},"23":{"start":{"line":82,"column":31},"end":{"line":82,"column":null}},"24":{"start":{"line":84,"column":28},"end":{"line":95,"column":null}},"25":{"start":{"line":97,"column":29},"end":{"line":103,"column":null}},"26":{"start":{"line":106,"column":12},"end":{"line":112,"column":null}},"27":{"start":{"line":114,"column":12},"end":{"line":114,"column":null}},"28":{"start":{"line":115,"column":12},"end":{"line":115,"column":null}},"29":{"start":{"line":125,"column":25},"end":{"line":125,"column":null}},"30":{"start":{"line":126,"column":26},"end":{"line":126,"column":null}},"31":{"start":{"line":128,"column":8},"end":{"line":131,"column":null}},"32":{"start":{"line":129,"column":12},"end":{"line":129,"column":null}},"33":{"start":{"line":130,"column":12},"end":{"line":130,"column":null}},"34":{"start":{"line":133,"column":28},"end":{"line":133,"column":null}},"35":{"start":{"line":134,"column":28},"end":{"line":134,"column":56}},"36":{"start":{"line":135,"column":24},"end":{"line":135,"column":null}},"37":{"start":{"line":136,"column":21},"end":{"line":136,"column":null}},"38":{"start":{"line":138,"column":33},"end":{"line":146,"column":null}},"39":{"start":{"line":148,"column":8},"end":{"line":170,"column":null}},"40":{"start":{"line":149,"column":37},"end":{"line":158,"column":null}},"41":{"start":{"line":162,"column":12},"end":{"line":164,"column":null}},"42":{"start":{"line":163,"colu
[...]
umn":null}}],"line":43},"14":{"loc":{"start":{"line":44,"column":26},"end":{"line":44,"column":null}},"type":"binary-expr","locations":[{"start":{"line":44,"column":26},"end":{"line":44,"column":40}},{"start":{"line":44,"column":44},"end":{"line":44,"column":null}}],"line":44},"15":{"loc":{"start":{"line":45,"column":26},"end":{"line":45,"column":null}},"type":"binary-expr","locations":[{"start":{"line":45,"column":26},"end":{"line":45,"column":46}},{"start":{"line":45,"column":50},"end":{"line":45,"column":null}}],"line":45},"16":{"loc":{"start":{"line":47,"column":28},"end":{"line":47,"column":null}},"type":"binary-expr","locations":[{"start":{"line":47,"column":28},"end":{"line":47,"column":48}},{"start":{"line":47,"column":52},"end":{"line":47,"column":null}}],"line":47},"17":{"loc":{"start":{"line":48,"column":22},"end":{"line":48,"column":null}},"type":"binary-expr","locations":[{"start":{"line":48,"column":22},"end":{"line":48,"column":36}},{"start":{"line":48,"column":40},"end":{"line":48,"column":null}}],"line":48},"18":{"loc":{"start":{"line":52,"column":57},"end":{"line":62,"column":null}},"type":"cond-expr","locations":[{"start":{"line":53,"column":14},"end":{"line":61,"column":null}},{"start":{"line":62,"column":14},"end":{"line":62,"column":null}}],"line":52},"19":{"loc":{"start":{"line":56,"column":31},"end":{"line":56,"column":null}},"type":"binary-expr","locations":[{"start":{"line":56,"column":31},"end":{"line":56,"column":48}},{"start":{"line":56,"column":52},"end":{"line":56,"column":null}}],"line":56},"20":{"loc":{"start":{"line":59,"column":34},"end":{"line":59,"column":null}},"type":"cond-expr","locations":[{"start":{"line":59,"column":53},"end":{"line":59,"column":80}},{"start":{"line":59,"column":80},"end":{"line":59,"column":null}}],"line":59},"21":{"loc":{"start":{"line":77,"column":8},"end":{"line":86,"column":null}},"type":"if","locations":[{"start":{"line":77,"column":8},"end":{"line":86,"column":null}},{"start":{},"end":{}}],"line":77},"22":{"loc":{"start":{"line":79,"column":12},"end":{"line":79,"column":null}},"type":"if","locations":[{"start":{"line":79,"column":12},"end":{"line":79,"column":null}},{"start":{},"end":{}}],"line":79},"23":{"loc":{"start":{"line":79,"column":66},"end":{"line":79,"column":null}},"type":"binary-expr","locations":[{"start":{"line":79,"column":66},"end":{"line":79,"column":77}},{"start":{"line":79,"column":81},"end":{"line":79,"column":null}}],"line":79},"24":{"loc":{"start":{"line":80,"column":12},"end":{"line":80,"column":null}},"type":"if","locations":[{"start":{"line":80,"column":12},"end":{"line":80,"column":null}},{"start":{},"end":{}}],"line":80},"25":{"loc":{"start":{"line":80,"column":59},"end":{"line":80,"column":null}},"type":"binary-expr","locations":[{"start":{"line":80,"column":59},"end":{"line":80,"column":68}},{"start":{"line":80,"column":72},"end":{"line":80,"column":null}}],"line":80},"26":{"loc":{"start":{"line":81,"column":12},"end":{"line":81,"column":null}},"type":"if","locations":[{"start":{"line":81,"column":12},"end":{"line":81,"column":null}},{"start":{},"end":{}}],"line":81},"27":{"loc":{"start":{"line":81,"column":55},"end":{"line":81,"column":null}},"type":"binary-expr","locations":[{"start":{"line":81,"column":55},"end":{"line":81,"column":62}},{"start":{"line":81,"column":66},"end":{"line":81,"column":null}}],"line":81},"28":{"loc":{"start":{"line":82,"column":12},"end":{"line":82,"column":null}},"type":"if","locations":[{"start":{"line":82,"column":12},"end":{"line":82,"column":null}},{"start":{},"end":{}}],"line":82},"29":{"loc":{"start":{"line":82,"column":62},"end":{"line":82,"column":null}},"type":"binary-expr","locations":[{"start":{"line":82,"column":62},"end":{"line":82,"column":76}},{"start":{"line":82,"column":80},"end":{"line":82,"column":null}}],"line":82},"30":{"loc":{"start":{"line":83,"column":12},"end":{"line":83,"column":null}},"type":"if","locations":[{"start":{"line":83,"column":12},"end":{"line":83,"column":null}},{"start":{},"end":{}}],"line":83},"31":{"loc":{"start":{"line":83,"column":59},"end":{"line":83,"column":null}},"type":"binary-expr","locations":[{"start":{"line":83,"column":59},"end":{"line":83,"column":68}},{"start":{"line":83,"column":72},"end":{"line":83,"column":null}}],"line":83},"32":{"loc":{"start":{"line":89,"column":8},"end":{"line":102,"column":null}},"type":"if","locations":[{"start":{"line":89,"column":8},"end":{"line":102,"column":null}},{"start":{},"end":{}}],"line":89},"33":{"loc":{"start":{"line":90,"column":12},"end":{"line":96,"column":null}},"type":"if","locations":[{"start":{"line":90,"column":12},"end":{"line":96,"column":null}},{"start":{},"end":{}}],"line":90},"34":{"loc":{"start":{"line":91,"column":16},"end":{"line":92,"column":null}},"type":"if","locations":[{"start":{"line":91,"column":16},"end":{"line":92,"column":null}},{"start":{},"end":{}}],"line":91},"35":{"loc":{"start":{"line":92,"column":35},"end":{"line":92,"column":null}},"type":"binary-expr","locations":[{"start":{"line":92,"column":35},"end":{"line":92,"column":57}},{"start":{"line":92,"column":61},"end":{"line":92,"column":null}}],"line":92},"36":{"loc":{"start":{"line":97,"column":12},"end":{"line":101,"column":null}},"type":"if","locations":[{"start":{"line":97,"column":12},"end":{"line":101,"column":null}},{"start":{},"end":{}}],"line":97},"37":{"loc":{"start":{"line":105,"column":8},"end":{"line":114,"column":null}},"type":"if","locations":[{"start":{"line":105,"column":8},"end":{"line":114,"column":null}},{"start":{},"end":{}}],"line":105},"38":{"loc":{"start":{"line":107,"column":12},"end":{"line":112,"column":null}},"type":"if","locations":[{"start":{"line":107,"column":12},"end":{"line":112,"column":null}},{"start":{},"end":{}}],"line":107},"39":{"loc":{"start":{"line":108,"column":16},"end":{"line":109,"column":null}},"type":"binary-expr","locations":[{"start":{"line":108,"column":16},"end":{"line":108,"column":null}},{"start":{"line":109,"column":17},"end":{"line":109,"column":36}},{"start":{"line":109,"column":40},"end":{"line":109,"column":81}}],"line":108},"40":{"loc":{"start":{"line":111,"column":39},"end":{"line":111,"column":null}},"type":"binary-expr","locations":[{"start":{"line":111,"column":39},"end":{"line":111,"column":57}},{"start":{"line":111,"column":61},"end":{"line":111,"column":null}}],"line":111},"41":{"loc":{"start":{"line":117,"column":8},"end":{"line":128,"column":null}},"type":"if","locations":[{"start":{"line":117,"column":8},"end":{"line":128,"column":null}},{"start":{},"end":{}}],"line":117},"42":{"loc":{"start":{"line":118,"column":12},"end":{"line":119,"column":null}},"type":"if","locations":[{"start":{"line":118,"column":12},"end":{"line":119,"column":null}},{"start":{},"end":{}}],"line":118},"43":{"loc":{"start":{"line":120,"column":12},"end":{"line":122,"column":null}},"type":"if","locations":[{"start":{"line":120,"column":12},"end":{"line":122,"column":null}},{"start":{},"end":{}}],"line":120},"44":{"loc":{"start":{"line":124,"column":12},"end":{"line":126,"column":null}},"type":"if","locations":[{"start":{"line":124,"column":12},"end":{"line":126,"column":null}},{"start":{},"end":{}}],"line":124},"45":{"loc":{"start":{"line":131,"column":8},"end":{"line":132,"column":null}},"type":"if","locations":[{"start":{"line":131,"column":8},"end":{"line":132,"column":null}},{"start":{},"end":{}}],"line":131},"46":{"loc":{"start":{"line":133,"column":8},"end":{"line":133,"column":null}},"type":"if","locations":[{"start":{"line":133,"column":8},"end":{"line":133,"column":null}},{"start":{},"end":{}}],"line":133},"47":{"loc":{"start":{"line":143,"column":8},"end":{"line":143,"column":null}},"type":"if","locations":[{"start":{"line":143,"column":8},"end":{"line":143,"column":null}},{"start":{},"end":{}}],"line":143},"48":{"loc":{"start":{"line":143,"column":12},"end":{"line":143,"column":47}},"type":"binary-expr","locations":[{"start":{"line":143,"column":12},"end":{"line":143,"column":28}},{"start":{"line":143,"column":28},"end":{"line":143,"column":47}}],"line":143},"49":{"loc":{"start":{"line":144,"column":8},"end":{"line":144,"column":null}},"type":"if","locations":[{"start":{"line":144,"column":8},"end":{"line":144,"column":null}},{"start":{},"end":{}}],"line":144},"50":{"loc":{"start":{"line":144,"column":12},"end":{"line":144,"column":59}},"type":"binary-expr","locations":[{"start":{"line":144,"column":12},"end":{"line":144,"column":39}},{"start":{"line":144,"column":39},"end":{"line":144,"column":59}}],"line":144},"51":{"loc":{"start":{"line":147,"column":12},"end":{"line":154,"column":null}},"type":"if","locations":[{"start":{"line":147,"column":12},"end":{"line":154,"column":null}},{"start":{"line":149,"column":19},"end":{"line":154,"column":null}}],"line":147},"52":{"loc":{"start":{"line":147,"column":16},"end":{"line":147,"column":71}},"type":"binary-expr","locations":[{"start":{"line":147,"column":16},"end":{"line":147,"column":32}},{"start":{"line":147,"column":32},"end":{"line":147,"column":50}},{"start":{"line":147,"column":50},"end":{"line":147,"column":71}}],"line":147},"53":{"loc":{"start":{"line":149,"column":19},"end":{"line":154,"column":null}},"type":"if","locations":[{"start":{"line":149,"column":19},"end":{"line":154,"column":null}},{"start":{"line":152,"column":19},"end":{"line":154,"column":null}}],"line":149},"54":{"loc":{"start":{"line":151,"column":16},"end":{"line":151,"column":null}},"type":"if","locations":[{"start":{"line":151,"column":16},"end":{"line":151,"column":null}},{"start":{},"end":{}}],"line":151},"55":{"loc":{"start":{"line":158,"column":15},"end":{"line":158,"column":72}},"type":"cond-expr","locations":[{"start":{"line":158,"column":49},"end":{"line":158,"column":59}},{"start":{"line":158,"column":59},"end":{"line":158,"column":72}}],"line":158}},"s":{"0":9,"1":9,"2":9,"3":9,"4":9,"5":5,"6":5,"7":4,"8":4,"9":4,"10":4,"11":1,"12":4,"13":0,"14":4,"15":0,"16":4,"17":1,"18":4,"19":5,"20":2,"21":1,"22":1,"23":1,"24":2,"25":1,"26":5,"27":1,"28":1,"29":1,"30":5,"31":0,"32":0,"33":0,"34":0,"35":0,"36":0,"37":5,"38":0,"39":5,"40":0,"41":5,"42":7,"43":0,"44":7,"45":0,"46":7,"47":10,"48":8,"49":0,"50":0,"51":0,"52":8,"53":10,"54":7},"f":{"0":16,"1":16,"2":16,"3":10},"b":{"0":[2,7],"1":[9,5],"2":[4,5],"3":[9,5],"4":[9,8],"5":[9,9],"6":[9,9],"7":[9,9],"8":[1,8],"9":[0,9],"10":[9,9],"11":[9,8],"12":[9,8],"13":[9,9],"14":[9,9],"15":[9,9],"16":[9,9],"17":[9,9],"18":[3,6],"19":[3,3],"20":[1,2],"21":[4,1],"22":[4,0],"23":[4,0],"24":[1,3],"25":[1,0],"26":[0,4],"27":[0,0],"28":[0,4],"29":[0,0],"30":[1,3],"31":[1,1],"32":[2,3],"33":[1,1],"34":[1,0],"35":[1,0],"36":[1,1],"37":[1,4],"38":[1,0],"39":[1,1,0],"40":[1,0],"41":[0,5],"42":[0,0],"43":[0,0],"44":[0,0],"45":[0,5],"46":[0,5],"47":[0,7],"48":[7,7],"49":[0,7],"50":[7,7],"51":[2,8],"52":[10,9,8],"53":[0,8],"54":[0,0],"55":[7,0]},"meta":{"lastBranch":56,"lastFunction":4,"lastStatement":55,"seen":{"f:8:11:8:Infinity":0,"s:14:36:16:Infinity":0,"b:15:14:15:Infinity:16:14:16:Infinity":0,"s:19:56:33:Infinity":1,"b:20:16:20:31:20:35:20:Infinity":1,"b:21:43:21:76:21:76:21:Infinity":2,"b:23:27:23:46:23:50:23:Infinity":3,"b:24:25:24:39:24:43:24:Infinity":4,"b:25:23:25:35:25:39:25:Infinity":5,"b:26:30:26:42:26:46:26:Infinity":6,"b:27:25:27:39:27:43:27:Infinity":7,"b:30:38:30:62:30:62:30:Infinity":8,"b:32:37:32:74:32:74:32:Infinity":9,"s:36:56:49:Infinity":2,"b:38:25:38:38:38:42:38:Infinity":10,"b:39:28:39:49:39:53:39:Infinity":11,"b:41:22:41:34:41:38:41:Infinity":12,"b:43:23:43:34:43:38:43:Infinity":13,"b:44:26:44:40:44:44:44:Infinity":14,"b:45:26:45:46:45:50:45:Infinity":15,"b:47:28:47:48:47:52:47:Infinity":16,"b:48:22:48:36:48:40:48:Infinity":17,"s:52:57:62:Infinity":3,"b:53:14:61:Infinity:62:14:62:Infinity":18,"b:56:31:56:48:56:52:56:Infinity":19,"b:59:53:59:80:59:80:59:Infinity":20,"s:65:8:65:Infinity":4,"f:71:11:71:23":1,"s:72:57:74:Infinity":5,"b:77:8:86:Infinity:undefined:undefined:undefined:undefined":21,"s:77:8:86:Infinity":6,"s:78:22:78:40":7,"b:79:12:79:Infinity:undefined:undefined:undefined:undefined":22,"s:79:12:79:Infinity":8,"s:79:43:79:Infinity":9,"b:79:66:79:77:79:81:79:Infinity":23,"b:80:12:80:Infinity:undefined:undefined:undefined:undefined":24,"s:80:12:80:Infinity":10,"s:80:41:80:Infinity":11,"b:80:59:80:68:80:72:80:Infinity":25,"b:81:12:81:Infinity:undefined:undefined:undefined:undefined":26,"s:81:12:81:Infinity":12,"s:81:39:81:Infinity":13,"b:81:55:81:62:81:66:81:Infinity":27,"b:82:12:82:Infinity:undefined:undefined:undefined:undefined":28,"s:82:12:82:Infinity":14,"s:82:46:82:Infinity":15,"b:82:62:82:76:82:80:82:Infinity":29,"b:83:12:83:Infinity:undefined:undefined:undefined:undefined":30,"s:83:12:83:Infinity":16,"s:83:41:83:Infinity":17,"b:83:59:83:68:83:72:83:Infinity":31,"s:85:12:85:Infinity":18,"b:89:8:102:Infinity:undefined:undefined:undefined:undefined":32,"s:89:8:102:Infinity":19,"b:90:12:96:Infinity:undefined:undefined:undefined:undefined":33,"s:90:12:96:Infinity":20,"b:91:16:92:Infinity:undefined:undefined:undefined:undefined":34,"s:91:16:92:Infinity":21,"s:92:20:92:Infinity":22,"b:92:35:92:57:92:61:92:Infinity":35,"s:93:16:94:Infinity":23,"b:97:12:101:Infinity:undefined:undefined:undefined:undefined":36,"s:97:12:101:Infinity":24,"s:98:16:99:Infinity":25,"b:105:8:114:Infinity:undefined:undefined:undefined:undefined":37,"s:105:8:114:Infinity":26,"b:107:12:112:Infinity:undefined:undefined:undefined:undefined":38,"s:107:12:112:Infinity":27,"b:108:16:108:Infinity:109:17:109:36:109:40:109:81":39,"s:111:16:111:Infinity":28,"b:111:39:111:57:111:61:111:Infinity":40,"s:113:12:113:Infinity":29,"b:117:8:128:Infinity:undefined:undefined:undefined:undefined":41,"s:117:8:128:Infinity":30,"b:118:12:119:Infinity:undefined:undefined:undefined:undefined":42,"s:118:12:119:Infinity":31,"s:119:16:119:Infinity":32,"b:120:12:122:Infinity:undefined:undefined:undefined:undefined":43,"s:120:12:122:Infinity":33,"s:121:16:122:Infinity":34,"b:124:12:126:Infinity:undefined:undefined:undefined:undefined":44,"s:124:12:126:Infinity":35,"s:125:16:126:Infinity":36,"b:131:8:132:Infinity:undefined:undefined:undefined:undefined":45,"s:131:8:132:Infinity":37,"s:132:12:132:Infinity":38,"b:133:8:133:Infinity:undefined:undefined:undefined:undefined":46,"s:133:8:133:Infinity":39,"s:133:30:133:Infinity":40,"s:135:8:135:Infinity":41,"f:142:19:142:39":2,"b:143:8:143:Infinity:undefined:undefined:undefined:undefined":47,"s:143:8:143:Infinity":42,"b:143:12:143:28:143:28:143:47":48,"s:143:47:143:Infinity":43,"b:144:8:144:Infinity:undefined:undefined:undefined:undefined":49,"s:144:8:144:Infinity":44,"b:144:12:144:39:144:39:144:59":50,"s:144:59:144:Infinity":45,"s:146:24:156:Infinity":46,"f:146:51:146:52":3,"b:147:12:154:Infinity:149:19:154:Infinity":51,"s:147:12:154:Infinity":47,"b:147:16:147:32:147:32:147:50:147:50:147:71":52,"b:149:19:154:Infinity:152:19:154:Infinity":53,"s:149:19:154:Infinity":48,"s:150:30:150:Infinity":49,"b:151:16:151:Infinity:undefined:undefined:undefined:undefined":54,"s:151:16:151:Infinity":50,"s:151:45:151:Infinity":51,"s:153:16:153:Infinity":52,"s:155:12:155:Infinity":53,"s:158:8:158:Infinity":54,"b:158:49:158:59:158:59:158:72":55}}}
,"/home/runner/work/fundraising-event/fundraising-event/apps/api/src/features/white-labeling/white-labeling.module.ts": {"path":"/home/runner/work/fundraising-event/fundraising-event/apps/api/src/features/white-labeling/white-labeling.module.ts","statementMap":{},"fnMap":{},"branchMap":{},"s":{},"f":{},"b":{},"meta":{"lastBranch":0,"lastFunction":0,"lastStatement":0,"seen":{}}}
,"/home/runner/work/fundraising-event/fundraising-event/apps/api/src/features/white-labeling/white-labeling.service.ts": {"path":"/home/runner/work/fundraising-event/fundraising-event/apps/api/src/features/white-labeling/white-labeling.service.ts","statementMap":{"0":{"start":{"line":9,"column":24},"end":{"line":9,"column":45}},"1":{"start":{"line":12,"column":23},"end":{"line":12,"column":null}},"2":{"start":{"line":13,"column":25},"end":{"line":13,"column":null}},"3":{"start":{"line":14,"column":8},"end":{"line":14,"column":null}},"4":{"start":{"line":15,"column":8},"end":{"line":15,"column":null}},"5":{"start":{"line":19,"column":22},"end":{"line":19,"column":null}},"6":{"start":{"line":20,"column":8},"end":{"line":20,"column":null}},"7":{"start":{"line":20,"column":20},"end":{"line":20,"column":null}},"8":{"start":{"line":23,"column":31},"end":{"line":23,"column":null}},"9":{"start":{"line":26,"column":30},"end":{"line":26,"column":null}},"10":{"start":{"line":29,"column":23},"end":{"line":32,"column":null}},"11":{"start":{"line":35,"column":8},"end":{"line":38,"column":null}},"12":{"start":{"line":42,"column":24},"end":{"line":42,"column":null}},"13":{"start":{"line":43,"column":8},"end":{"line":53,"column":null}},"14":{"start":{"line":57,"column":24},"end":{"line":57,"column":null}},"15":{"start":{"line":58,"column":8},"end":{"line":68,"column":null}},"16":{"start":{"line":72,"column":8},"end":{"line":90,"column":null}},"17":{"start":{"line":94,"column":8},"end":{"line":96,"column":null}}},"fnMap":{"0":{"name":"(anonymous_0)","decl":{"start":{"line":9,"column":4},"end":{"line":9,"column":16}},"loc":{"start":{"line":9,"column":47},"end":{"line":9,"column":null}},"line":9},"1":{"name":"(anonymous_1)","decl":{"start":{"line":11,"column":10},"end":{"line":11,"column":52}},"loc":{"start":{"line":11,"column":52},"end":{"line":16,"column":null}},"line":11},"2":{"name":"(anonymous_2)","decl":{"start":{"line":18,"column":10},"end":{"line":18,"column":27}},"loc":{"start":{"line":18,"column":98},"end":{"line":39,"column":null}},"line":18},"3":{"name":"(anonymous_3)","decl":{"start":{"line":41,"column":10},"end":{"line":41,"column":31}},"loc":{"start":{"line":41,"column":63},"end":{"line":54,"column":null}},"line":41},"4":{"name":"(anonymous_4)","decl":{"start":{"line":56,"column":10},"end":{"line":56,"column":30}},"loc":{"start":{"line":56,"column":79},"end":{"line":69,"column":null}},"line":56},"5":{"name":"(anonymous_5)","decl":{"start":{"line":71,"column":10},"end":{"line":71,"column":29}},"loc":{"start":{"line":71,"column":46},"end":{"line":91,"column":null}},"line":71},"6":{"name":"(anonymous_6)","decl":{"start":{"line":93,"column":18},"end":{"line":93,"column":28}},"loc":{"start":{"line":93,"column":67},"end":{"line":97,"column":null}},"line":93}},"branchMap":{"0":{"loc":{"start":{"line":13,"column":59},"end":{"line":13,"column":null}},"type":"binary-expr","locations":[{"start":{"line":13,"column":59},"end":{"line":13,"column":70}},{"start":{"line":13,"column":70},"end":{"line":13,"column":null}}],"line":13},"1":{"loc":{"start":{"line":20,"column":8},"end":{"line":20,"column":null}},"type":"if","locations":[{"start":{"line":20,"column":8},"end":{"line":20,"column":null}},{"start":{},"end":{}}],"line":20},"2":{"loc":{"start":{"line":30,"column":12},"end":{"line":30,"column":null}},"type":"binary-expr","locations":[{"start":{"line":30,"column":12},"end":{"line":30,"column":30}},{"start":{"line":30,"column":30},"end":{"line":30,"column":null}}],"line":30}},"s":{"0":12,"1":4,"2":4,"3":4,"4":4,"5":3,"6":3,"7":1,"8":2,"9":2,"10":2,"11":3,"12":1,"13":1,"14":1,"15":1,"16":1,"17":6},"f":{"0":12,"1":4,"2":3,"3":1,"4":1,"5":1,"6":6},"b":{"0":[4,2],"1":[1,2],"2":[2,1]},"meta":{"lastBranch":3,"lastFunction":7,"lastStatement":18,"seen":{"f:9:4:9:16":0,"s:9:24:9:45":0,"f:11:10:11:52":1,"s:12:23:12:Infinity":1,"s:13:25:13:Infinity":2,"b:13:59:13:70:13:70:13:Infinity":0,"s:14:8:14:Infinity":3,"s:15:8:15:Infinity":4,"f:18:10:18:27":2,"s:19:22:19:Infinity":5,"b:20:8:20:Infinity:undefined:undefined:undefined:undefined":1,"s:20:8:20:Infinity":6,"s:20:20:20:Infinity":7,"s:23:31:23:Infinity":8,"s:26:30:26:Infinity":9,"s:29:23:32:Infinity":10,"b:30:12:30:30:30:30:30:Infinity":2,"s:35:8:38:Infinity":11,"f:41:10:41:31":3,"s:42:24:42:Infinity":12,"s:43:8:53:Infinity":13,"f:56:10:56:30":4,"s:57:24:57:Infinity":14,"s:58:8:68:Infinity":15,"f:71:10:71:29":5,"s:72:8:90:Infinity":16,"f:93:18:93:28":6,"s:94:8:96:Infinity":17}}}
}
